[0.454s] DEBUG:colcon:Command line arguments: ['/usr/bin/colcon', 'build', '--symlink-install']
[0.454s] DEBUG:colcon:Parsed command line arguments: Namespace(allow_overriding=[], ament_cmake_args=None, base_paths=['.'], build_base='build', catkin_cmake_args=None, catkin_skip_building_tests=False, cmake_args=None, cmake_clean_cache=False, cmake_clean_first=False, cmake_force_configure=False, cmake_target=None, cmake_target_skip_unavailable=False, continue_on_error=False, event_handlers=None, executor='parallel', ignore_user_meta=False, install_base='install', log_base=None, log_level=None, main=<bound method BuildVerb.main of <colcon_core.verb.build.BuildVerb object at 0x7feca77c2700>>, merge_install=False, metas=['./colcon.meta'], packages_above=None, packages_above_and_dependencies=None, packages_above_depth=None, packages_end=None, packages_ignore=None, packages_ignore_regex=None, packages_select=None, packages_select_build_failed=False, packages_select_by_dep=None, packages_select_regex=None, packages_select_test_failures=False, packages_skip=None, packages_skip_build_finished=False, packages_skip_by_dep=None, packages_skip_regex=None, packages_skip_test_passed=False, packages_skip_up_to=None, packages_start=None, packages_up_to=None, packages_up_to_regex=None, parallel_workers=5, paths=None, symlink_install=True, test_result_base=None, verb_extension=<colcon_core.verb.build.BuildVerb object at 0x7feca77c2700>, verb_name='build', verb_parser=<colcon_defaults.argument_parser.defaults.DefaultArgumentsDecorator object at 0x7feca77c2c40>)
[0.497s] Level 1:colcon.colcon_core.package_discovery:discover_packages(colcon_meta) check parameters
[0.498s] Level 1:colcon.colcon_core.package_discovery:discover_packages(recursive) check parameters
[0.498s] Level 1:colcon.colcon_core.package_discovery:discover_packages(ignore) check parameters
[0.498s] Level 1:colcon.colcon_core.package_discovery:discover_packages(path) check parameters
[0.498s] Level 1:colcon.colcon_core.package_discovery:discover_packages(colcon_meta) discover
[0.498s] Level 1:colcon.colcon_core.package_discovery:discover_packages(recursive) discover
[0.498s] INFO:colcon.colcon_core.package_discovery:Crawling recursively for packages in '/home/jaime/ros2_ws/src'
[0.498s] Level 1:colcon.colcon_core.package_identification:_identify(.) by extensions ['ignore', 'ignore_ament_install']
[0.499s] Level 1:colcon.colcon_core.package_identification:_identify(.) by extension 'ignore'
[0.499s] Level 1:colcon.colcon_core.package_identification:_identify(.) by extension 'ignore_ament_install'
[0.499s] Level 1:colcon.colcon_core.package_identification:_identify(.) by extensions ['colcon_pkg']
[0.499s] Level 1:colcon.colcon_core.package_identification:_identify(.) by extension 'colcon_pkg'
[0.499s] Level 1:colcon.colcon_core.package_identification:_identify(.) by extensions ['colcon_meta']
[0.499s] Level 1:colcon.colcon_core.package_identification:_identify(.) by extension 'colcon_meta'
[0.499s] Level 1:colcon.colcon_core.package_identification:_identify(.) by extensions ['ros']
[0.499s] Level 1:colcon.colcon_core.package_identification:_identify(.) by extension 'ros'
[0.562s] Level 1:colcon.colcon_core.package_identification:_identify(.) by extensions ['cmake', 'python']
[0.563s] Level 1:colcon.colcon_core.package_identification:_identify(.) by extension 'cmake'
[0.563s] Level 1:colcon.colcon_core.package_identification:_identify(.) by extension 'python'
[0.563s] Level 1:colcon.colcon_core.package_identification:_identify(.) by extensions ['python_setup_py']
[0.563s] Level 1:colcon.colcon_core.package_identification:_identify(.) by extension 'python_setup_py'
[0.563s] Level 1:colcon.colcon_core.package_identification:_identify(build) by extensions ['ignore', 'ignore_ament_install']
[0.563s] Level 1:colcon.colcon_core.package_identification:_identify(build) by extension 'ignore'
[0.563s] Level 1:colcon.colcon_core.package_identification:_identify(build) ignored
[0.563s] Level 1:colcon.colcon_core.package_identification:_identify(install) by extensions ['ignore', 'ignore_ament_install']
[0.564s] Level 1:colcon.colcon_core.package_identification:_identify(install) by extension 'ignore'
[0.564s] Level 1:colcon.colcon_core.package_identification:_identify(install) ignored
[0.564s] Level 1:colcon.colcon_core.package_identification:_identify(log) by extensions ['ignore', 'ignore_ament_install']
[0.564s] Level 1:colcon.colcon_core.package_identification:_identify(log) by extension 'ignore'
[0.564s] Level 1:colcon.colcon_core.package_identification:_identify(log) ignored
[0.564s] Level 1:colcon.colcon_core.package_identification:_identify(pkg_entrega1) by extensions ['ignore', 'ignore_ament_install']
[0.564s] Level 1:colcon.colcon_core.package_identification:_identify(pkg_entrega1) by extension 'ignore'
[0.564s] Level 1:colcon.colcon_core.package_identification:_identify(pkg_entrega1) by extension 'ignore_ament_install'
[0.564s] Level 1:colcon.colcon_core.package_identification:_identify(pkg_entrega1) by extensions ['colcon_pkg']
[0.564s] Level 1:colcon.colcon_core.package_identification:_identify(pkg_entrega1) by extension 'colcon_pkg'
[0.564s] Level 1:colcon.colcon_core.package_identification:_identify(pkg_entrega1) by extensions ['colcon_meta']
[0.564s] Level 1:colcon.colcon_core.package_identification:_identify(pkg_entrega1) by extension 'colcon_meta'
[0.564s] Level 1:colcon.colcon_core.package_identification:_identify(pkg_entrega1) by extensions ['ros']
[0.564s] Level 1:colcon.colcon_core.package_identification:_identify(pkg_entrega1) by extension 'ros'
[0.569s] DEBUG:colcon.colcon_core.package_identification:Package 'pkg_entrega1' with type 'ros.ament_python' and name 'pkg_entrega1'
[0.570s] Level 1:colcon.colcon_core.package_identification:_identify(pkg_entrega1_v2) by extensions ['ignore', 'ignore_ament_install']
[0.570s] Level 1:colcon.colcon_core.package_identification:_identify(pkg_entrega1_v2) by extension 'ignore'
[0.570s] Level 1:colcon.colcon_core.package_identification:_identify(pkg_entrega1_v2) by extension 'ignore_ament_install'
[0.570s] Level 1:colcon.colcon_core.package_identification:_identify(pkg_entrega1_v2) by extensions ['colcon_pkg']
[0.570s] Level 1:colcon.colcon_core.package_identification:_identify(pkg_entrega1_v2) by extension 'colcon_pkg'
[0.570s] Level 1:colcon.colcon_core.package_identification:_identify(pkg_entrega1_v2) by extensions ['colcon_meta']
[0.570s] Level 1:colcon.colcon_core.package_identification:_identify(pkg_entrega1_v2) by extension 'colcon_meta'
[0.570s] Level 1:colcon.colcon_core.package_identification:_identify(pkg_entrega1_v2) by extensions ['ros']
[0.570s] Level 1:colcon.colcon_core.package_identification:_identify(pkg_entrega1_v2) by extension 'ros'
[0.572s] DEBUG:colcon.colcon_core.package_identification:Package 'pkg_entrega1_v2' with type 'ros.ament_python' and name 'pkg_entrega1_v2'
[0.572s] Level 1:colcon.colcon_core.package_identification:_identify(pkg_entrega2) by extensions ['ignore', 'ignore_ament_install']
[0.572s] Level 1:colcon.colcon_core.package_identification:_identify(pkg_entrega2) by extension 'ignore'
[0.573s] Level 1:colcon.colcon_core.package_identification:_identify(pkg_entrega2) by extension 'ignore_ament_install'
[0.573s] Level 1:colcon.colcon_core.package_identification:_identify(pkg_entrega2) by extensions ['colcon_pkg']
[0.573s] Level 1:colcon.colcon_core.package_identification:_identify(pkg_entrega2) by extension 'colcon_pkg'
[0.573s] Level 1:colcon.colcon_core.package_identification:_identify(pkg_entrega2) by extensions ['colcon_meta']
[0.573s] Level 1:colcon.colcon_core.package_identification:_identify(pkg_entrega2) by extension 'colcon_meta'
[0.573s] Level 1:colcon.colcon_core.package_identification:_identify(pkg_entrega2) by extensions ['ros']
[0.573s] Level 1:colcon.colcon_core.package_identification:_identify(pkg_entrega2) by extension 'ros'
[0.574s] DEBUG:colcon.colcon_core.package_identification:Package 'pkg_entrega2' with type 'ros.ament_python' and name 'pkg_entrega2'
[0.575s] Level 1:colcon.colcon_core.package_identification:_identify(pkg_entrega2_v_quieta) by extensions ['ignore', 'ignore_ament_install']
[0.575s] Level 1:colcon.colcon_core.package_identification:_identify(pkg_entrega2_v_quieta) by extension 'ignore'
[0.575s] Level 1:colcon.colcon_core.package_identification:_identify(pkg_entrega2_v_quieta) by extension 'ignore_ament_install'
[0.575s] Level 1:colcon.colcon_core.package_identification:_identify(pkg_entrega2_v_quieta) by extensions ['colcon_pkg']
[0.575s] Level 1:colcon.colcon_core.package_identification:_identify(pkg_entrega2_v_quieta) by extension 'colcon_pkg'
[0.575s] Level 1:colcon.colcon_core.package_identification:_identify(pkg_entrega2_v_quieta) by extensions ['colcon_meta']
[0.575s] Level 1:colcon.colcon_core.package_identification:_identify(pkg_entrega2_v_quieta) by extension 'colcon_meta'
[0.575s] Level 1:colcon.colcon_core.package_identification:_identify(pkg_entrega2_v_quieta) by extensions ['ros']
[0.575s] Level 1:colcon.colcon_core.package_identification:_identify(pkg_entrega2_v_quieta) by extension 'ros'
[0.577s] DEBUG:colcon.colcon_core.package_identification:Package 'pkg_entrega2_v_quieta' with type 'ros.ament_python' and name 'pkg_entrega2_v_quieta'
[0.577s] Level 1:colcon.colcon_core.package_discovery:discover_packages(recursive) using defaults
[0.577s] Level 1:colcon.colcon_core.package_discovery:discover_packages(ignore) discover
[0.577s] Level 1:colcon.colcon_core.package_discovery:discover_packages(ignore) using defaults
[0.577s] Level 1:colcon.colcon_core.package_discovery:discover_packages(path) discover
[0.577s] Level 1:colcon.colcon_core.package_discovery:discover_packages(path) using defaults
[0.617s] Level 1:colcon.colcon_core.package_discovery:discover_packages(prefix_path) check parameters
[0.617s] Level 1:colcon.colcon_core.package_discovery:discover_packages(prefix_path) discover
[0.623s] DEBUG:colcon.colcon_installed_package_information.package_discovery:Found 15 installed packages in /home/jaime/turtlebot3_ws/install
[0.625s] DEBUG:colcon.colcon_installed_package_information.package_discovery:Found 4 installed packages in /home/jaime/ros2_ws/install
[0.629s] DEBUG:colcon.colcon_installed_package_information.package_discovery:Found 323 installed packages in /opt/ros/foxy
[0.633s] Level 1:colcon.colcon_core.package_discovery:discover_packages(prefix_path) using defaults
[0.790s] Level 5:colcon.colcon_core.verb:set package 'pkg_entrega1' build argument 'cmake_args' from command line to 'None'
[0.791s] Level 5:colcon.colcon_core.verb:set package 'pkg_entrega1' build argument 'cmake_target' from command line to 'None'
[0.791s] Level 5:colcon.colcon_core.verb:set package 'pkg_entrega1' build argument 'cmake_target_skip_unavailable' from command line to 'False'
[0.791s] Level 5:colcon.colcon_core.verb:set package 'pkg_entrega1' build argument 'cmake_clean_cache' from command line to 'False'
[0.791s] Level 5:colcon.colcon_core.verb:set package 'pkg_entrega1' build argument 'cmake_clean_first' from command line to 'False'
[0.791s] Level 5:colcon.colcon_core.verb:set package 'pkg_entrega1' build argument 'cmake_force_configure' from command line to 'False'
[0.791s] Level 5:colcon.colcon_core.verb:set package 'pkg_entrega1' build argument 'ament_cmake_args' from command line to 'None'
[0.791s] Level 5:colcon.colcon_core.verb:set package 'pkg_entrega1' build argument 'catkin_cmake_args' from command line to 'None'
[0.791s] Level 5:colcon.colcon_core.verb:set package 'pkg_entrega1' build argument 'catkin_skip_building_tests' from command line to 'False'
[0.791s] DEBUG:colcon.colcon_core.verb:Building package 'pkg_entrega1' with the following arguments: {'ament_cmake_args': None, 'build_base': '/home/jaime/ros2_ws/src/build/pkg_entrega1', 'catkin_cmake_args': None, 'catkin_skip_building_tests': False, 'cmake_args': None, 'cmake_clean_cache': False, 'cmake_clean_first': False, 'cmake_force_configure': False, 'cmake_target': None, 'cmake_target_skip_unavailable': False, 'install_base': '/home/jaime/ros2_ws/src/install/pkg_entrega1', 'merge_install': False, 'path': '/home/jaime/ros2_ws/src/pkg_entrega1', 'symlink_install': True, 'test_result_base': None}
[0.793s] Level 5:colcon.colcon_core.verb:set package 'pkg_entrega1_v2' build argument 'cmake_args' from command line to 'None'
[0.794s] Level 5:colcon.colcon_core.verb:set package 'pkg_entrega1_v2' build argument 'cmake_target' from command line to 'None'
[0.794s] Level 5:colcon.colcon_core.verb:set package 'pkg_entrega1_v2' build argument 'cmake_target_skip_unavailable' from command line to 'False'
[0.794s] Level 5:colcon.colcon_core.verb:set package 'pkg_entrega1_v2' build argument 'cmake_clean_cache' from command line to 'False'
[0.794s] Level 5:colcon.colcon_core.verb:set package 'pkg_entrega1_v2' build argument 'cmake_clean_first' from command line to 'False'
[0.794s] Level 5:colcon.colcon_core.verb:set package 'pkg_entrega1_v2' build argument 'cmake_force_configure' from command line to 'False'
[0.794s] Level 5:colcon.colcon_core.verb:set package 'pkg_entrega1_v2' build argument 'ament_cmake_args' from command line to 'None'
[0.794s] Level 5:colcon.colcon_core.verb:set package 'pkg_entrega1_v2' build argument 'catkin_cmake_args' from command line to 'None'
[0.794s] Level 5:colcon.colcon_core.verb:set package 'pkg_entrega1_v2' build argument 'catkin_skip_building_tests' from command line to 'False'
[0.794s] DEBUG:colcon.colcon_core.verb:Building package 'pkg_entrega1_v2' with the following arguments: {'ament_cmake_args': None, 'build_base': '/home/jaime/ros2_ws/src/build/pkg_entrega1_v2', 'catkin_cmake_args': None, 'catkin_skip_building_tests': False, 'cmake_args': None, 'cmake_clean_cache': False, 'cmake_clean_first': False, 'cmake_force_configure': False, 'cmake_target': None, 'cmake_target_skip_unavailable': False, 'install_base': '/home/jaime/ros2_ws/src/install/pkg_entrega1_v2', 'merge_install': False, 'path': '/home/jaime/ros2_ws/src/pkg_entrega1_v2', 'symlink_install': True, 'test_result_base': None}
[0.797s] Level 5:colcon.colcon_core.verb:set package 'pkg_entrega2' build argument 'cmake_args' from command line to 'None'
[0.798s] Level 5:colcon.colcon_core.verb:set package 'pkg_entrega2' build argument 'cmake_target' from command line to 'None'
[0.798s] Level 5:colcon.colcon_core.verb:set package 'pkg_entrega2' build argument 'cmake_target_skip_unavailable' from command line to 'False'
[0.798s] Level 5:colcon.colcon_core.verb:set package 'pkg_entrega2' build argument 'cmake_clean_cache' from command line to 'False'
[0.798s] Level 5:colcon.colcon_core.verb:set package 'pkg_entrega2' build argument 'cmake_clean_first' from command line to 'False'
[0.798s] Level 5:colcon.colcon_core.verb:set package 'pkg_entrega2' build argument 'cmake_force_configure' from command line to 'False'
[0.798s] Level 5:colcon.colcon_core.verb:set package 'pkg_entrega2' build argument 'ament_cmake_args' from command line to 'None'
[0.798s] Level 5:colcon.colcon_core.verb:set package 'pkg_entrega2' build argument 'catkin_cmake_args' from command line to 'None'
[0.798s] Level 5:colcon.colcon_core.verb:set package 'pkg_entrega2' build argument 'catkin_skip_building_tests' from command line to 'False'
[0.798s] DEBUG:colcon.colcon_core.verb:Building package 'pkg_entrega2' with the following arguments: {'ament_cmake_args': None, 'build_base': '/home/jaime/ros2_ws/src/build/pkg_entrega2', 'catkin_cmake_args': None, 'catkin_skip_building_tests': False, 'cmake_args': None, 'cmake_clean_cache': False, 'cmake_clean_first': False, 'cmake_force_configure': False, 'cmake_target': None, 'cmake_target_skip_unavailable': False, 'install_base': '/home/jaime/ros2_ws/src/install/pkg_entrega2', 'merge_install': False, 'path': '/home/jaime/ros2_ws/src/pkg_entrega2', 'symlink_install': True, 'test_result_base': None}
[0.801s] Level 5:colcon.colcon_core.verb:set package 'pkg_entrega2_v_quieta' build argument 'cmake_args' from command line to 'None'
[0.801s] Level 5:colcon.colcon_core.verb:set package 'pkg_entrega2_v_quieta' build argument 'cmake_target' from command line to 'None'
[0.801s] Level 5:colcon.colcon_core.verb:set package 'pkg_entrega2_v_quieta' build argument 'cmake_target_skip_unavailable' from command line to 'False'
[0.801s] Level 5:colcon.colcon_core.verb:set package 'pkg_entrega2_v_quieta' build argument 'cmake_clean_cache' from command line to 'False'
[0.801s] Level 5:colcon.colcon_core.verb:set package 'pkg_entrega2_v_quieta' build argument 'cmake_clean_first' from command line to 'False'
[0.801s] Level 5:colcon.colcon_core.verb:set package 'pkg_entrega2_v_quieta' build argument 'cmake_force_configure' from command line to 'False'
[0.801s] Level 5:colcon.colcon_core.verb:set package 'pkg_entrega2_v_quieta' build argument 'ament_cmake_args' from command line to 'None'
[0.801s] Level 5:colcon.colcon_core.verb:set package 'pkg_entrega2_v_quieta' build argument 'catkin_cmake_args' from command line to 'None'
[0.801s] Level 5:colcon.colcon_core.verb:set package 'pkg_entrega2_v_quieta' build argument 'catkin_skip_building_tests' from command line to 'False'
[0.801s] DEBUG:colcon.colcon_core.verb:Building package 'pkg_entrega2_v_quieta' with the following arguments: {'ament_cmake_args': None, 'build_base': '/home/jaime/ros2_ws/src/build/pkg_entrega2_v_quieta', 'catkin_cmake_args': None, 'catkin_skip_building_tests': False, 'cmake_args': None, 'cmake_clean_cache': False, 'cmake_clean_first': False, 'cmake_force_configure': False, 'cmake_target': None, 'cmake_target_skip_unavailable': False, 'install_base': '/home/jaime/ros2_ws/src/install/pkg_entrega2_v_quieta', 'merge_install': False, 'path': '/home/jaime/ros2_ws/src/pkg_entrega2_v_quieta', 'symlink_install': True, 'test_result_base': None}
[0.804s] INFO:colcon.colcon_core.executor:Executing jobs using 'parallel' executor
[0.812s] DEBUG:colcon.colcon_parallel_executor.executor.parallel:run_until_complete
[0.813s] INFO:colcon.colcon_ros.task.ament_python.build:Building ROS package in '/home/jaime/ros2_ws/src/pkg_entrega1' with build type 'ament_python'
[0.814s] Level 1:colcon.colcon_core.shell:create_environment_hook('pkg_entrega1', 'ament_prefix_path')
[0.832s] INFO:colcon.colcon_core.plugin_system:Skipping extension 'colcon_core.shell.bat': Not used on non-Windows systems
[0.834s] INFO:colcon.colcon_core.shell:Creating environment hook '/home/jaime/ros2_ws/src/install/pkg_entrega1/share/pkg_entrega1/hook/ament_prefix_path.ps1'
[0.837s] INFO:colcon.colcon_core.shell:Creating environment descriptor '/home/jaime/ros2_ws/src/install/pkg_entrega1/share/pkg_entrega1/hook/ament_prefix_path.dsv'
[0.841s] INFO:colcon.colcon_core.shell:Creating environment hook '/home/jaime/ros2_ws/src/install/pkg_entrega1/share/pkg_entrega1/hook/ament_prefix_path.sh'
[0.846s] INFO:colcon.colcon_core.shell:Skip shell extension 'powershell' for command environment: Not usable outside of PowerShell
[0.846s] DEBUG:colcon.colcon_core.shell:Skip shell extension 'dsv' for command environment
[0.873s] INFO:colcon.colcon_ros.task.ament_python.build:Building ROS package in '/home/jaime/ros2_ws/src/pkg_entrega1_v2' with build type 'ament_python'
[0.874s] Level 1:colcon.colcon_core.shell:create_environment_hook('pkg_entrega1_v2', 'ament_prefix_path')
[0.880s] INFO:colcon.colcon_core.shell:Creating environment hook '/home/jaime/ros2_ws/src/install/pkg_entrega1_v2/share/pkg_entrega1_v2/hook/ament_prefix_path.ps1'
[0.883s] INFO:colcon.colcon_core.shell:Creating environment descriptor '/home/jaime/ros2_ws/src/install/pkg_entrega1_v2/share/pkg_entrega1_v2/hook/ament_prefix_path.dsv'
[0.884s] INFO:colcon.colcon_core.shell:Creating environment hook '/home/jaime/ros2_ws/src/install/pkg_entrega1_v2/share/pkg_entrega1_v2/hook/ament_prefix_path.sh'
[0.889s] INFO:colcon.colcon_core.shell:Skip shell extension 'powershell' for command environment: Not usable outside of PowerShell
[0.890s] DEBUG:colcon.colcon_core.shell:Skip shell extension 'dsv' for command environment
[0.910s] INFO:colcon.colcon_ros.task.ament_python.build:Building ROS package in '/home/jaime/ros2_ws/src/pkg_entrega2' with build type 'ament_python'
[0.910s] Level 1:colcon.colcon_core.shell:create_environment_hook('pkg_entrega2', 'ament_prefix_path')
[0.914s] INFO:colcon.colcon_core.shell:Creating environment hook '/home/jaime/ros2_ws/src/install/pkg_entrega2/share/pkg_entrega2/hook/ament_prefix_path.ps1'
[0.925s] INFO:colcon.colcon_core.shell:Creating environment descriptor '/home/jaime/ros2_ws/src/install/pkg_entrega2/share/pkg_entrega2/hook/ament_prefix_path.dsv'
[0.926s] INFO:colcon.colcon_core.shell:Creating environment hook '/home/jaime/ros2_ws/src/install/pkg_entrega2/share/pkg_entrega2/hook/ament_prefix_path.sh'
[0.930s] INFO:colcon.colcon_core.shell:Skip shell extension 'powershell' for command environment: Not usable outside of PowerShell
[0.932s] DEBUG:colcon.colcon_core.shell:Skip shell extension 'dsv' for command environment
[0.955s] INFO:colcon.colcon_ros.task.ament_python.build:Building ROS package in '/home/jaime/ros2_ws/src/pkg_entrega2_v_quieta' with build type 'ament_python'
[0.956s] Level 1:colcon.colcon_core.shell:create_environment_hook('pkg_entrega2_v_quieta', 'ament_prefix_path')
[0.978s] INFO:colcon.colcon_core.shell:Creating environment hook '/home/jaime/ros2_ws/src/install/pkg_entrega2_v_quieta/share/pkg_entrega2_v_quieta/hook/ament_prefix_path.ps1'
[0.982s] INFO:colcon.colcon_core.shell:Creating environment descriptor '/home/jaime/ros2_ws/src/install/pkg_entrega2_v_quieta/share/pkg_entrega2_v_quieta/hook/ament_prefix_path.dsv'
[0.983s] INFO:colcon.colcon_core.shell:Creating environment hook '/home/jaime/ros2_ws/src/install/pkg_entrega2_v_quieta/share/pkg_entrega2_v_quieta/hook/ament_prefix_path.sh'
[0.987s] INFO:colcon.colcon_core.shell:Skip shell extension 'powershell' for command environment: Not usable outside of PowerShell
[0.987s] DEBUG:colcon.colcon_core.shell:Skip shell extension 'dsv' for command environment
[1.516s] INFO:colcon.colcon_core.task.python.build:Building Python package in '/home/jaime/ros2_ws/src/pkg_entrega1'
[1.519s] INFO:colcon.colcon_core.shell:Skip shell extension 'powershell' for command environment: Not usable outside of PowerShell
[1.519s] DEBUG:colcon.colcon_core.shell:Skip shell extension 'dsv' for command environment
[1.946s] INFO:colcon.colcon_core.task.python.build:Building Python package in '/home/jaime/ros2_ws/src/pkg_entrega1_v2'
[1.957s] INFO:colcon.colcon_core.shell:Skip shell extension 'powershell' for command environment: Not usable outside of PowerShell
[1.958s] DEBUG:colcon.colcon_core.shell:Skip shell extension 'dsv' for command environment
[2.469s] INFO:colcon.colcon_core.task.python.build:Building Python package in '/home/jaime/ros2_ws/src/pkg_entrega2'
[2.475s] INFO:colcon.colcon_core.shell:Skip shell extension 'powershell' for command environment: Not usable outside of PowerShell
[2.476s] DEBUG:colcon.colcon_core.shell:Skip shell extension 'dsv' for command environment
[2.933s] INFO:colcon.colcon_core.task.python.build:Building Python package in '/home/jaime/ros2_ws/src/pkg_entrega2_v_quieta'
[2.937s] INFO:colcon.colcon_core.shell:Skip shell extension 'powershell' for command environment: Not usable outside of PowerShell
[2.937s] DEBUG:colcon.colcon_core.shell:Skip shell extension 'dsv' for command environment
[4.075s] DEBUG:colcon.colcon_core.event_handler.log_command:Invoking command in '/home/jaime/ros2_ws/src/build/pkg_entrega2_v_quieta': PYTHONPATH=/home/jaime/ros2_ws/src/build/pkg_entrega2_v_quieta/prefix_override:/home/jaime/ros2_ws/src/install/pkg_entrega2_v_quieta/lib/python3.8/site-packages:${PYTHONPATH} /usr/bin/python3 setup.py develop --editable --build-directory /home/jaime/ros2_ws/src/build/pkg_entrega2_v_quieta/build --no-deps install_data
[4.133s] DEBUG:colcon.colcon_core.event_handler.log_command:Invoking command in '/home/jaime/ros2_ws/src/build/pkg_entrega1_v2': PYTHONPATH=/home/jaime/ros2_ws/src/build/pkg_entrega1_v2/prefix_override:/home/jaime/ros2_ws/src/install/pkg_entrega1_v2/lib/python3.8/site-packages:${PYTHONPATH} /usr/bin/python3 setup.py develop --editable --build-directory /home/jaime/ros2_ws/src/build/pkg_entrega1_v2/build --no-deps install_data
[4.225s] DEBUG:colcon.colcon_core.event_handler.log_command:Invoking command in '/home/jaime/ros2_ws/src/build/pkg_entrega1': PYTHONPATH=/home/jaime/ros2_ws/src/build/pkg_entrega1/prefix_override:/home/jaime/ros2_ws/src/install/pkg_entrega1/lib/python3.8/site-packages:${PYTHONPATH} /usr/bin/python3 setup.py develop --editable --build-directory /home/jaime/ros2_ws/src/build/pkg_entrega1/build --no-deps install_data
[4.565s] DEBUG:colcon.colcon_core.event_handler.log_command:Invoking command in '/home/jaime/ros2_ws/src/build/pkg_entrega2': PYTHONPATH=/home/jaime/ros2_ws/src/build/pkg_entrega2/prefix_override:/home/jaime/ros2_ws/src/install/pkg_entrega2/lib/python3.8/site-packages:${PYTHONPATH} /usr/bin/python3 setup.py develop --editable --build-directory /home/jaime/ros2_ws/src/build/pkg_entrega2/build --no-deps install_data
[5.435s] Level 1:colcon.colcon_core.shell:create_environment_hook('pkg_entrega1_v2', 'pythonpath_develop')
[5.437s] INFO:colcon.colcon_core.shell:Creating environment hook '/home/jaime/ros2_ws/src/build/pkg_entrega1_v2/share/pkg_entrega1_v2/hook/pythonpath_develop.ps1'
[5.441s] DEBUG:colcon.colcon_core.event_handler.log_command:Invoked command in '/home/jaime/ros2_ws/src/build/pkg_entrega1_v2' returned '0': PYTHONPATH=/home/jaime/ros2_ws/src/build/pkg_entrega1_v2/prefix_override:/home/jaime/ros2_ws/src/install/pkg_entrega1_v2/lib/python3.8/site-packages:${PYTHONPATH} /usr/bin/python3 setup.py develop --editable --build-directory /home/jaime/ros2_ws/src/build/pkg_entrega1_v2/build --no-deps install_data
[5.443s] INFO:colcon.colcon_core.shell:Creating environment descriptor '/home/jaime/ros2_ws/src/build/pkg_entrega1_v2/share/pkg_entrega1_v2/hook/pythonpath_develop.dsv'
[5.444s] INFO:colcon.colcon_core.shell:Creating environment hook '/home/jaime/ros2_ws/src/build/pkg_entrega1_v2/share/pkg_entrega1_v2/hook/pythonpath_develop.sh'
[5.454s] Level 1:colcon.colcon_core.environment:checking '/home/jaime/ros2_ws/src/install/pkg_entrega1_v2' for CMake module files
[5.455s] Level 1:colcon.colcon_core.environment:checking '/home/jaime/ros2_ws/src/install/pkg_entrega1_v2' for CMake config files
[5.456s] Level 1:colcon.colcon_core.environment:checking '/home/jaime/ros2_ws/src/install/pkg_entrega1_v2/lib'
[5.456s] Level 1:colcon.colcon_core.environment:checking '/home/jaime/ros2_ws/src/install/pkg_entrega1_v2/bin'
[5.457s] Level 1:colcon.colcon_core.environment:checking '/home/jaime/ros2_ws/src/install/pkg_entrega1_v2/lib/pkgconfig/pkg_entrega1_v2.pc'
[5.463s] Level 1:colcon.colcon_core.environment:checking '/home/jaime/ros2_ws/src/install/pkg_entrega1_v2/lib/python3.8/site-packages'
[5.464s] Level 1:colcon.colcon_core.shell:create_environment_hook('pkg_entrega1_v2', 'pythonpath')
[5.466s] INFO:colcon.colcon_core.shell:Creating environment hook '/home/jaime/ros2_ws/src/install/pkg_entrega1_v2/share/pkg_entrega1_v2/hook/pythonpath.ps1'
[5.468s] INFO:colcon.colcon_core.shell:Creating environment descriptor '/home/jaime/ros2_ws/src/install/pkg_entrega1_v2/share/pkg_entrega1_v2/hook/pythonpath.dsv'
[5.470s] INFO:colcon.colcon_core.shell:Creating environment hook '/home/jaime/ros2_ws/src/install/pkg_entrega1_v2/share/pkg_entrega1_v2/hook/pythonpath.sh'
[5.472s] Level 1:colcon.colcon_core.environment:checking '/home/jaime/ros2_ws/src/install/pkg_entrega1_v2/bin'
[5.472s] Level 1:colcon.colcon_core.environment:create_environment_scripts_only(pkg_entrega1_v2)
[5.475s] INFO:colcon.colcon_core.shell:Creating package script '/home/jaime/ros2_ws/src/install/pkg_entrega1_v2/share/pkg_entrega1_v2/package.ps1'
[5.486s] INFO:colcon.colcon_core.shell:Creating package descriptor '/home/jaime/ros2_ws/src/install/pkg_entrega1_v2/share/pkg_entrega1_v2/package.dsv'
[5.491s] INFO:colcon.colcon_core.shell:Creating package script '/home/jaime/ros2_ws/src/install/pkg_entrega1_v2/share/pkg_entrega1_v2/package.sh'
[5.493s] INFO:colcon.colcon_core.shell:Creating package script '/home/jaime/ros2_ws/src/install/pkg_entrega1_v2/share/pkg_entrega1_v2/package.bash'
[5.496s] INFO:colcon.colcon_core.shell:Creating package script '/home/jaime/ros2_ws/src/install/pkg_entrega1_v2/share/pkg_entrega1_v2/package.zsh'
[5.499s] Level 1:colcon.colcon_core.environment:create_file_with_runtime_dependencies(/home/jaime/ros2_ws/src/install/pkg_entrega1_v2/share/colcon-core/packages/pkg_entrega1_v2)
[5.506s] Level 1:colcon.colcon_core.shell:create_environment_hook('pkg_entrega2_v_quieta', 'pythonpath_develop')
[5.507s] DEBUG:colcon.colcon_core.event_handler.log_command:Invoked command in '/home/jaime/ros2_ws/src/build/pkg_entrega2_v_quieta' returned '0': PYTHONPATH=/home/jaime/ros2_ws/src/build/pkg_entrega2_v_quieta/prefix_override:/home/jaime/ros2_ws/src/install/pkg_entrega2_v_quieta/lib/python3.8/site-packages:${PYTHONPATH} /usr/bin/python3 setup.py develop --editable --build-directory /home/jaime/ros2_ws/src/build/pkg_entrega2_v_quieta/build --no-deps install_data
[5.509s] INFO:colcon.colcon_core.shell:Creating environment hook '/home/jaime/ros2_ws/src/build/pkg_entrega2_v_quieta/share/pkg_entrega2_v_quieta/hook/pythonpath_develop.ps1'
[5.514s] INFO:colcon.colcon_core.shell:Creating environment descriptor '/home/jaime/ros2_ws/src/build/pkg_entrega2_v_quieta/share/pkg_entrega2_v_quieta/hook/pythonpath_develop.dsv'
[5.516s] INFO:colcon.colcon_core.shell:Creating environment hook '/home/jaime/ros2_ws/src/build/pkg_entrega2_v_quieta/share/pkg_entrega2_v_quieta/hook/pythonpath_develop.sh'
[5.523s] Level 1:colcon.colcon_core.environment:checking '/home/jaime/ros2_ws/src/install/pkg_entrega2_v_quieta' for CMake module files
[5.524s] Level 1:colcon.colcon_core.environment:checking '/home/jaime/ros2_ws/src/install/pkg_entrega2_v_quieta' for CMake config files
[5.525s] Level 1:colcon.colcon_core.environment:checking '/home/jaime/ros2_ws/src/install/pkg_entrega2_v_quieta/lib'
[5.525s] Level 1:colcon.colcon_core.environment:checking '/home/jaime/ros2_ws/src/install/pkg_entrega2_v_quieta/bin'
[5.525s] Level 1:colcon.colcon_core.environment:checking '/home/jaime/ros2_ws/src/install/pkg_entrega2_v_quieta/lib/pkgconfig/pkg_entrega2_v_quieta.pc'
[5.526s] Level 1:colcon.colcon_core.environment:checking '/home/jaime/ros2_ws/src/install/pkg_entrega2_v_quieta/lib/python3.8/site-packages'
[5.526s] Level 1:colcon.colcon_core.shell:create_environment_hook('pkg_entrega2_v_quieta', 'pythonpath')
[5.529s] INFO:colcon.colcon_core.shell:Creating environment hook '/home/jaime/ros2_ws/src/install/pkg_entrega2_v_quieta/share/pkg_entrega2_v_quieta/hook/pythonpath.ps1'
[5.531s] INFO:colcon.colcon_core.shell:Creating environment descriptor '/home/jaime/ros2_ws/src/install/pkg_entrega2_v_quieta/share/pkg_entrega2_v_quieta/hook/pythonpath.dsv'
[5.533s] INFO:colcon.colcon_core.shell:Creating environment hook '/home/jaime/ros2_ws/src/install/pkg_entrega2_v_quieta/share/pkg_entrega2_v_quieta/hook/pythonpath.sh'
[5.537s] Level 1:colcon.colcon_core.environment:checking '/home/jaime/ros2_ws/src/install/pkg_entrega2_v_quieta/bin'
[5.537s] Level 1:colcon.colcon_core.environment:create_environment_scripts_only(pkg_entrega2_v_quieta)
[5.540s] INFO:colcon.colcon_core.shell:Creating package script '/home/jaime/ros2_ws/src/install/pkg_entrega2_v_quieta/share/pkg_entrega2_v_quieta/package.ps1'
[5.543s] INFO:colcon.colcon_core.shell:Creating package descriptor '/home/jaime/ros2_ws/src/install/pkg_entrega2_v_quieta/share/pkg_entrega2_v_quieta/package.dsv'
[5.545s] INFO:colcon.colcon_core.shell:Creating package script '/home/jaime/ros2_ws/src/install/pkg_entrega2_v_quieta/share/pkg_entrega2_v_quieta/package.sh'
[5.547s] INFO:colcon.colcon_core.shell:Creating package script '/home/jaime/ros2_ws/src/install/pkg_entrega2_v_quieta/share/pkg_entrega2_v_quieta/package.bash'
[5.549s] INFO:colcon.colcon_core.shell:Creating package script '/home/jaime/ros2_ws/src/install/pkg_entrega2_v_quieta/share/pkg_entrega2_v_quieta/package.zsh'
[5.551s] Level 1:colcon.colcon_core.environment:create_file_with_runtime_dependencies(/home/jaime/ros2_ws/src/install/pkg_entrega2_v_quieta/share/colcon-core/packages/pkg_entrega2_v_quieta)
[5.563s] Level 1:colcon.colcon_core.shell:create_environment_hook('pkg_entrega1', 'pythonpath_develop')
[5.565s] DEBUG:colcon.colcon_core.event_handler.log_command:Invoked command in '/home/jaime/ros2_ws/src/build/pkg_entrega1' returned '0': PYTHONPATH=/home/jaime/ros2_ws/src/build/pkg_entrega1/prefix_override:/home/jaime/ros2_ws/src/install/pkg_entrega1/lib/python3.8/site-packages:${PYTHONPATH} /usr/bin/python3 setup.py develop --editable --build-directory /home/jaime/ros2_ws/src/build/pkg_entrega1/build --no-deps install_data
[5.568s] INFO:colcon.colcon_core.shell:Creating environment hook '/home/jaime/ros2_ws/src/build/pkg_entrega1/share/pkg_entrega1/hook/pythonpath_develop.ps1'
[5.570s] INFO:colcon.colcon_core.shell:Creating environment descriptor '/home/jaime/ros2_ws/src/build/pkg_entrega1/share/pkg_entrega1/hook/pythonpath_develop.dsv'
[5.571s] INFO:colcon.colcon_core.shell:Creating environment hook '/home/jaime/ros2_ws/src/build/pkg_entrega1/share/pkg_entrega1/hook/pythonpath_develop.sh'
[5.576s] Level 1:colcon.colcon_core.environment:checking '/home/jaime/ros2_ws/src/install/pkg_entrega1' for CMake module files
[5.580s] Level 1:colcon.colcon_core.environment:checking '/home/jaime/ros2_ws/src/install/pkg_entrega1' for CMake config files
[5.581s] Level 1:colcon.colcon_core.environment:checking '/home/jaime/ros2_ws/src/install/pkg_entrega1/lib'
[5.581s] Level 1:colcon.colcon_core.environment:checking '/home/jaime/ros2_ws/src/install/pkg_entrega1/bin'
[5.582s] Level 1:colcon.colcon_core.environment:checking '/home/jaime/ros2_ws/src/install/pkg_entrega1/lib/pkgconfig/pkg_entrega1.pc'
[5.582s] Level 1:colcon.colcon_core.environment:checking '/home/jaime/ros2_ws/src/install/pkg_entrega1/lib/python3.8/site-packages'
[5.583s] Level 1:colcon.colcon_core.shell:create_environment_hook('pkg_entrega1', 'pythonpath')
[5.585s] INFO:colcon.colcon_core.shell:Creating environment hook '/home/jaime/ros2_ws/src/install/pkg_entrega1/share/pkg_entrega1/hook/pythonpath.ps1'
[5.587s] INFO:colcon.colcon_core.shell:Creating environment descriptor '/home/jaime/ros2_ws/src/install/pkg_entrega1/share/pkg_entrega1/hook/pythonpath.dsv'
[5.589s] INFO:colcon.colcon_core.shell:Creating environment hook '/home/jaime/ros2_ws/src/install/pkg_entrega1/share/pkg_entrega1/hook/pythonpath.sh'
[5.593s] Level 1:colcon.colcon_core.environment:checking '/home/jaime/ros2_ws/src/install/pkg_entrega1/bin'
[5.594s] Level 1:colcon.colcon_core.environment:create_environment_scripts_only(pkg_entrega1)
[5.598s] INFO:colcon.colcon_core.shell:Creating package script '/home/jaime/ros2_ws/src/install/pkg_entrega1/share/pkg_entrega1/package.ps1'
[5.603s] INFO:colcon.colcon_core.shell:Creating package descriptor '/home/jaime/ros2_ws/src/install/pkg_entrega1/share/pkg_entrega1/package.dsv'
[5.618s] INFO:colcon.colcon_core.shell:Creating package script '/home/jaime/ros2_ws/src/install/pkg_entrega1/share/pkg_entrega1/package.sh'
[5.619s] INFO:colcon.colcon_core.shell:Creating package script '/home/jaime/ros2_ws/src/install/pkg_entrega1/share/pkg_entrega1/package.bash'
[5.621s] INFO:colcon.colcon_core.shell:Creating package script '/home/jaime/ros2_ws/src/install/pkg_entrega1/share/pkg_entrega1/package.zsh'
[5.622s] Level 1:colcon.colcon_core.environment:create_file_with_runtime_dependencies(/home/jaime/ros2_ws/src/install/pkg_entrega1/share/colcon-core/packages/pkg_entrega1)
[5.729s] Level 1:colcon.colcon_core.shell:create_environment_hook('pkg_entrega2', 'pythonpath_develop')
[5.732s] INFO:colcon.colcon_core.shell:Creating environment hook '/home/jaime/ros2_ws/src/build/pkg_entrega2/share/pkg_entrega2/hook/pythonpath_develop.ps1'
[5.733s] INFO:colcon.colcon_core.shell:Creating environment descriptor '/home/jaime/ros2_ws/src/build/pkg_entrega2/share/pkg_entrega2/hook/pythonpath_develop.dsv'
[5.734s] DEBUG:colcon.colcon_core.event_handler.log_command:Invoked command in '/home/jaime/ros2_ws/src/build/pkg_entrega2' returned '0': PYTHONPATH=/home/jaime/ros2_ws/src/build/pkg_entrega2/prefix_override:/home/jaime/ros2_ws/src/install/pkg_entrega2/lib/python3.8/site-packages:${PYTHONPATH} /usr/bin/python3 setup.py develop --editable --build-directory /home/jaime/ros2_ws/src/build/pkg_entrega2/build --no-deps install_data
[5.735s] INFO:colcon.colcon_core.shell:Creating environment hook '/home/jaime/ros2_ws/src/build/pkg_entrega2/share/pkg_entrega2/hook/pythonpath_develop.sh'
[5.739s] Level 1:colcon.colcon_core.environment:checking '/home/jaime/ros2_ws/src/install/pkg_entrega2' for CMake module files
[5.740s] Level 1:colcon.colcon_core.environment:checking '/home/jaime/ros2_ws/src/install/pkg_entrega2' for CMake config files
[5.741s] Level 1:colcon.colcon_core.environment:checking '/home/jaime/ros2_ws/src/install/pkg_entrega2/lib'
[5.741s] Level 1:colcon.colcon_core.environment:checking '/home/jaime/ros2_ws/src/install/pkg_entrega2/bin'
[5.741s] Level 1:colcon.colcon_core.environment:checking '/home/jaime/ros2_ws/src/install/pkg_entrega2/lib/pkgconfig/pkg_entrega2.pc'
[5.741s] Level 1:colcon.colcon_core.environment:checking '/home/jaime/ros2_ws/src/install/pkg_entrega2/lib/python3.8/site-packages'
[5.741s] Level 1:colcon.colcon_core.shell:create_environment_hook('pkg_entrega2', 'pythonpath')
[5.744s] INFO:colcon.colcon_core.shell:Creating environment hook '/home/jaime/ros2_ws/src/install/pkg_entrega2/share/pkg_entrega2/hook/pythonpath.ps1'
[5.745s] INFO:colcon.colcon_core.shell:Creating environment descriptor '/home/jaime/ros2_ws/src/install/pkg_entrega2/share/pkg_entrega2/hook/pythonpath.dsv'
[5.749s] INFO:colcon.colcon_core.shell:Creating environment hook '/home/jaime/ros2_ws/src/install/pkg_entrega2/share/pkg_entrega2/hook/pythonpath.sh'
[5.751s] Level 1:colcon.colcon_core.environment:checking '/home/jaime/ros2_ws/src/install/pkg_entrega2/bin'
[5.752s] Level 1:colcon.colcon_core.environment:create_environment_scripts_only(pkg_entrega2)
[5.755s] INFO:colcon.colcon_core.shell:Creating package script '/home/jaime/ros2_ws/src/install/pkg_entrega2/share/pkg_entrega2/package.ps1'
[5.756s] INFO:colcon.colcon_core.shell:Creating package descriptor '/home/jaime/ros2_ws/src/install/pkg_entrega2/share/pkg_entrega2/package.dsv'
[5.757s] INFO:colcon.colcon_core.shell:Creating package script '/home/jaime/ros2_ws/src/install/pkg_entrega2/share/pkg_entrega2/package.sh'
[5.758s] INFO:colcon.colcon_core.shell:Creating package script '/home/jaime/ros2_ws/src/install/pkg_entrega2/share/pkg_entrega2/package.bash'
[5.759s] INFO:colcon.colcon_core.shell:Creating package script '/home/jaime/ros2_ws/src/install/pkg_entrega2/share/pkg_entrega2/package.zsh'
[5.760s] Level 1:colcon.colcon_core.environment:create_file_with_runtime_dependencies(/home/jaime/ros2_ws/src/install/pkg_entrega2/share/colcon-core/packages/pkg_entrega2)
[5.762s] DEBUG:colcon.colcon_parallel_executor.executor.parallel:closing loop
[5.762s] DEBUG:colcon.colcon_parallel_executor.executor.parallel:loop closed
[5.762s] DEBUG:colcon.colcon_parallel_executor.executor.parallel:run_until_complete finished with '0'
[5.762s] DEBUG:colcon.colcon_core.event_reactor:joining thread
[5.779s] INFO:colcon.colcon_core.plugin_system:Skipping extension 'colcon_notification.desktop_notification.terminal_notifier': Not used on non-Darwin systems
[5.780s] INFO:colcon.colcon_core.plugin_system:Skipping extension 'colcon_notification.desktop_notification.win32': Not used on non-Windows systems
[5.780s] INFO:colcon.colcon_notification.desktop_notification:Sending desktop notification using 'notify2'
[5.824s] DEBUG:colcon.colcon_core.event_reactor:joined thread
[5.827s] INFO:colcon.colcon_core.shell:Creating prefix script '/home/jaime/ros2_ws/src/install/local_setup.ps1'
[5.829s] INFO:colcon.colcon_core.shell:Creating prefix util module '/home/jaime/ros2_ws/src/install/_local_setup_util_ps1.py'
[5.831s] INFO:colcon.colcon_core.shell:Creating prefix chain script '/home/jaime/ros2_ws/src/install/setup.ps1'
[5.835s] INFO:colcon.colcon_core.shell:Creating prefix script '/home/jaime/ros2_ws/src/install/local_setup.sh'
[5.836s] INFO:colcon.colcon_core.shell:Creating prefix util module '/home/jaime/ros2_ws/src/install/_local_setup_util_sh.py'
[5.837s] INFO:colcon.colcon_core.shell:Creating prefix chain script '/home/jaime/ros2_ws/src/install/setup.sh'
[5.840s] INFO:colcon.colcon_core.shell:Creating prefix script '/home/jaime/ros2_ws/src/install/local_setup.bash'
[5.841s] INFO:colcon.colcon_core.shell:Creating prefix chain script '/home/jaime/ros2_ws/src/install/setup.bash'
[5.844s] INFO:colcon.colcon_core.shell:Creating prefix script '/home/jaime/ros2_ws/src/install/local_setup.zsh'
[5.845s] INFO:colcon.colcon_core.shell:Creating prefix chain script '/home/jaime/ros2_ws/src/install/setup.zsh'
