[3.843s] Invoking command in '/home/jaime/ros2_ws/src/build/control_turtlebot': PYTHONPATH=/home/jaime/ros2_ws/src/build/control_turtlebot/prefix_override:/home/jaime/ros2_ws/src/install/control_turtlebot/lib/python3.8/site-packages:${PYTHONPATH} /usr/bin/python3 setup.py develop --editable --build-directory /home/jaime/ros2_ws/src/build/control_turtlebot/build --no-deps install_data
[4.443s] running develop
[4.805s] running egg_info
[4.806s] writing control_turtlebot.egg-info/PKG-INFO
[4.808s] writing dependency_links to control_turtlebot.egg-info/dependency_links.txt
[4.808s] writing entry points to control_turtlebot.egg-info/entry_points.txt
[4.809s] writing requirements to control_turtlebot.egg-info/requires.txt
[4.810s] writing top-level names to control_turtlebot.egg-info/top_level.txt
[4.904s] reading manifest file 'control_turtlebot.egg-info/SOURCES.txt'
[4.908s] writing manifest file 'control_turtlebot.egg-info/SOURCES.txt'
[5.036s] running build_ext
[5.078s] Creating /home/jaime/ros2_ws/src/install/control_turtlebot/lib/python3.8/site-packages/control-turtlebot.egg-link (link to .)
[5.078s] Installing nodo_publicador script to /home/jaime/ros2_ws/src/install/control_turtlebot/lib/control_turtlebot
[5.078s] Installing nodo_publicador_difuso script to /home/jaime/ros2_ws/src/install/control_turtlebot/lib/control_turtlebot
[5.079s] Installing nodo_publicador_difuso_v2 script to /home/jaime/ros2_ws/src/install/control_turtlebot/lib/control_turtlebot
[5.079s] Installing nodo_publicador_domingo script to /home/jaime/ros2_ws/src/install/control_turtlebot/lib/control_turtlebot
[5.079s] Installing nodo_publicador_profe_no_tocar script to /home/jaime/ros2_ws/src/install/control_turtlebot/lib/control_turtlebot
[5.079s] Installing nodo_publicador_viernes script to /home/jaime/ros2_ws/src/install/control_turtlebot/lib/control_turtlebot
[5.079s] 
[5.079s] Installed /home/jaime/ros2_ws/src/build/control_turtlebot
[5.079s] running install_data
[5.289s] Invoked command in '/home/jaime/ros2_ws/src/build/control_turtlebot' returned '0': PYTHONPATH=/home/jaime/ros2_ws/src/build/control_turtlebot/prefix_override:/home/jaime/ros2_ws/src/install/control_turtlebot/lib/python3.8/site-packages:${PYTHONPATH} /usr/bin/python3 setup.py develop --editable --build-directory /home/jaime/ros2_ws/src/build/control_turtlebot/build --no-deps install_data
