running develop
running egg_info
creating control_turtlebot.egg-info
writing control_turtlebot.egg-info/PKG-INFO
writing dependency_links to control_turtlebot.egg-info/dependency_links.txt
writing entry points to control_turtlebot.egg-info/entry_points.txt
writing requirements to control_turtlebot.egg-info/requires.txt
writing top-level names to control_turtlebot.egg-info/top_level.txt
writing manifest file 'control_turtlebot.egg-info/SOURCES.txt'
reading manifest file 'control_turtlebot.egg-info/SOURCES.txt'
writing manifest file 'control_turtlebot.egg-info/SOURCES.txt'
running build_ext
Creating /home/jaime/ros2_ws/src/install/control_turtlebot/lib/python3.8/site-packages/site.py
Creating /home/jaime/ros2_ws/src/install/control_turtlebot/lib/python3.8/site-packages/control-turtlebot.egg-link (link to .)
Installing nodo_publicador script to /home/jaime/ros2_ws/src/install/control_turtlebot/lib/control_turtlebot
Installing nodo_publicador_profe_no_tocar script to /home/jaime/ros2_ws/src/install/control_turtlebot/lib/control_turtlebot
Installing nodo_publicador_viernes script to /home/jaime/ros2_ws/src/install/control_turtlebot/lib/control_turtlebot

Installed /home/jaime/ros2_ws/src/build/control_turtlebot
running install_data
creating /home/jaime/ros2_ws/src/install/control_turtlebot/share/ament_index
creating /home/jaime/ros2_ws/src/install/control_turtlebot/share/ament_index/resource_index
creating /home/jaime/ros2_ws/src/install/control_turtlebot/share/ament_index/resource_index/packages
copying resource/control_turtlebot -> /home/jaime/ros2_ws/src/install/control_turtlebot/share/ament_index/resource_index/packages
copying package.xml -> /home/jaime/ros2_ws/src/install/control_turtlebot/share/control_turtlebot
