[4.335s] Invoking command in '/home/jaime/ros2_ws/src/build/control_turtlebot': PYTHONPATH=/home/jaime/ros2_ws/src/build/control_turtlebot/prefix_override:/home/jaime/ros2_ws/src/install/control_turtlebot/lib/python3.8/site-packages:${PYTHONPATH} /usr/bin/python3 setup.py develop --editable --build-directory /home/jaime/ros2_ws/src/build/control_turtlebot/build --no-deps install_data
[5.130s] running develop
[5.353s] running egg_info
[5.354s] creating control_turtlebot.egg-info
[5.356s] writing control_turtlebot.egg-info/PKG-INFO
[5.358s] writing dependency_links to control_turtlebot.egg-info/dependency_links.txt
[5.364s] writing entry points to control_turtlebot.egg-info/entry_points.txt
[5.365s] writing requirements to control_turtlebot.egg-info/requires.txt
[5.366s] writing top-level names to control_turtlebot.egg-info/top_level.txt
[5.378s] writing manifest file 'control_turtlebot.egg-info/SOURCES.txt'
[5.489s] reading manifest file 'control_turtlebot.egg-info/SOURCES.txt'
[5.492s] writing manifest file 'control_turtlebot.egg-info/SOURCES.txt'
[5.619s] running build_ext
[5.620s] Creating /home/jaime/ros2_ws/src/install/control_turtlebot/lib/python3.8/site-packages/site.py
[5.621s] Creating /home/jaime/ros2_ws/src/install/control_turtlebot/lib/python3.8/site-packages/control-turtlebot.egg-link (link to .)
[5.621s] Installing nodo_publicador script to /home/jaime/ros2_ws/src/install/control_turtlebot/lib/control_turtlebot
[5.622s] Installing nodo_publicador_profe_no_tocar script to /home/jaime/ros2_ws/src/install/control_turtlebot/lib/control_turtlebot
[5.623s] Installing nodo_publicador_viernes script to /home/jaime/ros2_ws/src/install/control_turtlebot/lib/control_turtlebot
[5.625s] 
[5.626s] Installed /home/jaime/ros2_ws/src/build/control_turtlebot
[5.626s] running install_data
[5.627s] creating /home/jaime/ros2_ws/src/install/control_turtlebot/share/ament_index
[5.628s] creating /home/jaime/ros2_ws/src/install/control_turtlebot/share/ament_index/resource_index
[5.628s] creating /home/jaime/ros2_ws/src/install/control_turtlebot/share/ament_index/resource_index/packages
[5.629s] copying resource/control_turtlebot -> /home/jaime/ros2_ws/src/install/control_turtlebot/share/ament_index/resource_index/packages
[5.630s] copying package.xml -> /home/jaime/ros2_ws/src/install/control_turtlebot/share/control_turtlebot
[6.048s] Invoked command in '/home/jaime/ros2_ws/src/build/control_turtlebot' returned '0': PYTHONPATH=/home/jaime/ros2_ws/src/build/control_turtlebot/prefix_override:/home/jaime/ros2_ws/src/install/control_turtlebot/lib/python3.8/site-packages:${PYTHONPATH} /usr/bin/python3 setup.py develop --editable --build-directory /home/jaime/ros2_ws/src/build/control_turtlebot/build --no-deps install_data
