[1.843s] Invoking command in '/home/jaime/ros2_ws/src/build/pkg_entrega1': PYTHONPATH=/home/jaime/ros2_ws/src/build/pkg_entrega1/prefix_override:/home/jaime/ros2_ws/src/install/pkg_entrega1/lib/python3.8/site-packages:${PYTHONPATH} /usr/bin/python3 setup.py develop --editable --build-directory /home/jaime/ros2_ws/src/build/pkg_entrega1/build --no-deps install_data
[2.361s] running develop
[2.579s] running egg_info
[2.579s] creating pkg_entrega1.egg-info
[2.593s] writing pkg_entrega1.egg-info/PKG-INFO
[2.594s] writing dependency_links to pkg_entrega1.egg-info/dependency_links.txt
[2.594s] writing entry points to pkg_entrega1.egg-info/entry_points.txt
[2.594s] writing requirements to pkg_entrega1.egg-info/requires.txt
[2.594s] writing top-level names to pkg_entrega1.egg-info/top_level.txt
[2.600s] writing manifest file 'pkg_entrega1.egg-info/SOURCES.txt'
[2.679s] reading manifest file 'pkg_entrega1.egg-info/SOURCES.txt'
[2.680s] writing manifest file 'pkg_entrega1.egg-info/SOURCES.txt'
[2.746s] running build_ext
[2.751s] Creating /home/jaime/ros2_ws/src/install/pkg_entrega1/lib/python3.8/site-packages/site.py
[2.754s] Creating /home/jaime/ros2_ws/src/install/pkg_entrega1/lib/python3.8/site-packages/pkg-entrega1.egg-link (link to .)
[2.756s] Installing nodo_publicador script to /home/jaime/ros2_ws/src/install/pkg_entrega1/lib/pkg_entrega1
[2.757s] 
[2.757s] Installed /home/jaime/ros2_ws/src/build/pkg_entrega1
[2.757s] running install_data
[2.758s] creating /home/jaime/ros2_ws/src/install/pkg_entrega1/share/ament_index
[2.758s] creating /home/jaime/ros2_ws/src/install/pkg_entrega1/share/ament_index/resource_index
[2.759s] creating /home/jaime/ros2_ws/src/install/pkg_entrega1/share/ament_index/resource_index/packages
[2.759s] copying resource/pkg_entrega1 -> /home/jaime/ros2_ws/src/install/pkg_entrega1/share/ament_index/resource_index/packages
[2.760s] copying package.xml -> /home/jaime/ros2_ws/src/install/pkg_entrega1/share/pkg_entrega1
[2.892s] Invoked command in '/home/jaime/ros2_ws/src/build/pkg_entrega1' returned '0': PYTHONPATH=/home/jaime/ros2_ws/src/build/pkg_entrega1/prefix_override:/home/jaime/ros2_ws/src/install/pkg_entrega1/lib/python3.8/site-packages:${PYTHONPATH} /usr/bin/python3 setup.py develop --editable --build-directory /home/jaime/ros2_ws/src/build/pkg_entrega1/build --no-deps install_data
