[2.691s] Invoking command in '/home/jaime/ros2_ws/src/build/control_turtlebot': PYTHONPATH=/home/jaime/ros2_ws/src/build/control_turtlebot/prefix_override:/home/jaime/ros2_ws/src/install/control_turtlebot/lib/python3.8/site-packages:${PYTHONPATH} /usr/bin/python3 setup.py develop --editable --build-directory /home/jaime/ros2_ws/src/build/control_turtlebot/build --no-deps install_data
[3.076s] running develop
[3.268s] running egg_info
[3.268s] writing control_turtlebot.egg-info/PKG-INFO
[3.268s] writing dependency_links to control_turtlebot.egg-info/dependency_links.txt
[3.269s] writing entry points to control_turtlebot.egg-info/entry_points.txt
[3.269s] writing requirements to control_turtlebot.egg-info/requires.txt
[3.269s] writing top-level names to control_turtlebot.egg-info/top_level.txt
[3.329s] reading manifest file 'control_turtlebot.egg-info/SOURCES.txt'
[3.331s] writing manifest file 'control_turtlebot.egg-info/SOURCES.txt'
[3.386s] running build_ext
[3.388s] Creating /home/jaime/ros2_ws/src/install/control_turtlebot/lib/python3.8/site-packages/control-turtlebot.egg-link (link to .)
[3.389s] Installing nodo_publicador script to /home/jaime/ros2_ws/src/install/control_turtlebot/lib/control_turtlebot
[3.390s] Installing nodo_publicador_domingo script to /home/jaime/ros2_ws/src/install/control_turtlebot/lib/control_turtlebot
[3.390s] Installing nodo_publicador_profe_no_tocar script to /home/jaime/ros2_ws/src/install/control_turtlebot/lib/control_turtlebot
[3.390s] Installing nodo_publicador_viernes script to /home/jaime/ros2_ws/src/install/control_turtlebot/lib/control_turtlebot
[3.390s] 
[3.391s] Installed /home/jaime/ros2_ws/src/build/control_turtlebot
[3.391s] running install_data
[3.508s] Invoked command in '/home/jaime/ros2_ws/src/build/control_turtlebot' returned '0': PYTHONPATH=/home/jaime/ros2_ws/src/build/control_turtlebot/prefix_override:/home/jaime/ros2_ws/src/install/control_turtlebot/lib/python3.8/site-packages:${PYTHONPATH} /usr/bin/python3 setup.py develop --editable --build-directory /home/jaime/ros2_ws/src/build/control_turtlebot/build --no-deps install_data
