[1.056s] DEBUG:colcon:Command line arguments: ['/usr/bin/colcon', 'build', '--symlink-install']
[1.056s] DEBUG:colcon:Parsed command line arguments: Namespace(allow_overriding=[], ament_cmake_args=None, base_paths=['.'], build_base='build', catkin_cmake_args=None, catkin_skip_building_tests=False, cmake_args=None, cmake_clean_cache=False, cmake_clean_first=False, cmake_force_configure=False, cmake_target=None, cmake_target_skip_unavailable=False, continue_on_error=False, event_handlers=None, executor='parallel', ignore_user_meta=False, install_base='install', log_base=None, log_level=None, main=<bound method BuildVerb.main of <colcon_core.verb.build.BuildVerb object at 0x7f7069a55160>>, merge_install=False, metas=['./colcon.meta'], packages_above=None, packages_above_and_dependencies=None, packages_above_depth=None, packages_end=None, packages_ignore=None, packages_ignore_regex=None, packages_select=None, packages_select_build_failed=False, packages_select_by_dep=None, packages_select_regex=None, packages_select_test_failures=False, packages_skip=None, packages_skip_build_finished=False, packages_skip_by_dep=None, packages_skip_regex=None, packages_skip_test_passed=False, packages_skip_up_to=None, packages_start=None, packages_up_to=None, packages_up_to_regex=None, parallel_workers=5, paths=None, symlink_install=True, test_result_base=None, verb_extension=<colcon_core.verb.build.BuildVerb object at 0x7f7069a55160>, verb_name='build', verb_parser=<colcon_defaults.argument_parser.defaults.DefaultArgumentsDecorator object at 0x7f7069a556a0>)
[1.134s] Level 1:colcon.colcon_core.package_discovery:discover_packages(colcon_meta) check parameters
[1.136s] Level 1:colcon.colcon_core.package_discovery:discover_packages(recursive) check parameters
[1.137s] Level 1:colcon.colcon_core.package_discovery:discover_packages(ignore) check parameters
[1.137s] Level 1:colcon.colcon_core.package_discovery:discover_packages(path) check parameters
[1.137s] Level 1:colcon.colcon_core.package_discovery:discover_packages(colcon_meta) discover
[1.138s] Level 1:colcon.colcon_core.package_discovery:discover_packages(recursive) discover
[1.138s] INFO:colcon.colcon_core.package_discovery:Crawling recursively for packages in '/home/jaime/ros2_ws/src'
[1.139s] Level 1:colcon.colcon_core.package_identification:_identify(.) by extensions ['ignore', 'ignore_ament_install']
[1.139s] Level 1:colcon.colcon_core.package_identification:_identify(.) by extension 'ignore'
[1.140s] Level 1:colcon.colcon_core.package_identification:_identify(.) by extension 'ignore_ament_install'
[1.140s] Level 1:colcon.colcon_core.package_identification:_identify(.) by extensions ['colcon_pkg']
[1.140s] Level 1:colcon.colcon_core.package_identification:_identify(.) by extension 'colcon_pkg'
[1.141s] Level 1:colcon.colcon_core.package_identification:_identify(.) by extensions ['colcon_meta']
[1.141s] Level 1:colcon.colcon_core.package_identification:_identify(.) by extension 'colcon_meta'
[1.141s] Level 1:colcon.colcon_core.package_identification:_identify(.) by extensions ['ros']
[1.141s] Level 1:colcon.colcon_core.package_identification:_identify(.) by extension 'ros'
[1.202s] Level 1:colcon.colcon_core.package_identification:_identify(.) by extensions ['cmake', 'python']
[1.202s] Level 1:colcon.colcon_core.package_identification:_identify(.) by extension 'cmake'
[1.203s] Level 1:colcon.colcon_core.package_identification:_identify(.) by extension 'python'
[1.203s] Level 1:colcon.colcon_core.package_identification:_identify(.) by extensions ['python_setup_py']
[1.203s] Level 1:colcon.colcon_core.package_identification:_identify(.) by extension 'python_setup_py'
[1.204s] Level 1:colcon.colcon_core.package_identification:_identify(build) by extensions ['ignore', 'ignore_ament_install']
[1.204s] Level 1:colcon.colcon_core.package_identification:_identify(build) by extension 'ignore'
[1.204s] Level 1:colcon.colcon_core.package_identification:_identify(build) ignored
[1.205s] Level 1:colcon.colcon_core.package_identification:_identify(install) by extensions ['ignore', 'ignore_ament_install']
[1.205s] Level 1:colcon.colcon_core.package_identification:_identify(install) by extension 'ignore'
[1.205s] Level 1:colcon.colcon_core.package_identification:_identify(install) ignored
[1.206s] Level 1:colcon.colcon_core.package_identification:_identify(log) by extensions ['ignore', 'ignore_ament_install']
[1.206s] Level 1:colcon.colcon_core.package_identification:_identify(log) by extension 'ignore'
[1.206s] Level 1:colcon.colcon_core.package_identification:_identify(log) ignored
[1.207s] Level 1:colcon.colcon_core.package_identification:_identify(pkg_entrega1) by extensions ['ignore', 'ignore_ament_install']
[1.207s] Level 1:colcon.colcon_core.package_identification:_identify(pkg_entrega1) by extension 'ignore'
[1.207s] Level 1:colcon.colcon_core.package_identification:_identify(pkg_entrega1) by extension 'ignore_ament_install'
[1.208s] Level 1:colcon.colcon_core.package_identification:_identify(pkg_entrega1) by extensions ['colcon_pkg']
[1.208s] Level 1:colcon.colcon_core.package_identification:_identify(pkg_entrega1) by extension 'colcon_pkg'
[1.208s] Level 1:colcon.colcon_core.package_identification:_identify(pkg_entrega1) by extensions ['colcon_meta']
[1.208s] Level 1:colcon.colcon_core.package_identification:_identify(pkg_entrega1) by extension 'colcon_meta'
[1.209s] Level 1:colcon.colcon_core.package_identification:_identify(pkg_entrega1) by extensions ['ros']
[1.209s] Level 1:colcon.colcon_core.package_identification:_identify(pkg_entrega1) by extension 'ros'
[1.227s] DEBUG:colcon.colcon_core.package_identification:Package 'pkg_entrega1' with type 'ros.ament_python' and name 'pkg_entrega1'
[1.227s] Level 1:colcon.colcon_core.package_identification:_identify(pkg_entrega1_v2) by extensions ['ignore', 'ignore_ament_install']
[1.228s] Level 1:colcon.colcon_core.package_identification:_identify(pkg_entrega1_v2) by extension 'ignore'
[1.228s] Level 1:colcon.colcon_core.package_identification:_identify(pkg_entrega1_v2) by extension 'ignore_ament_install'
[1.229s] Level 1:colcon.colcon_core.package_identification:_identify(pkg_entrega1_v2) by extensions ['colcon_pkg']
[1.229s] Level 1:colcon.colcon_core.package_identification:_identify(pkg_entrega1_v2) by extension 'colcon_pkg'
[1.229s] Level 1:colcon.colcon_core.package_identification:_identify(pkg_entrega1_v2) by extensions ['colcon_meta']
[1.229s] Level 1:colcon.colcon_core.package_identification:_identify(pkg_entrega1_v2) by extension 'colcon_meta'
[1.230s] Level 1:colcon.colcon_core.package_identification:_identify(pkg_entrega1_v2) by extensions ['ros']
[1.230s] Level 1:colcon.colcon_core.package_identification:_identify(pkg_entrega1_v2) by extension 'ros'
[1.232s] DEBUG:colcon.colcon_core.package_identification:Package 'pkg_entrega1_v2' with type 'ros.ament_python' and name 'pkg_entrega1_v2'
[1.233s] Level 1:colcon.colcon_core.package_discovery:discover_packages(recursive) using defaults
[1.233s] Level 1:colcon.colcon_core.package_discovery:discover_packages(ignore) discover
[1.233s] Level 1:colcon.colcon_core.package_discovery:discover_packages(ignore) using defaults
[1.234s] Level 1:colcon.colcon_core.package_discovery:discover_packages(path) discover
[1.234s] Level 1:colcon.colcon_core.package_discovery:discover_packages(path) using defaults
[1.324s] Level 1:colcon.colcon_core.package_discovery:discover_packages(prefix_path) check parameters
[1.325s] Level 1:colcon.colcon_core.package_discovery:discover_packages(prefix_path) discover
[1.340s] WARNING:colcon.colcon_ros.prefix_path.ament:The path '/home/jaime/ros2_ws/install/my_py_pkg' in the environment variable AMENT_PREFIX_PATH doesn't exist
[1.341s] WARNING:colcon.colcon_ros.prefix_path.ament:The path '/home/jaime/ros2_ws/install/my_c_pkg' in the environment variable AMENT_PREFIX_PATH doesn't exist
[1.341s] WARNING:colcon.colcon_ros.prefix_path.ament:The path '/home/jaime/ros2_ws/install/controlador_turtlesim' in the environment variable AMENT_PREFIX_PATH doesn't exist
[1.341s] WARNING:colcon.colcon_ros.prefix_path.ament:The path '/home/jaime/ros2_ws/install/control_turtlebot3' in the environment variable AMENT_PREFIX_PATH doesn't exist
[1.341s] WARNING:colcon.colcon_ros.prefix_path.ament:The path '/home/jaime/ros2_ws/install/turtlesim' in the environment variable AMENT_PREFIX_PATH doesn't exist
[1.342s] WARNING:colcon.colcon_ros.prefix_path.catkin:The path '/home/jaime/ros2_ws/install/my_c_pkg' in the environment variable CMAKE_PREFIX_PATH doesn't exist
[1.363s] DEBUG:colcon.colcon_installed_package_information.package_discovery:Found 15 installed packages in /home/jaime/turtlebot3_ws/install
[1.370s] DEBUG:colcon.colcon_installed_package_information.package_discovery:Found 2 installed packages in /home/jaime/ros2_ws/install
[1.374s] DEBUG:colcon.colcon_installed_package_information.package_discovery:Found 323 installed packages in /opt/ros/foxy
[1.379s] Level 1:colcon.colcon_core.package_discovery:discover_packages(prefix_path) using defaults
[1.905s] Level 5:colcon.colcon_core.verb:set package 'pkg_entrega1' build argument 'cmake_args' from command line to 'None'
[1.906s] Level 5:colcon.colcon_core.verb:set package 'pkg_entrega1' build argument 'cmake_target' from command line to 'None'
[1.906s] Level 5:colcon.colcon_core.verb:set package 'pkg_entrega1' build argument 'cmake_target_skip_unavailable' from command line to 'False'
[1.906s] Level 5:colcon.colcon_core.verb:set package 'pkg_entrega1' build argument 'cmake_clean_cache' from command line to 'False'
[1.907s] Level 5:colcon.colcon_core.verb:set package 'pkg_entrega1' build argument 'cmake_clean_first' from command line to 'False'
[1.907s] Level 5:colcon.colcon_core.verb:set package 'pkg_entrega1' build argument 'cmake_force_configure' from command line to 'False'
[1.907s] Level 5:colcon.colcon_core.verb:set package 'pkg_entrega1' build argument 'ament_cmake_args' from command line to 'None'
[1.907s] Level 5:colcon.colcon_core.verb:set package 'pkg_entrega1' build argument 'catkin_cmake_args' from command line to 'None'
[1.908s] Level 5:colcon.colcon_core.verb:set package 'pkg_entrega1' build argument 'catkin_skip_building_tests' from command line to 'False'
[1.908s] DEBUG:colcon.colcon_core.verb:Building package 'pkg_entrega1' with the following arguments: {'ament_cmake_args': None, 'build_base': '/home/jaime/ros2_ws/src/build/pkg_entrega1', 'catkin_cmake_args': None, 'catkin_skip_building_tests': False, 'cmake_args': None, 'cmake_clean_cache': False, 'cmake_clean_first': False, 'cmake_force_configure': False, 'cmake_target': None, 'cmake_target_skip_unavailable': False, 'install_base': '/home/jaime/ros2_ws/src/install/pkg_entrega1', 'merge_install': False, 'path': '/home/jaime/ros2_ws/src/pkg_entrega1', 'symlink_install': True, 'test_result_base': None}
[1.911s] Level 5:colcon.colcon_core.verb:set package 'pkg_entrega1_v2' build argument 'cmake_args' from command line to 'None'
[1.911s] Level 5:colcon.colcon_core.verb:set package 'pkg_entrega1_v2' build argument 'cmake_target' from command line to 'None'
[1.911s] Level 5:colcon.colcon_core.verb:set package 'pkg_entrega1_v2' build argument 'cmake_target_skip_unavailable' from command line to 'False'
[1.912s] Level 5:colcon.colcon_core.verb:set package 'pkg_entrega1_v2' build argument 'cmake_clean_cache' from command line to 'False'
[1.912s] Level 5:colcon.colcon_core.verb:set package 'pkg_entrega1_v2' build argument 'cmake_clean_first' from command line to 'False'
[1.912s] Level 5:colcon.colcon_core.verb:set package 'pkg_entrega1_v2' build argument 'cmake_force_configure' from command line to 'False'
[1.912s] Level 5:colcon.colcon_core.verb:set package 'pkg_entrega1_v2' build argument 'ament_cmake_args' from command line to 'None'
[1.913s] Level 5:colcon.colcon_core.verb:set package 'pkg_entrega1_v2' build argument 'catkin_cmake_args' from command line to 'None'
[1.913s] Level 5:colcon.colcon_core.verb:set package 'pkg_entrega1_v2' build argument 'catkin_skip_building_tests' from command line to 'False'
[1.913s] DEBUG:colcon.colcon_core.verb:Building package 'pkg_entrega1_v2' with the following arguments: {'ament_cmake_args': None, 'build_base': '/home/jaime/ros2_ws/src/build/pkg_entrega1_v2', 'catkin_cmake_args': None, 'catkin_skip_building_tests': False, 'cmake_args': None, 'cmake_clean_cache': False, 'cmake_clean_first': False, 'cmake_force_configure': False, 'cmake_target': None, 'cmake_target_skip_unavailable': False, 'install_base': '/home/jaime/ros2_ws/src/install/pkg_entrega1_v2', 'merge_install': False, 'path': '/home/jaime/ros2_ws/src/pkg_entrega1_v2', 'symlink_install': True, 'test_result_base': None}
[1.915s] INFO:colcon.colcon_core.executor:Executing jobs using 'parallel' executor
[1.925s] DEBUG:colcon.colcon_parallel_executor.executor.parallel:run_until_complete
[1.927s] INFO:colcon.colcon_ros.task.ament_python.build:Building ROS package in '/home/jaime/ros2_ws/src/pkg_entrega1' with build type 'ament_python'
[1.928s] Level 1:colcon.colcon_core.shell:create_environment_hook('pkg_entrega1', 'ament_prefix_path')
[1.998s] INFO:colcon.colcon_core.plugin_system:Skipping extension 'colcon_core.shell.bat': Not used on non-Windows systems
[1.999s] INFO:colcon.colcon_core.shell:Creating environment hook '/home/jaime/ros2_ws/src/install/pkg_entrega1/share/pkg_entrega1/hook/ament_prefix_path.ps1'
[2.002s] INFO:colcon.colcon_core.shell:Creating environment descriptor '/home/jaime/ros2_ws/src/install/pkg_entrega1/share/pkg_entrega1/hook/ament_prefix_path.dsv'
[2.003s] INFO:colcon.colcon_core.shell:Creating environment hook '/home/jaime/ros2_ws/src/install/pkg_entrega1/share/pkg_entrega1/hook/ament_prefix_path.sh'
[2.008s] INFO:colcon.colcon_core.shell:Skip shell extension 'powershell' for command environment: Not usable outside of PowerShell
[2.009s] DEBUG:colcon.colcon_core.shell:Skip shell extension 'dsv' for command environment
[2.034s] INFO:colcon.colcon_ros.task.ament_python.build:Building ROS package in '/home/jaime/ros2_ws/src/pkg_entrega1_v2' with build type 'ament_python'
[2.035s] Level 1:colcon.colcon_core.shell:create_environment_hook('pkg_entrega1_v2', 'ament_prefix_path')
[2.038s] INFO:colcon.colcon_core.shell:Creating environment hook '/home/jaime/ros2_ws/src/install/pkg_entrega1_v2/share/pkg_entrega1_v2/hook/ament_prefix_path.ps1'
[2.040s] INFO:colcon.colcon_core.shell:Creating environment descriptor '/home/jaime/ros2_ws/src/install/pkg_entrega1_v2/share/pkg_entrega1_v2/hook/ament_prefix_path.dsv'
[2.041s] INFO:colcon.colcon_core.shell:Creating environment hook '/home/jaime/ros2_ws/src/install/pkg_entrega1_v2/share/pkg_entrega1_v2/hook/ament_prefix_path.sh'
[2.047s] INFO:colcon.colcon_core.shell:Skip shell extension 'powershell' for command environment: Not usable outside of PowerShell
[2.047s] DEBUG:colcon.colcon_core.shell:Skip shell extension 'dsv' for command environment
[2.577s] INFO:colcon.colcon_core.task.python.build:Building Python package in '/home/jaime/ros2_ws/src/pkg_entrega1'
[2.580s] INFO:colcon.colcon_core.shell:Skip shell extension 'powershell' for command environment: Not usable outside of PowerShell
[2.580s] DEBUG:colcon.colcon_core.shell:Skip shell extension 'dsv' for command environment
[3.035s] INFO:colcon.colcon_core.task.python.build:Building Python package in '/home/jaime/ros2_ws/src/pkg_entrega1_v2'
[3.039s] INFO:colcon.colcon_core.shell:Skip shell extension 'powershell' for command environment: Not usable outside of PowerShell
[3.039s] DEBUG:colcon.colcon_core.shell:Skip shell extension 'dsv' for command environment
[4.164s] DEBUG:colcon.colcon_core.event_handler.log_command:Invoking command in '/home/jaime/ros2_ws/src/build/pkg_entrega1': PYTHONPATH=/home/jaime/ros2_ws/src/build/pkg_entrega1/prefix_override:/home/jaime/ros2_ws/src/install/pkg_entrega1/lib/python3.8/site-packages:${PYTHONPATH} /usr/bin/python3 setup.py develop --editable --build-directory /home/jaime/ros2_ws/src/build/pkg_entrega1/build --no-deps install_data
[4.207s] DEBUG:colcon.colcon_core.event_handler.log_command:Invoking command in '/home/jaime/ros2_ws/src/build/pkg_entrega1_v2': PYTHONPATH=/home/jaime/ros2_ws/src/build/pkg_entrega1_v2/prefix_override:/home/jaime/ros2_ws/src/install/pkg_entrega1_v2/lib/python3.8/site-packages:${PYTHONPATH} /usr/bin/python3 setup.py develop --editable --build-directory /home/jaime/ros2_ws/src/build/pkg_entrega1_v2/build --no-deps install_data
[5.314s] Level 1:colcon.colcon_core.shell:create_environment_hook('pkg_entrega1', 'pythonpath_develop')
[5.315s] DEBUG:colcon.colcon_core.event_handler.log_command:Invoked command in '/home/jaime/ros2_ws/src/build/pkg_entrega1' returned '0': PYTHONPATH=/home/jaime/ros2_ws/src/build/pkg_entrega1/prefix_override:/home/jaime/ros2_ws/src/install/pkg_entrega1/lib/python3.8/site-packages:${PYTHONPATH} /usr/bin/python3 setup.py develop --editable --build-directory /home/jaime/ros2_ws/src/build/pkg_entrega1/build --no-deps install_data
[5.323s] INFO:colcon.colcon_core.shell:Creating environment hook '/home/jaime/ros2_ws/src/build/pkg_entrega1/share/pkg_entrega1/hook/pythonpath_develop.ps1'
[5.327s] INFO:colcon.colcon_core.shell:Creating environment descriptor '/home/jaime/ros2_ws/src/build/pkg_entrega1/share/pkg_entrega1/hook/pythonpath_develop.dsv'
[5.329s] INFO:colcon.colcon_core.shell:Creating environment hook '/home/jaime/ros2_ws/src/build/pkg_entrega1/share/pkg_entrega1/hook/pythonpath_develop.sh'
[5.381s] Level 1:colcon.colcon_core.environment:checking '/home/jaime/ros2_ws/src/install/pkg_entrega1' for CMake module files
[5.382s] Level 1:colcon.colcon_core.environment:checking '/home/jaime/ros2_ws/src/install/pkg_entrega1' for CMake config files
[5.383s] Level 1:colcon.colcon_core.environment:checking '/home/jaime/ros2_ws/src/install/pkg_entrega1/lib'
[5.383s] Level 1:colcon.colcon_core.environment:checking '/home/jaime/ros2_ws/src/install/pkg_entrega1/bin'
[5.383s] Level 1:colcon.colcon_core.environment:checking '/home/jaime/ros2_ws/src/install/pkg_entrega1/lib/pkgconfig/pkg_entrega1.pc'
[5.384s] Level 1:colcon.colcon_core.environment:checking '/home/jaime/ros2_ws/src/install/pkg_entrega1/lib/python3.8/site-packages'
[5.384s] Level 1:colcon.colcon_core.shell:create_environment_hook('pkg_entrega1', 'pythonpath')
[5.387s] INFO:colcon.colcon_core.shell:Creating environment hook '/home/jaime/ros2_ws/src/install/pkg_entrega1/share/pkg_entrega1/hook/pythonpath.ps1'
[5.388s] INFO:colcon.colcon_core.shell:Creating environment descriptor '/home/jaime/ros2_ws/src/install/pkg_entrega1/share/pkg_entrega1/hook/pythonpath.dsv'
[5.389s] INFO:colcon.colcon_core.shell:Creating environment hook '/home/jaime/ros2_ws/src/install/pkg_entrega1/share/pkg_entrega1/hook/pythonpath.sh'
[5.390s] Level 1:colcon.colcon_core.environment:checking '/home/jaime/ros2_ws/src/install/pkg_entrega1/bin'
[5.390s] Level 1:colcon.colcon_core.environment:create_environment_scripts_only(pkg_entrega1)
[5.393s] INFO:colcon.colcon_core.shell:Creating package script '/home/jaime/ros2_ws/src/install/pkg_entrega1/share/pkg_entrega1/package.ps1'
[5.395s] INFO:colcon.colcon_core.shell:Creating package descriptor '/home/jaime/ros2_ws/src/install/pkg_entrega1/share/pkg_entrega1/package.dsv'
[5.398s] INFO:colcon.colcon_core.shell:Creating package script '/home/jaime/ros2_ws/src/install/pkg_entrega1/share/pkg_entrega1/package.sh'
[5.401s] INFO:colcon.colcon_core.shell:Creating package script '/home/jaime/ros2_ws/src/install/pkg_entrega1/share/pkg_entrega1/package.bash'
[5.406s] INFO:colcon.colcon_core.shell:Creating package script '/home/jaime/ros2_ws/src/install/pkg_entrega1/share/pkg_entrega1/package.zsh'
[5.408s] Level 1:colcon.colcon_core.environment:create_file_with_runtime_dependencies(/home/jaime/ros2_ws/src/install/pkg_entrega1/share/colcon-core/packages/pkg_entrega1)
[5.447s] Level 1:colcon.colcon_core.shell:create_environment_hook('pkg_entrega1_v2', 'pythonpath_develop')
[5.452s] DEBUG:colcon.colcon_core.event_handler.log_command:Invoked command in '/home/jaime/ros2_ws/src/build/pkg_entrega1_v2' returned '0': PYTHONPATH=/home/jaime/ros2_ws/src/build/pkg_entrega1_v2/prefix_override:/home/jaime/ros2_ws/src/install/pkg_entrega1_v2/lib/python3.8/site-packages:${PYTHONPATH} /usr/bin/python3 setup.py develop --editable --build-directory /home/jaime/ros2_ws/src/build/pkg_entrega1_v2/build --no-deps install_data
[5.457s] INFO:colcon.colcon_core.shell:Creating environment hook '/home/jaime/ros2_ws/src/build/pkg_entrega1_v2/share/pkg_entrega1_v2/hook/pythonpath_develop.ps1'
[5.465s] INFO:colcon.colcon_core.shell:Creating environment descriptor '/home/jaime/ros2_ws/src/build/pkg_entrega1_v2/share/pkg_entrega1_v2/hook/pythonpath_develop.dsv'
[5.466s] INFO:colcon.colcon_core.shell:Creating environment hook '/home/jaime/ros2_ws/src/build/pkg_entrega1_v2/share/pkg_entrega1_v2/hook/pythonpath_develop.sh'
[5.471s] Level 1:colcon.colcon_core.environment:checking '/home/jaime/ros2_ws/src/install/pkg_entrega1_v2' for CMake module files
[5.471s] Level 1:colcon.colcon_core.environment:checking '/home/jaime/ros2_ws/src/install/pkg_entrega1_v2' for CMake config files
[5.472s] Level 1:colcon.colcon_core.environment:checking '/home/jaime/ros2_ws/src/install/pkg_entrega1_v2/lib'
[5.472s] Level 1:colcon.colcon_core.environment:checking '/home/jaime/ros2_ws/src/install/pkg_entrega1_v2/bin'
[5.472s] Level 1:colcon.colcon_core.environment:checking '/home/jaime/ros2_ws/src/install/pkg_entrega1_v2/lib/pkgconfig/pkg_entrega1_v2.pc'
[5.473s] Level 1:colcon.colcon_core.environment:checking '/home/jaime/ros2_ws/src/install/pkg_entrega1_v2/lib/python3.8/site-packages'
[5.473s] Level 1:colcon.colcon_core.shell:create_environment_hook('pkg_entrega1_v2', 'pythonpath')
[5.475s] INFO:colcon.colcon_core.shell:Creating environment hook '/home/jaime/ros2_ws/src/install/pkg_entrega1_v2/share/pkg_entrega1_v2/hook/pythonpath.ps1'
[5.476s] INFO:colcon.colcon_core.shell:Creating environment descriptor '/home/jaime/ros2_ws/src/install/pkg_entrega1_v2/share/pkg_entrega1_v2/hook/pythonpath.dsv'
[5.477s] INFO:colcon.colcon_core.shell:Creating environment hook '/home/jaime/ros2_ws/src/install/pkg_entrega1_v2/share/pkg_entrega1_v2/hook/pythonpath.sh'
[5.479s] Level 1:colcon.colcon_core.environment:checking '/home/jaime/ros2_ws/src/install/pkg_entrega1_v2/bin'
[5.479s] Level 1:colcon.colcon_core.environment:create_environment_scripts_only(pkg_entrega1_v2)
[5.482s] INFO:colcon.colcon_core.shell:Creating package script '/home/jaime/ros2_ws/src/install/pkg_entrega1_v2/share/pkg_entrega1_v2/package.ps1'
[5.483s] INFO:colcon.colcon_core.shell:Creating package descriptor '/home/jaime/ros2_ws/src/install/pkg_entrega1_v2/share/pkg_entrega1_v2/package.dsv'
[5.484s] INFO:colcon.colcon_core.shell:Creating package script '/home/jaime/ros2_ws/src/install/pkg_entrega1_v2/share/pkg_entrega1_v2/package.sh'
[5.485s] INFO:colcon.colcon_core.shell:Creating package script '/home/jaime/ros2_ws/src/install/pkg_entrega1_v2/share/pkg_entrega1_v2/package.bash'
[5.486s] INFO:colcon.colcon_core.shell:Creating package script '/home/jaime/ros2_ws/src/install/pkg_entrega1_v2/share/pkg_entrega1_v2/package.zsh'
[5.486s] Level 1:colcon.colcon_core.environment:create_file_with_runtime_dependencies(/home/jaime/ros2_ws/src/install/pkg_entrega1_v2/share/colcon-core/packages/pkg_entrega1_v2)
[5.488s] DEBUG:colcon.colcon_parallel_executor.executor.parallel:closing loop
[5.489s] DEBUG:colcon.colcon_parallel_executor.executor.parallel:loop closed
[5.489s] DEBUG:colcon.colcon_parallel_executor.executor.parallel:run_until_complete finished with '0'
[5.490s] DEBUG:colcon.colcon_core.event_reactor:joining thread
[5.529s] INFO:colcon.colcon_core.plugin_system:Skipping extension 'colcon_notification.desktop_notification.terminal_notifier': Not used on non-Darwin systems
[5.529s] INFO:colcon.colcon_core.plugin_system:Skipping extension 'colcon_notification.desktop_notification.win32': Not used on non-Windows systems
[5.529s] INFO:colcon.colcon_notification.desktop_notification:Sending desktop notification using 'notify2'
[5.630s] DEBUG:colcon.colcon_core.event_reactor:joined thread
[5.633s] INFO:colcon.colcon_core.shell:Creating prefix script '/home/jaime/ros2_ws/src/install/local_setup.ps1'
[5.636s] INFO:colcon.colcon_core.shell:Creating prefix util module '/home/jaime/ros2_ws/src/install/_local_setup_util_ps1.py'
[5.640s] INFO:colcon.colcon_core.shell:Creating prefix chain script '/home/jaime/ros2_ws/src/install/setup.ps1'
[5.667s] INFO:colcon.colcon_core.shell:Creating prefix script '/home/jaime/ros2_ws/src/install/local_setup.sh'
[5.669s] INFO:colcon.colcon_core.shell:Creating prefix util module '/home/jaime/ros2_ws/src/install/_local_setup_util_sh.py'
[5.670s] INFO:colcon.colcon_core.shell:Creating prefix chain script '/home/jaime/ros2_ws/src/install/setup.sh'
[5.675s] INFO:colcon.colcon_core.shell:Creating prefix script '/home/jaime/ros2_ws/src/install/local_setup.bash'
[5.686s] INFO:colcon.colcon_core.shell:Creating prefix chain script '/home/jaime/ros2_ws/src/install/setup.bash'
[5.695s] INFO:colcon.colcon_core.shell:Creating prefix script '/home/jaime/ros2_ws/src/install/local_setup.zsh'
[5.699s] INFO:colcon.colcon_core.shell:Creating prefix chain script '/home/jaime/ros2_ws/src/install/setup.zsh'
