[0.078s] Invoking command in '/home/jaime/ros2_ws/src/build/turtlebot3_navigation2': CMAKE_PREFIX_PATH=${CMAKE_PREFIX_PATH}:/home/jaime/ros2_ws/install/pkg_entrega2_v_quieta:/home/jaime/ros2_ws/install/pkg_entrega2:/home/jaime/ros2_ws/install/pkg_entrega1_v2:/home/jaime/ros2_ws/install/pkg_entrega1:/home/jaime/ros2_ws/install/control_turtlebot:/home/jaime/ros2_ws/install/control_difuso:/home/jaime/turtlebot3_ws/install/turtlebot3_teleop:/home/jaime/turtlebot3_ws/install/turtlebot3_example:/opt/ros/foxy /usr/bin/cmake --build /home/jaime/ros2_ws/src/build/turtlebot3_navigation2 -- -j5 -l5
[0.229s] Invoked command in '/home/jaime/ros2_ws/src/build/turtlebot3_navigation2' returned '0': CMAKE_PREFIX_PATH=${CMAKE_PREFIX_PATH}:/home/jaime/ros2_ws/install/pkg_entrega2_v_quieta:/home/jaime/ros2_ws/install/pkg_entrega2:/home/jaime/ros2_ws/install/pkg_entrega1_v2:/home/jaime/ros2_ws/install/pkg_entrega1:/home/jaime/ros2_ws/install/control_turtlebot:/home/jaime/ros2_ws/install/control_difuso:/home/jaime/turtlebot3_ws/install/turtlebot3_teleop:/home/jaime/turtlebot3_ws/install/turtlebot3_example:/opt/ros/foxy /usr/bin/cmake --build /home/jaime/ros2_ws/src/build/turtlebot3_navigation2 -- -j5 -l5
[0.372s] Invoking command in '/home/jaime/ros2_ws/src/build/turtlebot3_navigation2': CMAKE_PREFIX_PATH=${CMAKE_PREFIX_PATH}:/home/jaime/ros2_ws/install/pkg_entrega2_v_quieta:/home/jaime/ros2_ws/install/pkg_entrega2:/home/jaime/ros2_ws/install/pkg_entrega1_v2:/home/jaime/ros2_ws/install/pkg_entrega1:/home/jaime/ros2_ws/install/control_turtlebot:/home/jaime/ros2_ws/install/control_difuso:/home/jaime/turtlebot3_ws/install/turtlebot3_teleop:/home/jaime/turtlebot3_ws/install/turtlebot3_example:/opt/ros/foxy /usr/bin/cmake --install /home/jaime/ros2_ws/src/build/turtlebot3_navigation2
[0.389s] -- Install configuration: ""
[0.391s] -- Execute custom install script
[0.393s] -- Up-to-date symlink: /home/jaime/ros2_ws/src/install/turtlebot3_navigation2/share/turtlebot3_navigation2/launch/navigation2.launch.py
[0.393s] -- Up-to-date symlink: /home/jaime/ros2_ws/src/install/turtlebot3_navigation2/share/turtlebot3_navigation2/map/turtlebot3_world.pgm
[0.395s] -- Up-to-date symlink: /home/jaime/ros2_ws/src/install/turtlebot3_navigation2/share/turtlebot3_navigation2/map/turtlebot3_world.yaml
[0.412s] -- Up-to-date symlink: /home/jaime/ros2_ws/src/install/turtlebot3_navigation2/share/turtlebot3_navigation2/param/burger.yaml
[0.414s] -- Up-to-date symlink: /home/jaime/ros2_ws/src/install/turtlebot3_navigation2/share/turtlebot3_navigation2/param/waffle.yaml
[0.415s] -- Up-to-date symlink: /home/jaime/ros2_ws/src/install/turtlebot3_navigation2/share/turtlebot3_navigation2/param/waffle_pi.yaml
[0.416s] -- Up-to-date symlink: /home/jaime/ros2_ws/src/install/turtlebot3_navigation2/share/turtlebot3_navigation2/rviz/tb3_navigation2.rviz
[0.417s] -- Up-to-date symlink: /home/jaime/ros2_ws/src/install/turtlebot3_navigation2/share/ament_index/resource_index/package_run_dependencies/turtlebot3_navigation2
[0.418s] -- Up-to-date symlink: /home/jaime/ros2_ws/src/install/turtlebot3_navigation2/share/ament_index/resource_index/parent_prefix_path/turtlebot3_navigation2
[0.419s] -- Up-to-date symlink: /home/jaime/ros2_ws/src/install/turtlebot3_navigation2/share/turtlebot3_navigation2/environment/ament_prefix_path.sh
[0.420s] -- Up-to-date symlink: /home/jaime/ros2_ws/src/install/turtlebot3_navigation2/share/turtlebot3_navigation2/environment/ament_prefix_path.dsv
[0.421s] -- Up-to-date symlink: /home/jaime/ros2_ws/src/install/turtlebot3_navigation2/share/turtlebot3_navigation2/environment/path.sh
[0.422s] -- Up-to-date symlink: /home/jaime/ros2_ws/src/install/turtlebot3_navigation2/share/turtlebot3_navigation2/environment/path.dsv
[0.423s] -- Up-to-date symlink: /home/jaime/ros2_ws/src/install/turtlebot3_navigation2/share/turtlebot3_navigation2/local_setup.bash
[0.424s] -- Up-to-date symlink: /home/jaime/ros2_ws/src/install/turtlebot3_navigation2/share/turtlebot3_navigation2/local_setup.sh
[0.425s] -- Up-to-date symlink: /home/jaime/ros2_ws/src/install/turtlebot3_navigation2/share/turtlebot3_navigation2/local_setup.zsh
[0.426s] -- Up-to-date symlink: /home/jaime/ros2_ws/src/install/turtlebot3_navigation2/share/turtlebot3_navigation2/local_setup.dsv
[0.427s] -- Symlinking: /home/jaime/ros2_ws/src/install/turtlebot3_navigation2/share/turtlebot3_navigation2/package.dsv
[0.436s] -- Up-to-date symlink: /home/jaime/ros2_ws/src/install/turtlebot3_navigation2/share/ament_index/resource_index/packages/turtlebot3_navigation2
[0.441s] -- Up-to-date symlink: /home/jaime/ros2_ws/src/install/turtlebot3_navigation2/share/turtlebot3_navigation2/cmake/turtlebot3_navigation2Config.cmake
[0.442s] -- Up-to-date symlink: /home/jaime/ros2_ws/src/install/turtlebot3_navigation2/share/turtlebot3_navigation2/cmake/turtlebot3_navigation2Config-version.cmake
[0.442s] -- Up-to-date symlink: /home/jaime/ros2_ws/src/install/turtlebot3_navigation2/share/turtlebot3_navigation2/package.xml
[0.484s] Invoked command in '/home/jaime/ros2_ws/src/build/turtlebot3_navigation2' returned '0': CMAKE_PREFIX_PATH=${CMAKE_PREFIX_PATH}:/home/jaime/ros2_ws/install/pkg_entrega2_v_quieta:/home/jaime/ros2_ws/install/pkg_entrega2:/home/jaime/ros2_ws/install/pkg_entrega1_v2:/home/jaime/ros2_ws/install/pkg_entrega1:/home/jaime/ros2_ws/install/control_turtlebot:/home/jaime/ros2_ws/install/control_difuso:/home/jaime/turtlebot3_ws/install/turtlebot3_teleop:/home/jaime/turtlebot3_ws/install/turtlebot3_example:/opt/ros/foxy /usr/bin/cmake --install /home/jaime/ros2_ws/src/build/turtlebot3_navigation2
