[3.704s] Invoking command in '/home/jaime/ros2_ws/src/build/control_turtlebot': PYTHONPATH=/home/jaime/ros2_ws/src/build/control_turtlebot/prefix_override:/home/jaime/ros2_ws/src/install/control_turtlebot/lib/python3.8/site-packages:${PYTHONPATH} /usr/bin/python3 setup.py develop --editable --build-directory /home/jaime/ros2_ws/src/build/control_turtlebot/build --no-deps install_data
[4.210s] running develop
[4.438s] running egg_info
[4.442s] writing control_turtlebot.egg-info/PKG-INFO
[4.452s] writing dependency_links to control_turtlebot.egg-info/dependency_links.txt
[4.455s] writing entry points to control_turtlebot.egg-info/entry_points.txt
[4.458s] writing requirements to control_turtlebot.egg-info/requires.txt
[4.461s] writing top-level names to control_turtlebot.egg-info/top_level.txt
[4.533s] reading manifest file 'control_turtlebot.egg-info/SOURCES.txt'
[4.535s] writing manifest file 'control_turtlebot.egg-info/SOURCES.txt'
[4.621s] running build_ext
[4.622s] Creating /home/jaime/ros2_ws/src/install/control_turtlebot/lib/python3.8/site-packages/control-turtlebot.egg-link (link to .)
[4.626s] Installing nodo_publicador script to /home/jaime/ros2_ws/src/install/control_turtlebot/lib/control_turtlebot
[4.629s] Installing nodo_publicador_difuso script to /home/jaime/ros2_ws/src/install/control_turtlebot/lib/control_turtlebot
[4.632s] Installing nodo_publicador_difuso_v2 script to /home/jaime/ros2_ws/src/install/control_turtlebot/lib/control_turtlebot
[4.634s] Installing nodo_publicador_domingo script to /home/jaime/ros2_ws/src/install/control_turtlebot/lib/control_turtlebot
[4.637s] Installing nodo_publicador_profe_no_tocar script to /home/jaime/ros2_ws/src/install/control_turtlebot/lib/control_turtlebot
[4.640s] Installing nodo_publicador_viernes script to /home/jaime/ros2_ws/src/install/control_turtlebot/lib/control_turtlebot
[4.642s] 
[4.645s] Installed /home/jaime/ros2_ws/src/build/control_turtlebot
[4.646s] running install_data
[4.787s] Invoked command in '/home/jaime/ros2_ws/src/build/control_turtlebot' returned '0': PYTHONPATH=/home/jaime/ros2_ws/src/build/control_turtlebot/prefix_override:/home/jaime/ros2_ws/src/install/control_turtlebot/lib/python3.8/site-packages:${PYTHONPATH} /usr/bin/python3 setup.py develop --editable --build-directory /home/jaime/ros2_ws/src/build/control_turtlebot/build --no-deps install_data
