[4.045s] Invoking command in '/home/jaime/ros2_ws/src/build/control_turtlebot': PYTHONPATH=/home/jaime/ros2_ws/src/build/control_turtlebot/prefix_override:/home/jaime/ros2_ws/src/install/control_turtlebot/lib/python3.8/site-packages:${PYTHONPATH} /usr/bin/python3 setup.py develop --editable --build-directory /home/jaime/ros2_ws/src/build/control_turtlebot/build --no-deps install_data
[4.619s] running develop
[4.894s] running egg_info
[4.897s] writing control_turtlebot.egg-info/PKG-INFO
[4.903s] writing dependency_links to control_turtlebot.egg-info/dependency_links.txt
[4.905s] writing entry points to control_turtlebot.egg-info/entry_points.txt
[4.906s] writing requirements to control_turtlebot.egg-info/requires.txt
[4.907s] writing top-level names to control_turtlebot.egg-info/top_level.txt
[5.002s] reading manifest file 'control_turtlebot.egg-info/SOURCES.txt'
[5.003s] writing manifest file 'control_turtlebot.egg-info/SOURCES.txt'
[5.079s] running build_ext
[5.082s] Creating /home/jaime/ros2_ws/src/install/control_turtlebot/lib/python3.8/site-packages/control-turtlebot.egg-link (link to .)
[5.086s] Installing nodo_publicador script to /home/jaime/ros2_ws/src/install/control_turtlebot/lib/control_turtlebot
[5.088s] Installing nodo_publicador_difuso script to /home/jaime/ros2_ws/src/install/control_turtlebot/lib/control_turtlebot
[5.092s] Installing nodo_publicador_difuso_v2 script to /home/jaime/ros2_ws/src/install/control_turtlebot/lib/control_turtlebot
[5.096s] Installing nodo_publicador_domingo script to /home/jaime/ros2_ws/src/install/control_turtlebot/lib/control_turtlebot
[5.100s] Installing nodo_publicador_profe_no_tocar script to /home/jaime/ros2_ws/src/install/control_turtlebot/lib/control_turtlebot
[5.102s] Installing nodo_publicador_viernes script to /home/jaime/ros2_ws/src/install/control_turtlebot/lib/control_turtlebot
[5.105s] 
[5.106s] Installed /home/jaime/ros2_ws/src/build/control_turtlebot
[5.107s] running install_data
[5.495s] Invoked command in '/home/jaime/ros2_ws/src/build/control_turtlebot' returned '0': PYTHONPATH=/home/jaime/ros2_ws/src/build/control_turtlebot/prefix_override:/home/jaime/ros2_ws/src/install/control_turtlebot/lib/python3.8/site-packages:${PYTHONPATH} /usr/bin/python3 setup.py develop --editable --build-directory /home/jaime/ros2_ws/src/build/control_turtlebot/build --no-deps install_data
