[3.784s] Invoking command in '/home/jaime/ros2_ws/src/build/pkg_entrega2': PYTHONPATH=/home/jaime/ros2_ws/src/build/pkg_entrega2/prefix_override:/home/jaime/ros2_ws/src/install/pkg_entrega2/lib/python3.8/site-packages:${PYTHONPATH} /usr/bin/python3 setup.py develop --editable --build-directory /home/jaime/ros2_ws/src/build/pkg_entrega2/build --no-deps install_data
[4.290s] running develop
[4.520s] running egg_info
[4.520s] creating pkg_entrega2.egg-info
[4.520s] writing pkg_entrega2.egg-info/PKG-INFO
[4.520s] writing dependency_links to pkg_entrega2.egg-info/dependency_links.txt
[4.520s] writing entry points to pkg_entrega2.egg-info/entry_points.txt
[4.524s] writing requirements to pkg_entrega2.egg-info/requires.txt
[4.525s] writing top-level names to pkg_entrega2.egg-info/top_level.txt
[4.603s] writing manifest file 'pkg_entrega2.egg-info/SOURCES.txt'
[4.714s] reading manifest file 'pkg_entrega2.egg-info/SOURCES.txt'
[4.715s] writing manifest file 'pkg_entrega2.egg-info/SOURCES.txt'
[4.842s] running build_ext
[4.850s] Creating /home/jaime/ros2_ws/src/install/pkg_entrega2/lib/python3.8/site-packages/site.py
[4.856s] Creating /home/jaime/ros2_ws/src/install/pkg_entrega2/lib/python3.8/site-packages/pkg-entrega2.egg-link (link to .)
[4.866s] Installing nodo_publicador script to /home/jaime/ros2_ws/src/install/pkg_entrega2/lib/pkg_entrega2
[4.869s] 
[4.871s] Installed /home/jaime/ros2_ws/src/build/pkg_entrega2
[4.873s] running install_data
[4.874s] creating /home/jaime/ros2_ws/src/install/pkg_entrega2/share/ament_index
[4.876s] creating /home/jaime/ros2_ws/src/install/pkg_entrega2/share/ament_index/resource_index
[4.877s] creating /home/jaime/ros2_ws/src/install/pkg_entrega2/share/ament_index/resource_index/packages
[4.878s] copying resource/pkg_entrega2 -> /home/jaime/ros2_ws/src/install/pkg_entrega2/share/ament_index/resource_index/packages
[4.880s] copying package.xml -> /home/jaime/ros2_ws/src/install/pkg_entrega2/share/pkg_entrega2
[5.282s] Invoked command in '/home/jaime/ros2_ws/src/build/pkg_entrega2' returned '0': PYTHONPATH=/home/jaime/ros2_ws/src/build/pkg_entrega2/prefix_override:/home/jaime/ros2_ws/src/install/pkg_entrega2/lib/python3.8/site-packages:${PYTHONPATH} /usr/bin/python3 setup.py develop --editable --build-directory /home/jaime/ros2_ws/src/build/pkg_entrega2/build --no-deps install_data
