[4.905s] Invoking command in '/home/jaime/ros2_ws/src/build/control_turtlebot': PYTHONPATH=/home/jaime/ros2_ws/src/build/control_turtlebot/prefix_override:/home/jaime/ros2_ws/src/install/control_turtlebot/lib/python3.8/site-packages:${PYTHONPATH} /usr/bin/python3 setup.py develop --editable --build-directory /home/jaime/ros2_ws/src/build/control_turtlebot/build --no-deps install_data
[5.604s] running develop
[5.856s] running egg_info
[5.867s] writing control_turtlebot.egg-info/PKG-INFO
[5.868s] writing dependency_links to control_turtlebot.egg-info/dependency_links.txt
[5.869s] writing entry points to control_turtlebot.egg-info/entry_points.txt
[5.870s] writing requirements to control_turtlebot.egg-info/requires.txt
[5.871s] writing top-level names to control_turtlebot.egg-info/top_level.txt
[5.960s] reading manifest file 'control_turtlebot.egg-info/SOURCES.txt'
[5.961s] writing manifest file 'control_turtlebot.egg-info/SOURCES.txt'
[6.072s] running build_ext
[6.073s] Creating /home/jaime/ros2_ws/src/install/control_turtlebot/lib/python3.8/site-packages/control-turtlebot.egg-link (link to .)
[6.081s] Installing nodo_publicador script to /home/jaime/ros2_ws/src/install/control_turtlebot/lib/control_turtlebot
[6.084s] Installing nodo_publicador_difuso script to /home/jaime/ros2_ws/src/install/control_turtlebot/lib/control_turtlebot
[6.087s] Installing nodo_publicador_difuso_v2 script to /home/jaime/ros2_ws/src/install/control_turtlebot/lib/control_turtlebot
[6.090s] Installing nodo_publicador_domingo script to /home/jaime/ros2_ws/src/install/control_turtlebot/lib/control_turtlebot
[6.094s] Installing nodo_publicador_profe_no_tocar script to /home/jaime/ros2_ws/src/install/control_turtlebot/lib/control_turtlebot
[6.096s] Installing nodo_publicador_viernes script to /home/jaime/ros2_ws/src/install/control_turtlebot/lib/control_turtlebot
[6.101s] 
[6.102s] Installed /home/jaime/ros2_ws/src/build/control_turtlebot
[6.104s] running install_data
[6.977s] Invoked command in '/home/jaime/ros2_ws/src/build/control_turtlebot' returned '0': PYTHONPATH=/home/jaime/ros2_ws/src/build/control_turtlebot/prefix_override:/home/jaime/ros2_ws/src/install/control_turtlebot/lib/python3.8/site-packages:${PYTHONPATH} /usr/bin/python3 setup.py develop --editable --build-directory /home/jaime/ros2_ws/src/build/control_turtlebot/build --no-deps install_data
