[0.495s] DEBUG:colcon:Command line arguments: ['/usr/bin/colcon', 'build', '--symlink-install']
[0.496s] DEBUG:colcon:Parsed command line arguments: Namespace(allow_overriding=[], ament_cmake_args=None, base_paths=['.'], build_base='build', catkin_cmake_args=None, catkin_skip_building_tests=False, cmake_args=None, cmake_clean_cache=False, cmake_clean_first=False, cmake_force_configure=False, cmake_target=None, cmake_target_skip_unavailable=False, continue_on_error=False, event_handlers=None, executor='parallel', ignore_user_meta=False, install_base='install', log_base=None, log_level=None, main=<bound method BuildVerb.main of <colcon_core.verb.build.BuildVerb object at 0x7f5ab15bb2b0>>, merge_install=False, metas=['./colcon.meta'], packages_above=None, packages_above_and_dependencies=None, packages_above_depth=None, packages_end=None, packages_ignore=None, packages_ignore_regex=None, packages_select=None, packages_select_build_failed=False, packages_select_by_dep=None, packages_select_regex=None, packages_select_test_failures=False, packages_skip=None, packages_skip_build_finished=False, packages_skip_by_dep=None, packages_skip_regex=None, packages_skip_test_passed=False, packages_skip_up_to=None, packages_start=None, packages_up_to=None, packages_up_to_regex=None, parallel_workers=5, paths=None, symlink_install=True, test_result_base=None, verb_extension=<colcon_core.verb.build.BuildVerb object at 0x7f5ab15bb2b0>, verb_name='build', verb_parser=<colcon_defaults.argument_parser.defaults.DefaultArgumentsDecorator object at 0x7f5ab15bb7f0>)
[0.543s] Level 1:colcon.colcon_core.package_discovery:discover_packages(colcon_meta) check parameters
[0.543s] Level 1:colcon.colcon_core.package_discovery:discover_packages(recursive) check parameters
[0.544s] Level 1:colcon.colcon_core.package_discovery:discover_packages(ignore) check parameters
[0.544s] Level 1:colcon.colcon_core.package_discovery:discover_packages(path) check parameters
[0.544s] Level 1:colcon.colcon_core.package_discovery:discover_packages(colcon_meta) discover
[0.544s] Level 1:colcon.colcon_core.package_discovery:discover_packages(recursive) discover
[0.545s] INFO:colcon.colcon_core.package_discovery:Crawling recursively for packages in '/home/jaime/ros2_ws/src'
[0.545s] Level 1:colcon.colcon_core.package_identification:_identify(.) by extensions ['ignore', 'ignore_ament_install']
[0.545s] Level 1:colcon.colcon_core.package_identification:_identify(.) by extension 'ignore'
[0.546s] Level 1:colcon.colcon_core.package_identification:_identify(.) by extension 'ignore_ament_install'
[0.546s] Level 1:colcon.colcon_core.package_identification:_identify(.) by extensions ['colcon_pkg']
[0.546s] Level 1:colcon.colcon_core.package_identification:_identify(.) by extension 'colcon_pkg'
[0.546s] Level 1:colcon.colcon_core.package_identification:_identify(.) by extensions ['colcon_meta']
[0.546s] Level 1:colcon.colcon_core.package_identification:_identify(.) by extension 'colcon_meta'
[0.547s] Level 1:colcon.colcon_core.package_identification:_identify(.) by extensions ['ros']
[0.547s] Level 1:colcon.colcon_core.package_identification:_identify(.) by extension 'ros'
[0.614s] Level 1:colcon.colcon_core.package_identification:_identify(.) by extensions ['cmake', 'python']
[0.615s] Level 1:colcon.colcon_core.package_identification:_identify(.) by extension 'cmake'
[0.615s] Level 1:colcon.colcon_core.package_identification:_identify(.) by extension 'python'
[0.615s] Level 1:colcon.colcon_core.package_identification:_identify(.) by extensions ['python_setup_py']
[0.616s] Level 1:colcon.colcon_core.package_identification:_identify(.) by extension 'python_setup_py'
[0.616s] Level 1:colcon.colcon_core.package_identification:_identify(build) by extensions ['ignore', 'ignore_ament_install']
[0.616s] Level 1:colcon.colcon_core.package_identification:_identify(build) by extension 'ignore'
[0.616s] Level 1:colcon.colcon_core.package_identification:_identify(build) ignored
[0.617s] Level 1:colcon.colcon_core.package_identification:_identify(control_difuso) by extensions ['ignore', 'ignore_ament_install']
[0.617s] Level 1:colcon.colcon_core.package_identification:_identify(control_difuso) by extension 'ignore'
[0.617s] Level 1:colcon.colcon_core.package_identification:_identify(control_difuso) by extension 'ignore_ament_install'
[0.617s] Level 1:colcon.colcon_core.package_identification:_identify(control_difuso) by extensions ['colcon_pkg']
[0.618s] Level 1:colcon.colcon_core.package_identification:_identify(control_difuso) by extension 'colcon_pkg'
[0.618s] Level 1:colcon.colcon_core.package_identification:_identify(control_difuso) by extensions ['colcon_meta']
[0.618s] Level 1:colcon.colcon_core.package_identification:_identify(control_difuso) by extension 'colcon_meta'
[0.618s] Level 1:colcon.colcon_core.package_identification:_identify(control_difuso) by extensions ['ros']
[0.618s] Level 1:colcon.colcon_core.package_identification:_identify(control_difuso) by extension 'ros'
[0.622s] DEBUG:colcon.colcon_core.package_identification:Package 'control_difuso' with type 'ros.ament_python' and name 'control_difuso'
[0.623s] Level 1:colcon.colcon_core.package_identification:_identify(control_turtlebot) by extensions ['ignore', 'ignore_ament_install']
[0.623s] Level 1:colcon.colcon_core.package_identification:_identify(control_turtlebot) by extension 'ignore'
[0.624s] Level 1:colcon.colcon_core.package_identification:_identify(control_turtlebot) by extension 'ignore_ament_install'
[0.624s] Level 1:colcon.colcon_core.package_identification:_identify(control_turtlebot) by extensions ['colcon_pkg']
[0.624s] Level 1:colcon.colcon_core.package_identification:_identify(control_turtlebot) by extension 'colcon_pkg'
[0.624s] Level 1:colcon.colcon_core.package_identification:_identify(control_turtlebot) by extensions ['colcon_meta']
[0.624s] Level 1:colcon.colcon_core.package_identification:_identify(control_turtlebot) by extension 'colcon_meta'
[0.625s] Level 1:colcon.colcon_core.package_identification:_identify(control_turtlebot) by extensions ['ros']
[0.625s] Level 1:colcon.colcon_core.package_identification:_identify(control_turtlebot) by extension 'ros'
[0.628s] DEBUG:colcon.colcon_core.package_identification:Package 'control_turtlebot' with type 'ros.ament_python' and name 'control_turtlebot'
[0.628s] Level 1:colcon.colcon_core.package_identification:_identify(install) by extensions ['ignore', 'ignore_ament_install']
[0.629s] Level 1:colcon.colcon_core.package_identification:_identify(install) by extension 'ignore'
[0.629s] Level 1:colcon.colcon_core.package_identification:_identify(install) ignored
[0.629s] Level 1:colcon.colcon_core.package_identification:_identify(log) by extensions ['ignore', 'ignore_ament_install']
[0.629s] Level 1:colcon.colcon_core.package_identification:_identify(log) by extension 'ignore'
[0.630s] Level 1:colcon.colcon_core.package_identification:_identify(log) ignored
[0.630s] Level 1:colcon.colcon_core.package_identification:_identify(pkg_entrega1) by extensions ['ignore', 'ignore_ament_install']
[0.631s] Level 1:colcon.colcon_core.package_identification:_identify(pkg_entrega1) by extension 'ignore'
[0.631s] Level 1:colcon.colcon_core.package_identification:_identify(pkg_entrega1) by extension 'ignore_ament_install'
[0.631s] Level 1:colcon.colcon_core.package_identification:_identify(pkg_entrega1) by extensions ['colcon_pkg']
[0.632s] Level 1:colcon.colcon_core.package_identification:_identify(pkg_entrega1) by extension 'colcon_pkg'
[0.632s] Level 1:colcon.colcon_core.package_identification:_identify(pkg_entrega1) by extensions ['colcon_meta']
[0.633s] Level 1:colcon.colcon_core.package_identification:_identify(pkg_entrega1) by extension 'colcon_meta'
[0.633s] Level 1:colcon.colcon_core.package_identification:_identify(pkg_entrega1) by extensions ['ros']
[0.633s] Level 1:colcon.colcon_core.package_identification:_identify(pkg_entrega1) by extension 'ros'
[0.636s] DEBUG:colcon.colcon_core.package_identification:Package 'pkg_entrega1' with type 'ros.ament_python' and name 'pkg_entrega1'
[0.637s] Level 1:colcon.colcon_core.package_identification:_identify(pkg_entrega1_v2) by extensions ['ignore', 'ignore_ament_install']
[0.637s] Level 1:colcon.colcon_core.package_identification:_identify(pkg_entrega1_v2) by extension 'ignore'
[0.637s] Level 1:colcon.colcon_core.package_identification:_identify(pkg_entrega1_v2) by extension 'ignore_ament_install'
[0.638s] Level 1:colcon.colcon_core.package_identification:_identify(pkg_entrega1_v2) by extensions ['colcon_pkg']
[0.638s] Level 1:colcon.colcon_core.package_identification:_identify(pkg_entrega1_v2) by extension 'colcon_pkg'
[0.638s] Level 1:colcon.colcon_core.package_identification:_identify(pkg_entrega1_v2) by extensions ['colcon_meta']
[0.638s] Level 1:colcon.colcon_core.package_identification:_identify(pkg_entrega1_v2) by extension 'colcon_meta'
[0.638s] Level 1:colcon.colcon_core.package_identification:_identify(pkg_entrega1_v2) by extensions ['ros']
[0.639s] Level 1:colcon.colcon_core.package_identification:_identify(pkg_entrega1_v2) by extension 'ros'
[0.641s] DEBUG:colcon.colcon_core.package_identification:Package 'pkg_entrega1_v2' with type 'ros.ament_python' and name 'pkg_entrega1_v2'
[0.641s] Level 1:colcon.colcon_core.package_identification:_identify(pkg_entrega2) by extensions ['ignore', 'ignore_ament_install']
[0.641s] Level 1:colcon.colcon_core.package_identification:_identify(pkg_entrega2) by extension 'ignore'
[0.642s] Level 1:colcon.colcon_core.package_identification:_identify(pkg_entrega2) by extension 'ignore_ament_install'
[0.642s] Level 1:colcon.colcon_core.package_identification:_identify(pkg_entrega2) by extensions ['colcon_pkg']
[0.642s] Level 1:colcon.colcon_core.package_identification:_identify(pkg_entrega2) by extension 'colcon_pkg'
[0.642s] Level 1:colcon.colcon_core.package_identification:_identify(pkg_entrega2) by extensions ['colcon_meta']
[0.642s] Level 1:colcon.colcon_core.package_identification:_identify(pkg_entrega2) by extension 'colcon_meta'
[0.643s] Level 1:colcon.colcon_core.package_identification:_identify(pkg_entrega2) by extensions ['ros']
[0.643s] Level 1:colcon.colcon_core.package_identification:_identify(pkg_entrega2) by extension 'ros'
[0.645s] DEBUG:colcon.colcon_core.package_identification:Package 'pkg_entrega2' with type 'ros.ament_python' and name 'pkg_entrega2'
[0.646s] Level 1:colcon.colcon_core.package_identification:_identify(pkg_entrega2_v_quieta) by extensions ['ignore', 'ignore_ament_install']
[0.646s] Level 1:colcon.colcon_core.package_identification:_identify(pkg_entrega2_v_quieta) by extension 'ignore'
[0.646s] Level 1:colcon.colcon_core.package_identification:_identify(pkg_entrega2_v_quieta) by extension 'ignore_ament_install'
[0.646s] Level 1:colcon.colcon_core.package_identification:_identify(pkg_entrega2_v_quieta) by extensions ['colcon_pkg']
[0.647s] Level 1:colcon.colcon_core.package_identification:_identify(pkg_entrega2_v_quieta) by extension 'colcon_pkg'
[0.647s] Level 1:colcon.colcon_core.package_identification:_identify(pkg_entrega2_v_quieta) by extensions ['colcon_meta']
[0.647s] Level 1:colcon.colcon_core.package_identification:_identify(pkg_entrega2_v_quieta) by extension 'colcon_meta'
[0.647s] Level 1:colcon.colcon_core.package_identification:_identify(pkg_entrega2_v_quieta) by extensions ['ros']
[0.647s] Level 1:colcon.colcon_core.package_identification:_identify(pkg_entrega2_v_quieta) by extension 'ros'
[0.649s] DEBUG:colcon.colcon_core.package_identification:Package 'pkg_entrega2_v_quieta' with type 'ros.ament_python' and name 'pkg_entrega2_v_quieta'
[0.650s] Level 1:colcon.colcon_core.package_discovery:discover_packages(recursive) using defaults
[0.650s] Level 1:colcon.colcon_core.package_discovery:discover_packages(ignore) discover
[0.650s] Level 1:colcon.colcon_core.package_discovery:discover_packages(ignore) using defaults
[0.650s] Level 1:colcon.colcon_core.package_discovery:discover_packages(path) discover
[0.651s] Level 1:colcon.colcon_core.package_discovery:discover_packages(path) using defaults
[0.690s] Level 1:colcon.colcon_core.package_discovery:discover_packages(prefix_path) check parameters
[0.690s] Level 1:colcon.colcon_core.package_discovery:discover_packages(prefix_path) discover
[0.697s] DEBUG:colcon.colcon_installed_package_information.package_discovery:Found 15 installed packages in /home/jaime/turtlebot3_ws/install
[0.700s] DEBUG:colcon.colcon_installed_package_information.package_discovery:Found 6 installed packages in /home/jaime/ros2_ws/install
[0.703s] DEBUG:colcon.colcon_installed_package_information.package_discovery:Found 323 installed packages in /opt/ros/foxy
[0.707s] Level 1:colcon.colcon_core.package_discovery:discover_packages(prefix_path) using defaults
[0.810s] Level 5:colcon.colcon_core.verb:set package 'control_difuso' build argument 'cmake_args' from command line to 'None'
[0.810s] Level 5:colcon.colcon_core.verb:set package 'control_difuso' build argument 'cmake_target' from command line to 'None'
[0.811s] Level 5:colcon.colcon_core.verb:set package 'control_difuso' build argument 'cmake_target_skip_unavailable' from command line to 'False'
[0.811s] Level 5:colcon.colcon_core.verb:set package 'control_difuso' build argument 'cmake_clean_cache' from command line to 'False'
[0.811s] Level 5:colcon.colcon_core.verb:set package 'control_difuso' build argument 'cmake_clean_first' from command line to 'False'
[0.812s] Level 5:colcon.colcon_core.verb:set package 'control_difuso' build argument 'cmake_force_configure' from command line to 'False'
[0.812s] Level 5:colcon.colcon_core.verb:set package 'control_difuso' build argument 'ament_cmake_args' from command line to 'None'
[0.812s] Level 5:colcon.colcon_core.verb:set package 'control_difuso' build argument 'catkin_cmake_args' from command line to 'None'
[0.812s] Level 5:colcon.colcon_core.verb:set package 'control_difuso' build argument 'catkin_skip_building_tests' from command line to 'False'
[0.813s] DEBUG:colcon.colcon_core.verb:Building package 'control_difuso' with the following arguments: {'ament_cmake_args': None, 'build_base': '/home/jaime/ros2_ws/src/build/control_difuso', 'catkin_cmake_args': None, 'catkin_skip_building_tests': False, 'cmake_args': None, 'cmake_clean_cache': False, 'cmake_clean_first': False, 'cmake_force_configure': False, 'cmake_target': None, 'cmake_target_skip_unavailable': False, 'install_base': '/home/jaime/ros2_ws/src/install/control_difuso', 'merge_install': False, 'path': '/home/jaime/ros2_ws/src/control_difuso', 'symlink_install': True, 'test_result_base': None}
[0.815s] Level 5:colcon.colcon_core.verb:set package 'control_turtlebot' build argument 'cmake_args' from command line to 'None'
[0.816s] Level 5:colcon.colcon_core.verb:set package 'control_turtlebot' build argument 'cmake_target' from command line to 'None'
[0.816s] Level 5:colcon.colcon_core.verb:set package 'control_turtlebot' build argument 'cmake_target_skip_unavailable' from command line to 'False'
[0.816s] Level 5:colcon.colcon_core.verb:set package 'control_turtlebot' build argument 'cmake_clean_cache' from command line to 'False'
[0.817s] Level 5:colcon.colcon_core.verb:set package 'control_turtlebot' build argument 'cmake_clean_first' from command line to 'False'
[0.817s] Level 5:colcon.colcon_core.verb:set package 'control_turtlebot' build argument 'cmake_force_configure' from command line to 'False'
[0.817s] Level 5:colcon.colcon_core.verb:set package 'control_turtlebot' build argument 'ament_cmake_args' from command line to 'None'
[0.818s] Level 5:colcon.colcon_core.verb:set package 'control_turtlebot' build argument 'catkin_cmake_args' from command line to 'None'
[0.818s] Level 5:colcon.colcon_core.verb:set package 'control_turtlebot' build argument 'catkin_skip_building_tests' from command line to 'False'
[0.818s] DEBUG:colcon.colcon_core.verb:Building package 'control_turtlebot' with the following arguments: {'ament_cmake_args': None, 'build_base': '/home/jaime/ros2_ws/src/build/control_turtlebot', 'catkin_cmake_args': None, 'catkin_skip_building_tests': False, 'cmake_args': None, 'cmake_clean_cache': False, 'cmake_clean_first': False, 'cmake_force_configure': False, 'cmake_target': None, 'cmake_target_skip_unavailable': False, 'install_base': '/home/jaime/ros2_ws/src/install/control_turtlebot', 'merge_install': False, 'path': '/home/jaime/ros2_ws/src/control_turtlebot', 'symlink_install': True, 'test_result_base': None}
[0.821s] Level 5:colcon.colcon_core.verb:set package 'pkg_entrega1' build argument 'cmake_args' from command line to 'None'
[0.821s] Level 5:colcon.colcon_core.verb:set package 'pkg_entrega1' build argument 'cmake_target' from command line to 'None'
[0.821s] Level 5:colcon.colcon_core.verb:set package 'pkg_entrega1' build argument 'cmake_target_skip_unavailable' from command line to 'False'
[0.822s] Level 5:colcon.colcon_core.verb:set package 'pkg_entrega1' build argument 'cmake_clean_cache' from command line to 'False'
[0.822s] Level 5:colcon.colcon_core.verb:set package 'pkg_entrega1' build argument 'cmake_clean_first' from command line to 'False'
[0.822s] Level 5:colcon.colcon_core.verb:set package 'pkg_entrega1' build argument 'cmake_force_configure' from command line to 'False'
[0.822s] Level 5:colcon.colcon_core.verb:set package 'pkg_entrega1' build argument 'ament_cmake_args' from command line to 'None'
[0.823s] Level 5:colcon.colcon_core.verb:set package 'pkg_entrega1' build argument 'catkin_cmake_args' from command line to 'None'
[0.823s] Level 5:colcon.colcon_core.verb:set package 'pkg_entrega1' build argument 'catkin_skip_building_tests' from command line to 'False'
[0.823s] DEBUG:colcon.colcon_core.verb:Building package 'pkg_entrega1' with the following arguments: {'ament_cmake_args': None, 'build_base': '/home/jaime/ros2_ws/src/build/pkg_entrega1', 'catkin_cmake_args': None, 'catkin_skip_building_tests': False, 'cmake_args': None, 'cmake_clean_cache': False, 'cmake_clean_first': False, 'cmake_force_configure': False, 'cmake_target': None, 'cmake_target_skip_unavailable': False, 'install_base': '/home/jaime/ros2_ws/src/install/pkg_entrega1', 'merge_install': False, 'path': '/home/jaime/ros2_ws/src/pkg_entrega1', 'symlink_install': True, 'test_result_base': None}
[0.825s] Level 5:colcon.colcon_core.verb:set package 'pkg_entrega1_v2' build argument 'cmake_args' from command line to 'None'
[0.826s] Level 5:colcon.colcon_core.verb:set package 'pkg_entrega1_v2' build argument 'cmake_target' from command line to 'None'
[0.826s] Level 5:colcon.colcon_core.verb:set package 'pkg_entrega1_v2' build argument 'cmake_target_skip_unavailable' from command line to 'False'
[0.826s] Level 5:colcon.colcon_core.verb:set package 'pkg_entrega1_v2' build argument 'cmake_clean_cache' from command line to 'False'
[0.826s] Level 5:colcon.colcon_core.verb:set package 'pkg_entrega1_v2' build argument 'cmake_clean_first' from command line to 'False'
[0.826s] Level 5:colcon.colcon_core.verb:set package 'pkg_entrega1_v2' build argument 'cmake_force_configure' from command line to 'False'
[0.827s] Level 5:colcon.colcon_core.verb:set package 'pkg_entrega1_v2' build argument 'ament_cmake_args' from command line to 'None'
[0.827s] Level 5:colcon.colcon_core.verb:set package 'pkg_entrega1_v2' build argument 'catkin_cmake_args' from command line to 'None'
[0.827s] Level 5:colcon.colcon_core.verb:set package 'pkg_entrega1_v2' build argument 'catkin_skip_building_tests' from command line to 'False'
[0.827s] DEBUG:colcon.colcon_core.verb:Building package 'pkg_entrega1_v2' with the following arguments: {'ament_cmake_args': None, 'build_base': '/home/jaime/ros2_ws/src/build/pkg_entrega1_v2', 'catkin_cmake_args': None, 'catkin_skip_building_tests': False, 'cmake_args': None, 'cmake_clean_cache': False, 'cmake_clean_first': False, 'cmake_force_configure': False, 'cmake_target': None, 'cmake_target_skip_unavailable': False, 'install_base': '/home/jaime/ros2_ws/src/install/pkg_entrega1_v2', 'merge_install': False, 'path': '/home/jaime/ros2_ws/src/pkg_entrega1_v2', 'symlink_install': True, 'test_result_base': None}
[0.829s] Level 5:colcon.colcon_core.verb:set package 'pkg_entrega2' build argument 'cmake_args' from command line to 'None'
[0.829s] Level 5:colcon.colcon_core.verb:set package 'pkg_entrega2' build argument 'cmake_target' from command line to 'None'
[0.829s] Level 5:colcon.colcon_core.verb:set package 'pkg_entrega2' build argument 'cmake_target_skip_unavailable' from command line to 'False'
[0.829s] Level 5:colcon.colcon_core.verb:set package 'pkg_entrega2' build argument 'cmake_clean_cache' from command line to 'False'
[0.829s] Level 5:colcon.colcon_core.verb:set package 'pkg_entrega2' build argument 'cmake_clean_first' from command line to 'False'
[0.829s] Level 5:colcon.colcon_core.verb:set package 'pkg_entrega2' build argument 'cmake_force_configure' from command line to 'False'
[0.829s] Level 5:colcon.colcon_core.verb:set package 'pkg_entrega2' build argument 'ament_cmake_args' from command line to 'None'
[0.829s] Level 5:colcon.colcon_core.verb:set package 'pkg_entrega2' build argument 'catkin_cmake_args' from command line to 'None'
[0.829s] Level 5:colcon.colcon_core.verb:set package 'pkg_entrega2' build argument 'catkin_skip_building_tests' from command line to 'False'
[0.829s] DEBUG:colcon.colcon_core.verb:Building package 'pkg_entrega2' with the following arguments: {'ament_cmake_args': None, 'build_base': '/home/jaime/ros2_ws/src/build/pkg_entrega2', 'catkin_cmake_args': None, 'catkin_skip_building_tests': False, 'cmake_args': None, 'cmake_clean_cache': False, 'cmake_clean_first': False, 'cmake_force_configure': False, 'cmake_target': None, 'cmake_target_skip_unavailable': False, 'install_base': '/home/jaime/ros2_ws/src/install/pkg_entrega2', 'merge_install': False, 'path': '/home/jaime/ros2_ws/src/pkg_entrega2', 'symlink_install': True, 'test_result_base': None}
[0.831s] Level 5:colcon.colcon_core.verb:set package 'pkg_entrega2_v_quieta' build argument 'cmake_args' from command line to 'None'
[0.831s] Level 5:colcon.colcon_core.verb:set package 'pkg_entrega2_v_quieta' build argument 'cmake_target' from command line to 'None'
[0.832s] Level 5:colcon.colcon_core.verb:set package 'pkg_entrega2_v_quieta' build argument 'cmake_target_skip_unavailable' from command line to 'False'
[0.832s] Level 5:colcon.colcon_core.verb:set package 'pkg_entrega2_v_quieta' build argument 'cmake_clean_cache' from command line to 'False'
[0.832s] Level 5:colcon.colcon_core.verb:set package 'pkg_entrega2_v_quieta' build argument 'cmake_clean_first' from command line to 'False'
[0.832s] Level 5:colcon.colcon_core.verb:set package 'pkg_entrega2_v_quieta' build argument 'cmake_force_configure' from command line to 'False'
[0.832s] Level 5:colcon.colcon_core.verb:set package 'pkg_entrega2_v_quieta' build argument 'ament_cmake_args' from command line to 'None'
[0.832s] Level 5:colcon.colcon_core.verb:set package 'pkg_entrega2_v_quieta' build argument 'catkin_cmake_args' from command line to 'None'
[0.832s] Level 5:colcon.colcon_core.verb:set package 'pkg_entrega2_v_quieta' build argument 'catkin_skip_building_tests' from command line to 'False'
[0.832s] DEBUG:colcon.colcon_core.verb:Building package 'pkg_entrega2_v_quieta' with the following arguments: {'ament_cmake_args': None, 'build_base': '/home/jaime/ros2_ws/src/build/pkg_entrega2_v_quieta', 'catkin_cmake_args': None, 'catkin_skip_building_tests': False, 'cmake_args': None, 'cmake_clean_cache': False, 'cmake_clean_first': False, 'cmake_force_configure': False, 'cmake_target': None, 'cmake_target_skip_unavailable': False, 'install_base': '/home/jaime/ros2_ws/src/install/pkg_entrega2_v_quieta', 'merge_install': False, 'path': '/home/jaime/ros2_ws/src/pkg_entrega2_v_quieta', 'symlink_install': True, 'test_result_base': None}
[0.833s] INFO:colcon.colcon_core.executor:Executing jobs using 'parallel' executor
[0.843s] DEBUG:colcon.colcon_parallel_executor.executor.parallel:run_until_complete
[0.844s] INFO:colcon.colcon_ros.task.ament_python.build:Building ROS package in '/home/jaime/ros2_ws/src/control_difuso' with build type 'ament_python'
[0.844s] Level 1:colcon.colcon_core.shell:create_environment_hook('control_difuso', 'ament_prefix_path')
[0.854s] INFO:colcon.colcon_core.plugin_system:Skipping extension 'colcon_core.shell.bat': Not used on non-Windows systems
[0.855s] INFO:colcon.colcon_core.shell:Creating environment hook '/home/jaime/ros2_ws/src/install/control_difuso/share/control_difuso/hook/ament_prefix_path.ps1'
[0.860s] INFO:colcon.colcon_core.shell:Creating environment descriptor '/home/jaime/ros2_ws/src/install/control_difuso/share/control_difuso/hook/ament_prefix_path.dsv'
[0.862s] INFO:colcon.colcon_core.shell:Creating environment hook '/home/jaime/ros2_ws/src/install/control_difuso/share/control_difuso/hook/ament_prefix_path.sh'
[0.867s] INFO:colcon.colcon_core.shell:Skip shell extension 'powershell' for command environment: Not usable outside of PowerShell
[0.867s] DEBUG:colcon.colcon_core.shell:Skip shell extension 'dsv' for command environment
[0.897s] INFO:colcon.colcon_ros.task.ament_python.build:Building ROS package in '/home/jaime/ros2_ws/src/control_turtlebot' with build type 'ament_python'
[0.898s] Level 1:colcon.colcon_core.shell:create_environment_hook('control_turtlebot', 'ament_prefix_path')
[0.900s] INFO:colcon.colcon_core.shell:Creating environment hook '/home/jaime/ros2_ws/src/install/control_turtlebot/share/control_turtlebot/hook/ament_prefix_path.ps1'
[0.932s] INFO:colcon.colcon_core.shell:Creating environment descriptor '/home/jaime/ros2_ws/src/install/control_turtlebot/share/control_turtlebot/hook/ament_prefix_path.dsv'
[0.933s] INFO:colcon.colcon_core.shell:Creating environment hook '/home/jaime/ros2_ws/src/install/control_turtlebot/share/control_turtlebot/hook/ament_prefix_path.sh'
[0.937s] INFO:colcon.colcon_core.shell:Skip shell extension 'powershell' for command environment: Not usable outside of PowerShell
[0.938s] DEBUG:colcon.colcon_core.shell:Skip shell extension 'dsv' for command environment
[0.994s] INFO:colcon.colcon_ros.task.ament_python.build:Building ROS package in '/home/jaime/ros2_ws/src/pkg_entrega1' with build type 'ament_python'
[0.995s] Level 1:colcon.colcon_core.shell:create_environment_hook('pkg_entrega1', 'ament_prefix_path')
[0.997s] INFO:colcon.colcon_core.shell:Creating environment hook '/home/jaime/ros2_ws/src/install/pkg_entrega1/share/pkg_entrega1/hook/ament_prefix_path.ps1'
[1.004s] INFO:colcon.colcon_core.shell:Creating environment descriptor '/home/jaime/ros2_ws/src/install/pkg_entrega1/share/pkg_entrega1/hook/ament_prefix_path.dsv'
[1.005s] INFO:colcon.colcon_core.shell:Creating environment hook '/home/jaime/ros2_ws/src/install/pkg_entrega1/share/pkg_entrega1/hook/ament_prefix_path.sh'
[1.009s] INFO:colcon.colcon_core.shell:Skip shell extension 'powershell' for command environment: Not usable outside of PowerShell
[1.010s] DEBUG:colcon.colcon_core.shell:Skip shell extension 'dsv' for command environment
[1.027s] INFO:colcon.colcon_ros.task.ament_python.build:Building ROS package in '/home/jaime/ros2_ws/src/pkg_entrega1_v2' with build type 'ament_python'
[1.028s] Level 1:colcon.colcon_core.shell:create_environment_hook('pkg_entrega1_v2', 'ament_prefix_path')
[1.032s] INFO:colcon.colcon_core.shell:Creating environment hook '/home/jaime/ros2_ws/src/install/pkg_entrega1_v2/share/pkg_entrega1_v2/hook/ament_prefix_path.ps1'
[1.040s] INFO:colcon.colcon_core.shell:Creating environment descriptor '/home/jaime/ros2_ws/src/install/pkg_entrega1_v2/share/pkg_entrega1_v2/hook/ament_prefix_path.dsv'
[1.041s] INFO:colcon.colcon_core.shell:Creating environment hook '/home/jaime/ros2_ws/src/install/pkg_entrega1_v2/share/pkg_entrega1_v2/hook/ament_prefix_path.sh'
[1.046s] INFO:colcon.colcon_core.shell:Skip shell extension 'powershell' for command environment: Not usable outside of PowerShell
[1.046s] DEBUG:colcon.colcon_core.shell:Skip shell extension 'dsv' for command environment
[1.070s] INFO:colcon.colcon_ros.task.ament_python.build:Building ROS package in '/home/jaime/ros2_ws/src/pkg_entrega2' with build type 'ament_python'
[1.072s] Level 1:colcon.colcon_core.shell:create_environment_hook('pkg_entrega2', 'ament_prefix_path')
[1.075s] INFO:colcon.colcon_core.shell:Creating environment hook '/home/jaime/ros2_ws/src/install/pkg_entrega2/share/pkg_entrega2/hook/ament_prefix_path.ps1'
[1.090s] INFO:colcon.colcon_core.shell:Creating environment descriptor '/home/jaime/ros2_ws/src/install/pkg_entrega2/share/pkg_entrega2/hook/ament_prefix_path.dsv'
[1.091s] INFO:colcon.colcon_core.shell:Creating environment hook '/home/jaime/ros2_ws/src/install/pkg_entrega2/share/pkg_entrega2/hook/ament_prefix_path.sh'
[1.094s] INFO:colcon.colcon_core.shell:Skip shell extension 'powershell' for command environment: Not usable outside of PowerShell
[1.094s] DEBUG:colcon.colcon_core.shell:Skip shell extension 'dsv' for command environment
[1.574s] INFO:colcon.colcon_core.task.python.build:Building Python package in '/home/jaime/ros2_ws/src/control_difuso'
[1.577s] INFO:colcon.colcon_core.shell:Skip shell extension 'powershell' for command environment: Not usable outside of PowerShell
[1.583s] DEBUG:colcon.colcon_core.shell:Skip shell extension 'dsv' for command environment
[2.041s] INFO:colcon.colcon_core.task.python.build:Building Python package in '/home/jaime/ros2_ws/src/control_turtlebot'
[2.044s] INFO:colcon.colcon_core.shell:Skip shell extension 'powershell' for command environment: Not usable outside of PowerShell
[2.044s] DEBUG:colcon.colcon_core.shell:Skip shell extension 'dsv' for command environment
[2.498s] INFO:colcon.colcon_core.task.python.build:Building Python package in '/home/jaime/ros2_ws/src/pkg_entrega1'
[2.501s] INFO:colcon.colcon_core.shell:Skip shell extension 'powershell' for command environment: Not usable outside of PowerShell
[2.503s] DEBUG:colcon.colcon_core.shell:Skip shell extension 'dsv' for command environment
[2.935s] INFO:colcon.colcon_core.task.python.build:Building Python package in '/home/jaime/ros2_ws/src/pkg_entrega1_v2'
[2.939s] INFO:colcon.colcon_core.shell:Skip shell extension 'powershell' for command environment: Not usable outside of PowerShell
[2.940s] DEBUG:colcon.colcon_core.shell:Skip shell extension 'dsv' for command environment
[3.371s] INFO:colcon.colcon_core.task.python.build:Building Python package in '/home/jaime/ros2_ws/src/pkg_entrega2'
[3.374s] INFO:colcon.colcon_core.shell:Skip shell extension 'powershell' for command environment: Not usable outside of PowerShell
[3.374s] DEBUG:colcon.colcon_core.shell:Skip shell extension 'dsv' for command environment
[4.496s] DEBUG:colcon.colcon_core.event_handler.log_command:Invoking command in '/home/jaime/ros2_ws/src/build/control_turtlebot': PYTHONPATH=/home/jaime/ros2_ws/src/build/control_turtlebot/prefix_override:/home/jaime/ros2_ws/src/install/control_turtlebot/lib/python3.8/site-packages:${PYTHONPATH} /usr/bin/python3 setup.py develop --editable --build-directory /home/jaime/ros2_ws/src/build/control_turtlebot/build --no-deps install_data
[4.556s] DEBUG:colcon.colcon_core.event_handler.log_command:Invoking command in '/home/jaime/ros2_ws/src/build/pkg_entrega1': PYTHONPATH=/home/jaime/ros2_ws/src/build/pkg_entrega1/prefix_override:/home/jaime/ros2_ws/src/install/pkg_entrega1/lib/python3.8/site-packages:${PYTHONPATH} /usr/bin/python3 setup.py develop --editable --build-directory /home/jaime/ros2_ws/src/build/pkg_entrega1/build --no-deps install_data
[4.653s] DEBUG:colcon.colcon_core.event_handler.log_command:Invoking command in '/home/jaime/ros2_ws/src/build/control_difuso': PYTHONPATH=/home/jaime/ros2_ws/src/build/control_difuso/prefix_override:/home/jaime/ros2_ws/src/install/control_difuso/lib/python3.8/site-packages:${PYTHONPATH} /usr/bin/python3 setup.py develop --editable --build-directory /home/jaime/ros2_ws/src/build/control_difuso/build --no-deps install_data
[4.742s] DEBUG:colcon.colcon_core.event_handler.log_command:Invoking command in '/home/jaime/ros2_ws/src/build/pkg_entrega1_v2': PYTHONPATH=/home/jaime/ros2_ws/src/build/pkg_entrega1_v2/prefix_override:/home/jaime/ros2_ws/src/install/pkg_entrega1_v2/lib/python3.8/site-packages:${PYTHONPATH} /usr/bin/python3 setup.py develop --editable --build-directory /home/jaime/ros2_ws/src/build/pkg_entrega1_v2/build --no-deps install_data
[4.902s] DEBUG:colcon.colcon_core.event_handler.log_command:Invoking command in '/home/jaime/ros2_ws/src/build/pkg_entrega2': PYTHONPATH=/home/jaime/ros2_ws/src/build/pkg_entrega2/prefix_override:/home/jaime/ros2_ws/src/install/pkg_entrega2/lib/python3.8/site-packages:${PYTHONPATH} /usr/bin/python3 setup.py develop --editable --build-directory /home/jaime/ros2_ws/src/build/pkg_entrega2/build --no-deps install_data
[5.678s] Level 1:colcon.colcon_core.shell:create_environment_hook('control_difuso', 'pythonpath_develop')
[5.681s] INFO:colcon.colcon_core.shell:Creating environment hook '/home/jaime/ros2_ws/src/build/control_difuso/share/control_difuso/hook/pythonpath_develop.ps1'
[5.683s] DEBUG:colcon.colcon_core.event_handler.log_command:Invoked command in '/home/jaime/ros2_ws/src/build/control_difuso' returned '0': PYTHONPATH=/home/jaime/ros2_ws/src/build/control_difuso/prefix_override:/home/jaime/ros2_ws/src/install/control_difuso/lib/python3.8/site-packages:${PYTHONPATH} /usr/bin/python3 setup.py develop --editable --build-directory /home/jaime/ros2_ws/src/build/control_difuso/build --no-deps install_data
[5.686s] INFO:colcon.colcon_core.shell:Creating environment descriptor '/home/jaime/ros2_ws/src/build/control_difuso/share/control_difuso/hook/pythonpath_develop.dsv'
[5.688s] INFO:colcon.colcon_core.shell:Creating environment hook '/home/jaime/ros2_ws/src/build/control_difuso/share/control_difuso/hook/pythonpath_develop.sh'
[5.736s] Level 1:colcon.colcon_core.environment:checking '/home/jaime/ros2_ws/src/install/control_difuso' for CMake module files
[5.755s] Level 1:colcon.colcon_core.environment:checking '/home/jaime/ros2_ws/src/install/control_difuso' for CMake config files
[5.770s] Level 1:colcon.colcon_core.environment:checking '/home/jaime/ros2_ws/src/install/control_difuso/lib'
[5.771s] Level 1:colcon.colcon_core.environment:checking '/home/jaime/ros2_ws/src/install/control_difuso/bin'
[5.771s] Level 1:colcon.colcon_core.environment:checking '/home/jaime/ros2_ws/src/install/control_difuso/lib/pkgconfig/control_difuso.pc'
[5.772s] Level 1:colcon.colcon_core.environment:checking '/home/jaime/ros2_ws/src/install/control_difuso/lib/python3.8/site-packages'
[5.772s] Level 1:colcon.colcon_core.shell:create_environment_hook('control_difuso', 'pythonpath')
[5.774s] INFO:colcon.colcon_core.shell:Creating environment hook '/home/jaime/ros2_ws/src/install/control_difuso/share/control_difuso/hook/pythonpath.ps1'
[5.781s] INFO:colcon.colcon_core.shell:Creating environment descriptor '/home/jaime/ros2_ws/src/install/control_difuso/share/control_difuso/hook/pythonpath.dsv'
[5.786s] INFO:colcon.colcon_core.shell:Creating environment hook '/home/jaime/ros2_ws/src/install/control_difuso/share/control_difuso/hook/pythonpath.sh'
[5.789s] Level 1:colcon.colcon_core.environment:checking '/home/jaime/ros2_ws/src/install/control_difuso/bin'
[5.789s] Level 1:colcon.colcon_core.environment:create_environment_scripts_only(control_difuso)
[5.792s] INFO:colcon.colcon_core.shell:Creating package script '/home/jaime/ros2_ws/src/install/control_difuso/share/control_difuso/package.ps1'
[5.795s] INFO:colcon.colcon_core.shell:Creating package descriptor '/home/jaime/ros2_ws/src/install/control_difuso/share/control_difuso/package.dsv'
[5.796s] INFO:colcon.colcon_core.shell:Creating package script '/home/jaime/ros2_ws/src/install/control_difuso/share/control_difuso/package.sh'
[5.798s] INFO:colcon.colcon_core.shell:Creating package script '/home/jaime/ros2_ws/src/install/control_difuso/share/control_difuso/package.bash'
[5.800s] INFO:colcon.colcon_core.shell:Creating package script '/home/jaime/ros2_ws/src/install/control_difuso/share/control_difuso/package.zsh'
[5.803s] Level 1:colcon.colcon_core.environment:create_file_with_runtime_dependencies(/home/jaime/ros2_ws/src/install/control_difuso/share/colcon-core/packages/control_difuso)
[5.806s] INFO:colcon.colcon_ros.task.ament_python.build:Building ROS package in '/home/jaime/ros2_ws/src/pkg_entrega2_v_quieta' with build type 'ament_python'
[5.807s] Level 1:colcon.colcon_core.shell:create_environment_hook('pkg_entrega2_v_quieta', 'ament_prefix_path')
[5.809s] INFO:colcon.colcon_core.shell:Creating environment hook '/home/jaime/ros2_ws/src/install/pkg_entrega2_v_quieta/share/pkg_entrega2_v_quieta/hook/ament_prefix_path.ps1'
[5.814s] INFO:colcon.colcon_core.shell:Creating environment descriptor '/home/jaime/ros2_ws/src/install/pkg_entrega2_v_quieta/share/pkg_entrega2_v_quieta/hook/ament_prefix_path.dsv'
[5.818s] INFO:colcon.colcon_core.shell:Creating environment hook '/home/jaime/ros2_ws/src/install/pkg_entrega2_v_quieta/share/pkg_entrega2_v_quieta/hook/ament_prefix_path.sh'
[5.824s] INFO:colcon.colcon_core.shell:Skip shell extension 'powershell' for command environment: Not usable outside of PowerShell
[5.832s] DEBUG:colcon.colcon_core.shell:Skip shell extension 'dsv' for command environment
[5.973s] Level 1:colcon.colcon_core.shell:create_environment_hook('control_turtlebot', 'pythonpath_develop')
[5.974s] DEBUG:colcon.colcon_core.event_handler.log_command:Invoked command in '/home/jaime/ros2_ws/src/build/control_turtlebot' returned '0': PYTHONPATH=/home/jaime/ros2_ws/src/build/control_turtlebot/prefix_override:/home/jaime/ros2_ws/src/install/control_turtlebot/lib/python3.8/site-packages:${PYTHONPATH} /usr/bin/python3 setup.py develop --editable --build-directory /home/jaime/ros2_ws/src/build/control_turtlebot/build --no-deps install_data
[5.977s] INFO:colcon.colcon_core.shell:Creating environment hook '/home/jaime/ros2_ws/src/build/control_turtlebot/share/control_turtlebot/hook/pythonpath_develop.ps1'
[5.992s] INFO:colcon.colcon_core.shell:Creating environment descriptor '/home/jaime/ros2_ws/src/build/control_turtlebot/share/control_turtlebot/hook/pythonpath_develop.dsv'
[5.992s] INFO:colcon.colcon_core.shell:Creating environment hook '/home/jaime/ros2_ws/src/build/control_turtlebot/share/control_turtlebot/hook/pythonpath_develop.sh'
[5.996s] Level 1:colcon.colcon_core.environment:checking '/home/jaime/ros2_ws/src/install/control_turtlebot' for CMake module files
[5.997s] Level 1:colcon.colcon_core.environment:checking '/home/jaime/ros2_ws/src/install/control_turtlebot' for CMake config files
[6.036s] Level 1:colcon.colcon_core.environment:checking '/home/jaime/ros2_ws/src/install/control_turtlebot/lib'
[6.037s] Level 1:colcon.colcon_core.environment:checking '/home/jaime/ros2_ws/src/install/control_turtlebot/bin'
[6.037s] Level 1:colcon.colcon_core.environment:checking '/home/jaime/ros2_ws/src/install/control_turtlebot/lib/pkgconfig/control_turtlebot.pc'
[6.037s] Level 1:colcon.colcon_core.environment:checking '/home/jaime/ros2_ws/src/install/control_turtlebot/lib/python3.8/site-packages'
[6.038s] Level 1:colcon.colcon_core.shell:create_environment_hook('control_turtlebot', 'pythonpath')
[6.040s] INFO:colcon.colcon_core.shell:Creating environment hook '/home/jaime/ros2_ws/src/install/control_turtlebot/share/control_turtlebot/hook/pythonpath.ps1'
[6.042s] INFO:colcon.colcon_core.shell:Creating environment descriptor '/home/jaime/ros2_ws/src/install/control_turtlebot/share/control_turtlebot/hook/pythonpath.dsv'
[6.047s] INFO:colcon.colcon_core.shell:Creating environment hook '/home/jaime/ros2_ws/src/install/control_turtlebot/share/control_turtlebot/hook/pythonpath.sh'
[6.048s] Level 1:colcon.colcon_core.environment:checking '/home/jaime/ros2_ws/src/install/control_turtlebot/bin'
[6.049s] Level 1:colcon.colcon_core.environment:create_environment_scripts_only(control_turtlebot)
[6.051s] INFO:colcon.colcon_core.shell:Creating package script '/home/jaime/ros2_ws/src/install/control_turtlebot/share/control_turtlebot/package.ps1'
[6.052s] INFO:colcon.colcon_core.shell:Creating package descriptor '/home/jaime/ros2_ws/src/install/control_turtlebot/share/control_turtlebot/package.dsv'
[6.053s] INFO:colcon.colcon_core.shell:Creating package script '/home/jaime/ros2_ws/src/install/control_turtlebot/share/control_turtlebot/package.sh'
[6.054s] INFO:colcon.colcon_core.shell:Creating package script '/home/jaime/ros2_ws/src/install/control_turtlebot/share/control_turtlebot/package.bash'
[6.054s] INFO:colcon.colcon_core.shell:Creating package script '/home/jaime/ros2_ws/src/install/control_turtlebot/share/control_turtlebot/package.zsh'
[6.055s] Level 1:colcon.colcon_core.environment:create_file_with_runtime_dependencies(/home/jaime/ros2_ws/src/install/control_turtlebot/share/colcon-core/packages/control_turtlebot)
[6.519s] INFO:colcon.colcon_core.task.python.build:Building Python package in '/home/jaime/ros2_ws/src/pkg_entrega2_v_quieta'
[6.522s] INFO:colcon.colcon_core.shell:Skip shell extension 'powershell' for command environment: Not usable outside of PowerShell
[6.522s] DEBUG:colcon.colcon_core.shell:Skip shell extension 'dsv' for command environment
[6.544s] Level 1:colcon.colcon_core.shell:create_environment_hook('pkg_entrega1_v2', 'pythonpath_develop')
[6.547s] INFO:colcon.colcon_core.shell:Creating environment hook '/home/jaime/ros2_ws/src/build/pkg_entrega1_v2/share/pkg_entrega1_v2/hook/pythonpath_develop.ps1'
[6.552s] DEBUG:colcon.colcon_core.event_handler.log_command:Invoked command in '/home/jaime/ros2_ws/src/build/pkg_entrega1_v2' returned '0': PYTHONPATH=/home/jaime/ros2_ws/src/build/pkg_entrega1_v2/prefix_override:/home/jaime/ros2_ws/src/install/pkg_entrega1_v2/lib/python3.8/site-packages:${PYTHONPATH} /usr/bin/python3 setup.py develop --editable --build-directory /home/jaime/ros2_ws/src/build/pkg_entrega1_v2/build --no-deps install_data
[6.554s] INFO:colcon.colcon_core.shell:Creating environment descriptor '/home/jaime/ros2_ws/src/build/pkg_entrega1_v2/share/pkg_entrega1_v2/hook/pythonpath_develop.dsv'
[6.555s] INFO:colcon.colcon_core.shell:Creating environment hook '/home/jaime/ros2_ws/src/build/pkg_entrega1_v2/share/pkg_entrega1_v2/hook/pythonpath_develop.sh'
[6.559s] Level 1:colcon.colcon_core.environment:checking '/home/jaime/ros2_ws/src/install/pkg_entrega1_v2' for CMake module files
[6.560s] Level 1:colcon.colcon_core.environment:checking '/home/jaime/ros2_ws/src/install/pkg_entrega1_v2' for CMake config files
[6.564s] Level 1:colcon.colcon_core.environment:checking '/home/jaime/ros2_ws/src/install/pkg_entrega1_v2/lib'
[6.567s] Level 1:colcon.colcon_core.environment:checking '/home/jaime/ros2_ws/src/install/pkg_entrega1_v2/bin'
[6.567s] Level 1:colcon.colcon_core.environment:checking '/home/jaime/ros2_ws/src/install/pkg_entrega1_v2/lib/pkgconfig/pkg_entrega1_v2.pc'
[6.567s] Level 1:colcon.colcon_core.environment:checking '/home/jaime/ros2_ws/src/install/pkg_entrega1_v2/lib/python3.8/site-packages'
[6.568s] Level 1:colcon.colcon_core.shell:create_environment_hook('pkg_entrega1_v2', 'pythonpath')
[6.570s] INFO:colcon.colcon_core.shell:Creating environment hook '/home/jaime/ros2_ws/src/install/pkg_entrega1_v2/share/pkg_entrega1_v2/hook/pythonpath.ps1'
[6.572s] INFO:colcon.colcon_core.shell:Creating environment descriptor '/home/jaime/ros2_ws/src/install/pkg_entrega1_v2/share/pkg_entrega1_v2/hook/pythonpath.dsv'
[6.572s] INFO:colcon.colcon_core.shell:Creating environment hook '/home/jaime/ros2_ws/src/install/pkg_entrega1_v2/share/pkg_entrega1_v2/hook/pythonpath.sh'
[6.575s] Level 1:colcon.colcon_core.environment:checking '/home/jaime/ros2_ws/src/install/pkg_entrega1_v2/bin'
[6.576s] Level 1:colcon.colcon_core.environment:create_environment_scripts_only(pkg_entrega1_v2)
[6.579s] INFO:colcon.colcon_core.shell:Creating package script '/home/jaime/ros2_ws/src/install/pkg_entrega1_v2/share/pkg_entrega1_v2/package.ps1'
[6.581s] INFO:colcon.colcon_core.shell:Creating package descriptor '/home/jaime/ros2_ws/src/install/pkg_entrega1_v2/share/pkg_entrega1_v2/package.dsv'
[6.582s] INFO:colcon.colcon_core.shell:Creating package script '/home/jaime/ros2_ws/src/install/pkg_entrega1_v2/share/pkg_entrega1_v2/package.sh'
[6.583s] INFO:colcon.colcon_core.shell:Creating package script '/home/jaime/ros2_ws/src/install/pkg_entrega1_v2/share/pkg_entrega1_v2/package.bash'
[6.584s] INFO:colcon.colcon_core.shell:Creating package script '/home/jaime/ros2_ws/src/install/pkg_entrega1_v2/share/pkg_entrega1_v2/package.zsh'
[6.584s] Level 1:colcon.colcon_core.environment:create_file_with_runtime_dependencies(/home/jaime/ros2_ws/src/install/pkg_entrega1_v2/share/colcon-core/packages/pkg_entrega1_v2)
[6.588s] Level 1:colcon.colcon_core.shell:create_environment_hook('pkg_entrega1', 'pythonpath_develop')
[6.588s] DEBUG:colcon.colcon_core.event_handler.log_command:Invoked command in '/home/jaime/ros2_ws/src/build/pkg_entrega1' returned '0': PYTHONPATH=/home/jaime/ros2_ws/src/build/pkg_entrega1/prefix_override:/home/jaime/ros2_ws/src/install/pkg_entrega1/lib/python3.8/site-packages:${PYTHONPATH} /usr/bin/python3 setup.py develop --editable --build-directory /home/jaime/ros2_ws/src/build/pkg_entrega1/build --no-deps install_data
[6.591s] INFO:colcon.colcon_core.shell:Creating environment hook '/home/jaime/ros2_ws/src/build/pkg_entrega1/share/pkg_entrega1/hook/pythonpath_develop.ps1'
[6.599s] INFO:colcon.colcon_core.shell:Creating environment descriptor '/home/jaime/ros2_ws/src/build/pkg_entrega1/share/pkg_entrega1/hook/pythonpath_develop.dsv'
[6.600s] INFO:colcon.colcon_core.shell:Creating environment hook '/home/jaime/ros2_ws/src/build/pkg_entrega1/share/pkg_entrega1/hook/pythonpath_develop.sh'
[6.604s] Level 1:colcon.colcon_core.environment:checking '/home/jaime/ros2_ws/src/install/pkg_entrega1' for CMake module files
[6.605s] Level 1:colcon.colcon_core.environment:checking '/home/jaime/ros2_ws/src/install/pkg_entrega1' for CMake config files
[6.609s] Level 1:colcon.colcon_core.environment:checking '/home/jaime/ros2_ws/src/install/pkg_entrega1/lib'
[6.610s] Level 1:colcon.colcon_core.environment:checking '/home/jaime/ros2_ws/src/install/pkg_entrega1/bin'
[6.610s] Level 1:colcon.colcon_core.environment:checking '/home/jaime/ros2_ws/src/install/pkg_entrega1/lib/pkgconfig/pkg_entrega1.pc'
[6.610s] Level 1:colcon.colcon_core.environment:checking '/home/jaime/ros2_ws/src/install/pkg_entrega1/lib/python3.8/site-packages'
[6.610s] Level 1:colcon.colcon_core.shell:create_environment_hook('pkg_entrega1', 'pythonpath')
[6.612s] INFO:colcon.colcon_core.shell:Creating environment hook '/home/jaime/ros2_ws/src/install/pkg_entrega1/share/pkg_entrega1/hook/pythonpath.ps1'
[6.614s] INFO:colcon.colcon_core.shell:Creating environment descriptor '/home/jaime/ros2_ws/src/install/pkg_entrega1/share/pkg_entrega1/hook/pythonpath.dsv'
[6.617s] INFO:colcon.colcon_core.shell:Creating environment hook '/home/jaime/ros2_ws/src/install/pkg_entrega1/share/pkg_entrega1/hook/pythonpath.sh'
[6.620s] Level 1:colcon.colcon_core.environment:checking '/home/jaime/ros2_ws/src/install/pkg_entrega1/bin'
[6.621s] Level 1:colcon.colcon_core.environment:create_environment_scripts_only(pkg_entrega1)
[6.624s] INFO:colcon.colcon_core.shell:Creating package script '/home/jaime/ros2_ws/src/install/pkg_entrega1/share/pkg_entrega1/package.ps1'
[6.626s] INFO:colcon.colcon_core.shell:Creating package descriptor '/home/jaime/ros2_ws/src/install/pkg_entrega1/share/pkg_entrega1/package.dsv'
[6.630s] INFO:colcon.colcon_core.shell:Creating package script '/home/jaime/ros2_ws/src/install/pkg_entrega1/share/pkg_entrega1/package.sh'
[6.631s] INFO:colcon.colcon_core.shell:Creating package script '/home/jaime/ros2_ws/src/install/pkg_entrega1/share/pkg_entrega1/package.bash'
[6.632s] INFO:colcon.colcon_core.shell:Creating package script '/home/jaime/ros2_ws/src/install/pkg_entrega1/share/pkg_entrega1/package.zsh'
[6.633s] Level 1:colcon.colcon_core.environment:create_file_with_runtime_dependencies(/home/jaime/ros2_ws/src/install/pkg_entrega1/share/colcon-core/packages/pkg_entrega1)
[6.634s] Level 1:colcon.colcon_core.shell:create_environment_hook('pkg_entrega2', 'pythonpath_develop')
[6.638s] INFO:colcon.colcon_core.shell:Creating environment hook '/home/jaime/ros2_ws/src/build/pkg_entrega2/share/pkg_entrega2/hook/pythonpath_develop.ps1'
[6.641s] DEBUG:colcon.colcon_core.event_handler.log_command:Invoked command in '/home/jaime/ros2_ws/src/build/pkg_entrega2' returned '0': PYTHONPATH=/home/jaime/ros2_ws/src/build/pkg_entrega2/prefix_override:/home/jaime/ros2_ws/src/install/pkg_entrega2/lib/python3.8/site-packages:${PYTHONPATH} /usr/bin/python3 setup.py develop --editable --build-directory /home/jaime/ros2_ws/src/build/pkg_entrega2/build --no-deps install_data
[6.644s] INFO:colcon.colcon_core.shell:Creating environment descriptor '/home/jaime/ros2_ws/src/build/pkg_entrega2/share/pkg_entrega2/hook/pythonpath_develop.dsv'
[6.645s] INFO:colcon.colcon_core.shell:Creating environment hook '/home/jaime/ros2_ws/src/build/pkg_entrega2/share/pkg_entrega2/hook/pythonpath_develop.sh'
[6.650s] Level 1:colcon.colcon_core.environment:checking '/home/jaime/ros2_ws/src/install/pkg_entrega2' for CMake module files
[6.654s] Level 1:colcon.colcon_core.environment:checking '/home/jaime/ros2_ws/src/install/pkg_entrega2' for CMake config files
[6.678s] Level 1:colcon.colcon_core.environment:checking '/home/jaime/ros2_ws/src/install/pkg_entrega2/lib'
[6.678s] Level 1:colcon.colcon_core.environment:checking '/home/jaime/ros2_ws/src/install/pkg_entrega2/bin'
[6.678s] Level 1:colcon.colcon_core.environment:checking '/home/jaime/ros2_ws/src/install/pkg_entrega2/lib/pkgconfig/pkg_entrega2.pc'
[6.679s] Level 1:colcon.colcon_core.environment:checking '/home/jaime/ros2_ws/src/install/pkg_entrega2/lib/python3.8/site-packages'
[6.679s] Level 1:colcon.colcon_core.shell:create_environment_hook('pkg_entrega2', 'pythonpath')
[6.681s] INFO:colcon.colcon_core.shell:Creating environment hook '/home/jaime/ros2_ws/src/install/pkg_entrega2/share/pkg_entrega2/hook/pythonpath.ps1'
[6.682s] INFO:colcon.colcon_core.shell:Creating environment descriptor '/home/jaime/ros2_ws/src/install/pkg_entrega2/share/pkg_entrega2/hook/pythonpath.dsv'
[6.683s] INFO:colcon.colcon_core.shell:Creating environment hook '/home/jaime/ros2_ws/src/install/pkg_entrega2/share/pkg_entrega2/hook/pythonpath.sh'
[6.684s] Level 1:colcon.colcon_core.environment:checking '/home/jaime/ros2_ws/src/install/pkg_entrega2/bin'
[6.685s] Level 1:colcon.colcon_core.environment:create_environment_scripts_only(pkg_entrega2)
[6.687s] INFO:colcon.colcon_core.shell:Creating package script '/home/jaime/ros2_ws/src/install/pkg_entrega2/share/pkg_entrega2/package.ps1'
[6.690s] INFO:colcon.colcon_core.shell:Creating package descriptor '/home/jaime/ros2_ws/src/install/pkg_entrega2/share/pkg_entrega2/package.dsv'
[6.692s] INFO:colcon.colcon_core.shell:Creating package script '/home/jaime/ros2_ws/src/install/pkg_entrega2/share/pkg_entrega2/package.sh'
[6.693s] INFO:colcon.colcon_core.shell:Creating package script '/home/jaime/ros2_ws/src/install/pkg_entrega2/share/pkg_entrega2/package.bash'
[6.695s] INFO:colcon.colcon_core.shell:Creating package script '/home/jaime/ros2_ws/src/install/pkg_entrega2/share/pkg_entrega2/package.zsh'
[6.695s] Level 1:colcon.colcon_core.environment:create_file_with_runtime_dependencies(/home/jaime/ros2_ws/src/install/pkg_entrega2/share/colcon-core/packages/pkg_entrega2)
[7.448s] DEBUG:colcon.colcon_core.event_handler.log_command:Invoking command in '/home/jaime/ros2_ws/src/build/pkg_entrega2_v_quieta': PYTHONPATH=/home/jaime/ros2_ws/src/build/pkg_entrega2_v_quieta/prefix_override:/home/jaime/ros2_ws/src/install/pkg_entrega2_v_quieta/lib/python3.8/site-packages:${PYTHONPATH} /usr/bin/python3 setup.py develop --editable --build-directory /home/jaime/ros2_ws/src/build/pkg_entrega2_v_quieta/build --no-deps install_data
[8.316s] Level 1:colcon.colcon_core.shell:create_environment_hook('pkg_entrega2_v_quieta', 'pythonpath_develop')
[8.318s] INFO:colcon.colcon_core.shell:Creating environment hook '/home/jaime/ros2_ws/src/build/pkg_entrega2_v_quieta/share/pkg_entrega2_v_quieta/hook/pythonpath_develop.ps1'
[8.321s] DEBUG:colcon.colcon_core.event_handler.log_command:Invoked command in '/home/jaime/ros2_ws/src/build/pkg_entrega2_v_quieta' returned '0': PYTHONPATH=/home/jaime/ros2_ws/src/build/pkg_entrega2_v_quieta/prefix_override:/home/jaime/ros2_ws/src/install/pkg_entrega2_v_quieta/lib/python3.8/site-packages:${PYTHONPATH} /usr/bin/python3 setup.py develop --editable --build-directory /home/jaime/ros2_ws/src/build/pkg_entrega2_v_quieta/build --no-deps install_data
[8.323s] INFO:colcon.colcon_core.shell:Creating environment descriptor '/home/jaime/ros2_ws/src/build/pkg_entrega2_v_quieta/share/pkg_entrega2_v_quieta/hook/pythonpath_develop.dsv'
[8.324s] INFO:colcon.colcon_core.shell:Creating environment hook '/home/jaime/ros2_ws/src/build/pkg_entrega2_v_quieta/share/pkg_entrega2_v_quieta/hook/pythonpath_develop.sh'
[8.330s] Level 1:colcon.colcon_core.environment:checking '/home/jaime/ros2_ws/src/install/pkg_entrega2_v_quieta' for CMake module files
[8.331s] Level 1:colcon.colcon_core.environment:checking '/home/jaime/ros2_ws/src/install/pkg_entrega2_v_quieta' for CMake config files
[8.337s] Level 1:colcon.colcon_core.environment:checking '/home/jaime/ros2_ws/src/install/pkg_entrega2_v_quieta/lib'
[8.338s] Level 1:colcon.colcon_core.environment:checking '/home/jaime/ros2_ws/src/install/pkg_entrega2_v_quieta/bin'
[8.338s] Level 1:colcon.colcon_core.environment:checking '/home/jaime/ros2_ws/src/install/pkg_entrega2_v_quieta/lib/pkgconfig/pkg_entrega2_v_quieta.pc'
[8.338s] Level 1:colcon.colcon_core.environment:checking '/home/jaime/ros2_ws/src/install/pkg_entrega2_v_quieta/lib/python3.8/site-packages'
[8.339s] Level 1:colcon.colcon_core.shell:create_environment_hook('pkg_entrega2_v_quieta', 'pythonpath')
[8.341s] INFO:colcon.colcon_core.shell:Creating environment hook '/home/jaime/ros2_ws/src/install/pkg_entrega2_v_quieta/share/pkg_entrega2_v_quieta/hook/pythonpath.ps1'
[8.343s] INFO:colcon.colcon_core.shell:Creating environment descriptor '/home/jaime/ros2_ws/src/install/pkg_entrega2_v_quieta/share/pkg_entrega2_v_quieta/hook/pythonpath.dsv'
[8.343s] INFO:colcon.colcon_core.shell:Creating environment hook '/home/jaime/ros2_ws/src/install/pkg_entrega2_v_quieta/share/pkg_entrega2_v_quieta/hook/pythonpath.sh'
[8.344s] Level 1:colcon.colcon_core.environment:checking '/home/jaime/ros2_ws/src/install/pkg_entrega2_v_quieta/bin'
[8.344s] Level 1:colcon.colcon_core.environment:create_environment_scripts_only(pkg_entrega2_v_quieta)
[8.347s] INFO:colcon.colcon_core.shell:Creating package script '/home/jaime/ros2_ws/src/install/pkg_entrega2_v_quieta/share/pkg_entrega2_v_quieta/package.ps1'
[8.349s] INFO:colcon.colcon_core.shell:Creating package descriptor '/home/jaime/ros2_ws/src/install/pkg_entrega2_v_quieta/share/pkg_entrega2_v_quieta/package.dsv'
[8.350s] INFO:colcon.colcon_core.shell:Creating package script '/home/jaime/ros2_ws/src/install/pkg_entrega2_v_quieta/share/pkg_entrega2_v_quieta/package.sh'
[8.350s] INFO:colcon.colcon_core.shell:Creating package script '/home/jaime/ros2_ws/src/install/pkg_entrega2_v_quieta/share/pkg_entrega2_v_quieta/package.bash'
[8.351s] INFO:colcon.colcon_core.shell:Creating package script '/home/jaime/ros2_ws/src/install/pkg_entrega2_v_quieta/share/pkg_entrega2_v_quieta/package.zsh'
[8.351s] Level 1:colcon.colcon_core.environment:create_file_with_runtime_dependencies(/home/jaime/ros2_ws/src/install/pkg_entrega2_v_quieta/share/colcon-core/packages/pkg_entrega2_v_quieta)
[8.352s] DEBUG:colcon.colcon_parallel_executor.executor.parallel:closing loop
[8.356s] DEBUG:colcon.colcon_parallel_executor.executor.parallel:loop closed
[8.356s] DEBUG:colcon.colcon_parallel_executor.executor.parallel:run_until_complete finished with '0'
[8.356s] DEBUG:colcon.colcon_core.event_reactor:joining thread
[8.371s] INFO:colcon.colcon_core.plugin_system:Skipping extension 'colcon_notification.desktop_notification.terminal_notifier': Not used on non-Darwin systems
[8.372s] INFO:colcon.colcon_core.plugin_system:Skipping extension 'colcon_notification.desktop_notification.win32': Not used on non-Windows systems
[8.372s] INFO:colcon.colcon_notification.desktop_notification:Sending desktop notification using 'notify2'
[8.431s] DEBUG:colcon.colcon_core.event_reactor:joined thread
[8.433s] INFO:colcon.colcon_core.shell:Creating prefix script '/home/jaime/ros2_ws/src/install/local_setup.ps1'
[8.435s] INFO:colcon.colcon_core.shell:Creating prefix util module '/home/jaime/ros2_ws/src/install/_local_setup_util_ps1.py'
[8.438s] INFO:colcon.colcon_core.shell:Creating prefix chain script '/home/jaime/ros2_ws/src/install/setup.ps1'
[8.441s] INFO:colcon.colcon_core.shell:Creating prefix script '/home/jaime/ros2_ws/src/install/local_setup.sh'
[8.454s] INFO:colcon.colcon_core.shell:Creating prefix util module '/home/jaime/ros2_ws/src/install/_local_setup_util_sh.py'
[8.455s] INFO:colcon.colcon_core.shell:Creating prefix chain script '/home/jaime/ros2_ws/src/install/setup.sh'
[8.460s] INFO:colcon.colcon_core.shell:Creating prefix script '/home/jaime/ros2_ws/src/install/local_setup.bash'
[8.461s] INFO:colcon.colcon_core.shell:Creating prefix chain script '/home/jaime/ros2_ws/src/install/setup.bash'
[8.467s] INFO:colcon.colcon_core.shell:Creating prefix script '/home/jaime/ros2_ws/src/install/local_setup.zsh'
[8.468s] INFO:colcon.colcon_core.shell:Creating prefix chain script '/home/jaime/ros2_ws/src/install/setup.zsh'
