[4.555s] Invoking command in '/home/jaime/ros2_ws/src/build/control_turtlebot': PYTHONPATH=/home/jaime/ros2_ws/src/build/control_turtlebot/prefix_override:/home/jaime/ros2_ws/src/install/control_turtlebot/lib/python3.8/site-packages:${PYTHONPATH} /usr/bin/python3 setup.py develop --editable --build-directory /home/jaime/ros2_ws/src/build/control_turtlebot/build --no-deps install_data
[5.228s] running develop
[5.627s] running egg_info
[5.627s] writing control_turtlebot.egg-info/PKG-INFO
[5.627s] writing dependency_links to control_turtlebot.egg-info/dependency_links.txt
[5.641s] writing entry points to control_turtlebot.egg-info/entry_points.txt
[5.641s] writing requirements to control_turtlebot.egg-info/requires.txt
[5.641s] writing top-level names to control_turtlebot.egg-info/top_level.txt
[5.704s] reading manifest file 'control_turtlebot.egg-info/SOURCES.txt'
[5.706s] writing manifest file 'control_turtlebot.egg-info/SOURCES.txt'
[5.766s] running build_ext
[5.768s] Creating /home/jaime/ros2_ws/src/install/control_turtlebot/lib/python3.8/site-packages/control-turtlebot.egg-link (link to .)
[5.770s] Installing nodo_publicador script to /home/jaime/ros2_ws/src/install/control_turtlebot/lib/control_turtlebot
[5.776s] Installing nodo_publicador_difuso script to /home/jaime/ros2_ws/src/install/control_turtlebot/lib/control_turtlebot
[5.776s] Installing nodo_publicador_domingo script to /home/jaime/ros2_ws/src/install/control_turtlebot/lib/control_turtlebot
[5.778s] Installing nodo_publicador_profe_no_tocar script to /home/jaime/ros2_ws/src/install/control_turtlebot/lib/control_turtlebot
[5.778s] Installing nodo_publicador_viernes script to /home/jaime/ros2_ws/src/install/control_turtlebot/lib/control_turtlebot
[5.799s] 
[5.800s] Installed /home/jaime/ros2_ws/src/build/control_turtlebot
[5.800s] running install_data
[6.450s] Invoked command in '/home/jaime/ros2_ws/src/build/control_turtlebot' returned '0': PYTHONPATH=/home/jaime/ros2_ws/src/build/control_turtlebot/prefix_override:/home/jaime/ros2_ws/src/install/control_turtlebot/lib/python3.8/site-packages:${PYTHONPATH} /usr/bin/python3 setup.py develop --editable --build-directory /home/jaime/ros2_ws/src/build/control_turtlebot/build --no-deps install_data
