[3.984s] Invoking command in '/home/jaime/ros2_ws/src/build/control_turtlebot': PYTHONPATH=/home/jaime/ros2_ws/src/build/control_turtlebot/prefix_override:/home/jaime/ros2_ws/src/install/control_turtlebot/lib/python3.8/site-packages:${PYTHONPATH} /usr/bin/python3 setup.py develop --editable --build-directory /home/jaime/ros2_ws/src/build/control_turtlebot/build --no-deps install_data
[4.867s] running develop
[5.268s] running egg_info
[5.273s] writing control_turtlebot.egg-info/PKG-INFO
[5.274s] writing dependency_links to control_turtlebot.egg-info/dependency_links.txt
[5.274s] writing entry points to control_turtlebot.egg-info/entry_points.txt
[5.275s] writing requirements to control_turtlebot.egg-info/requires.txt
[5.276s] writing top-level names to control_turtlebot.egg-info/top_level.txt
[5.386s] reading manifest file 'control_turtlebot.egg-info/SOURCES.txt'
[5.399s] writing manifest file 'control_turtlebot.egg-info/SOURCES.txt'
[5.476s] running build_ext
[5.477s] Creating /home/jaime/ros2_ws/src/install/control_turtlebot/lib/python3.8/site-packages/control-turtlebot.egg-link (link to .)
[5.483s] Installing nodo_publicador script to /home/jaime/ros2_ws/src/install/control_turtlebot/lib/control_turtlebot
[5.491s] Installing nodo_publicador_difuso script to /home/jaime/ros2_ws/src/install/control_turtlebot/lib/control_turtlebot
[5.493s] Installing nodo_publicador_difuso_v2 script to /home/jaime/ros2_ws/src/install/control_turtlebot/lib/control_turtlebot
[5.493s] Installing nodo_publicador_domingo script to /home/jaime/ros2_ws/src/install/control_turtlebot/lib/control_turtlebot
[5.493s] Installing nodo_publicador_profe_no_tocar script to /home/jaime/ros2_ws/src/install/control_turtlebot/lib/control_turtlebot
[5.493s] Installing nodo_publicador_viernes script to /home/jaime/ros2_ws/src/install/control_turtlebot/lib/control_turtlebot
[5.493s] 
[5.493s] Installed /home/jaime/ros2_ws/src/build/control_turtlebot
[5.493s] running install_data
[6.080s] Invoked command in '/home/jaime/ros2_ws/src/build/control_turtlebot' returned '0': PYTHONPATH=/home/jaime/ros2_ws/src/build/control_turtlebot/prefix_override:/home/jaime/ros2_ws/src/install/control_turtlebot/lib/python3.8/site-packages:${PYTHONPATH} /usr/bin/python3 setup.py develop --editable --build-directory /home/jaime/ros2_ws/src/build/control_turtlebot/build --no-deps install_data
