[0.853s] DEBUG:colcon:Command line arguments: ['/usr/bin/colcon', 'build', '--symlink-install']
[0.854s] DEBUG:colcon:Parsed command line arguments: Namespace(allow_overriding=[], ament_cmake_args=None, base_paths=['.'], build_base='build', catkin_cmake_args=None, catkin_skip_building_tests=False, cmake_args=None, cmake_clean_cache=False, cmake_clean_first=False, cmake_force_configure=False, cmake_target=None, cmake_target_skip_unavailable=False, continue_on_error=False, event_handlers=None, executor='parallel', ignore_user_meta=False, install_base='install', log_base=None, log_level=None, main=<bound method BuildVerb.main of <colcon_core.verb.build.BuildVerb object at 0x7f5d38b92910>>, merge_install=False, metas=['./colcon.meta'], packages_above=None, packages_above_and_dependencies=None, packages_above_depth=None, packages_end=None, packages_ignore=None, packages_ignore_regex=None, packages_select=None, packages_select_build_failed=False, packages_select_by_dep=None, packages_select_regex=None, packages_select_test_failures=False, packages_skip=None, packages_skip_build_finished=False, packages_skip_by_dep=None, packages_skip_regex=None, packages_skip_test_passed=False, packages_skip_up_to=None, packages_start=None, packages_up_to=None, packages_up_to_regex=None, parallel_workers=5, paths=None, symlink_install=True, test_result_base=None, verb_extension=<colcon_core.verb.build.BuildVerb object at 0x7f5d38b92910>, verb_name='build', verb_parser=<colcon_defaults.argument_parser.defaults.DefaultArgumentsDecorator object at 0x7f5d38b92e80>)
[0.995s] Level 1:colcon.colcon_core.package_discovery:discover_packages(colcon_meta) check parameters
[0.995s] Level 1:colcon.colcon_core.package_discovery:discover_packages(recursive) check parameters
[0.995s] Level 1:colcon.colcon_core.package_discovery:discover_packages(ignore) check parameters
[0.995s] Level 1:colcon.colcon_core.package_discovery:discover_packages(path) check parameters
[0.996s] Level 1:colcon.colcon_core.package_discovery:discover_packages(colcon_meta) discover
[0.996s] Level 1:colcon.colcon_core.package_discovery:discover_packages(recursive) discover
[0.996s] INFO:colcon.colcon_core.package_discovery:Crawling recursively for packages in '/home/jaime/ros2_ws/src'
[0.996s] Level 1:colcon.colcon_core.package_identification:_identify(.) by extensions ['ignore', 'ignore_ament_install']
[0.996s] Level 1:colcon.colcon_core.package_identification:_identify(.) by extension 'ignore'
[0.996s] Level 1:colcon.colcon_core.package_identification:_identify(.) by extension 'ignore_ament_install'
[0.996s] Level 1:colcon.colcon_core.package_identification:_identify(.) by extensions ['colcon_pkg']
[0.996s] Level 1:colcon.colcon_core.package_identification:_identify(.) by extension 'colcon_pkg'
[0.996s] Level 1:colcon.colcon_core.package_identification:_identify(.) by extensions ['colcon_meta']
[0.996s] Level 1:colcon.colcon_core.package_identification:_identify(.) by extension 'colcon_meta'
[0.996s] Level 1:colcon.colcon_core.package_identification:_identify(.) by extensions ['ros']
[0.996s] Level 1:colcon.colcon_core.package_identification:_identify(.) by extension 'ros'
[1.071s] Level 1:colcon.colcon_core.package_identification:_identify(.) by extensions ['cmake', 'python']
[1.071s] Level 1:colcon.colcon_core.package_identification:_identify(.) by extension 'cmake'
[1.072s] Level 1:colcon.colcon_core.package_identification:_identify(.) by extension 'python'
[1.072s] Level 1:colcon.colcon_core.package_identification:_identify(.) by extensions ['python_setup_py']
[1.072s] Level 1:colcon.colcon_core.package_identification:_identify(.) by extension 'python_setup_py'
[1.073s] Level 1:colcon.colcon_core.package_identification:_identify(build) by extensions ['ignore', 'ignore_ament_install']
[1.073s] Level 1:colcon.colcon_core.package_identification:_identify(build) by extension 'ignore'
[1.073s] Level 1:colcon.colcon_core.package_identification:_identify(build) ignored
[1.074s] Level 1:colcon.colcon_core.package_identification:_identify(install) by extensions ['ignore', 'ignore_ament_install']
[1.074s] Level 1:colcon.colcon_core.package_identification:_identify(install) by extension 'ignore'
[1.074s] Level 1:colcon.colcon_core.package_identification:_identify(install) ignored
[1.075s] Level 1:colcon.colcon_core.package_identification:_identify(log) by extensions ['ignore', 'ignore_ament_install']
[1.075s] Level 1:colcon.colcon_core.package_identification:_identify(log) by extension 'ignore'
[1.075s] Level 1:colcon.colcon_core.package_identification:_identify(log) ignored
[1.075s] Level 1:colcon.colcon_core.package_identification:_identify(pkg_entrega1) by extensions ['ignore', 'ignore_ament_install']
[1.076s] Level 1:colcon.colcon_core.package_identification:_identify(pkg_entrega1) by extension 'ignore'
[1.076s] Level 1:colcon.colcon_core.package_identification:_identify(pkg_entrega1) by extension 'ignore_ament_install'
[1.076s] Level 1:colcon.colcon_core.package_identification:_identify(pkg_entrega1) by extensions ['colcon_pkg']
[1.076s] Level 1:colcon.colcon_core.package_identification:_identify(pkg_entrega1) by extension 'colcon_pkg'
[1.077s] Level 1:colcon.colcon_core.package_identification:_identify(pkg_entrega1) by extensions ['colcon_meta']
[1.077s] Level 1:colcon.colcon_core.package_identification:_identify(pkg_entrega1) by extension 'colcon_meta'
[1.077s] Level 1:colcon.colcon_core.package_identification:_identify(pkg_entrega1) by extensions ['ros']
[1.077s] Level 1:colcon.colcon_core.package_identification:_identify(pkg_entrega1) by extension 'ros'
[1.082s] DEBUG:colcon.colcon_core.package_identification:Package 'pkg_entrega1' with type 'ros.ament_python' and name 'pkg_entrega1'
[1.082s] Level 1:colcon.colcon_core.package_identification:_identify(pkg_entrega1_v2) by extensions ['ignore', 'ignore_ament_install']
[1.083s] Level 1:colcon.colcon_core.package_identification:_identify(pkg_entrega1_v2) by extension 'ignore'
[1.083s] Level 1:colcon.colcon_core.package_identification:_identify(pkg_entrega1_v2) by extension 'ignore_ament_install'
[1.083s] Level 1:colcon.colcon_core.package_identification:_identify(pkg_entrega1_v2) by extensions ['colcon_pkg']
[1.083s] Level 1:colcon.colcon_core.package_identification:_identify(pkg_entrega1_v2) by extension 'colcon_pkg'
[1.083s] Level 1:colcon.colcon_core.package_identification:_identify(pkg_entrega1_v2) by extensions ['colcon_meta']
[1.084s] Level 1:colcon.colcon_core.package_identification:_identify(pkg_entrega1_v2) by extension 'colcon_meta'
[1.084s] Level 1:colcon.colcon_core.package_identification:_identify(pkg_entrega1_v2) by extensions ['ros']
[1.084s] Level 1:colcon.colcon_core.package_identification:_identify(pkg_entrega1_v2) by extension 'ros'
[1.088s] DEBUG:colcon.colcon_core.package_identification:Package 'pkg_entrega1_v2' with type 'ros.ament_python' and name 'pkg_entrega1_v2'
[1.089s] Level 1:colcon.colcon_core.package_identification:_identify(pkg_entrega2) by extensions ['ignore', 'ignore_ament_install']
[1.090s] Level 1:colcon.colcon_core.package_identification:_identify(pkg_entrega2) by extension 'ignore'
[1.090s] Level 1:colcon.colcon_core.package_identification:_identify(pkg_entrega2) by extension 'ignore_ament_install'
[1.090s] Level 1:colcon.colcon_core.package_identification:_identify(pkg_entrega2) by extensions ['colcon_pkg']
[1.090s] Level 1:colcon.colcon_core.package_identification:_identify(pkg_entrega2) by extension 'colcon_pkg'
[1.091s] Level 1:colcon.colcon_core.package_identification:_identify(pkg_entrega2) by extensions ['colcon_meta']
[1.091s] Level 1:colcon.colcon_core.package_identification:_identify(pkg_entrega2) by extension 'colcon_meta'
[1.091s] Level 1:colcon.colcon_core.package_identification:_identify(pkg_entrega2) by extensions ['ros']
[1.091s] Level 1:colcon.colcon_core.package_identification:_identify(pkg_entrega2) by extension 'ros'
[1.095s] DEBUG:colcon.colcon_core.package_identification:Package 'pkg_entrega2' with type 'ros.ament_python' and name 'pkg_entrega2'
[1.096s] Level 1:colcon.colcon_core.package_identification:_identify(pkg_entrega2_v_quieta) by extensions ['ignore', 'ignore_ament_install']
[1.096s] Level 1:colcon.colcon_core.package_identification:_identify(pkg_entrega2_v_quieta) by extension 'ignore'
[1.097s] Level 1:colcon.colcon_core.package_identification:_identify(pkg_entrega2_v_quieta) by extension 'ignore_ament_install'
[1.097s] Level 1:colcon.colcon_core.package_identification:_identify(pkg_entrega2_v_quieta) by extensions ['colcon_pkg']
[1.097s] Level 1:colcon.colcon_core.package_identification:_identify(pkg_entrega2_v_quieta) by extension 'colcon_pkg'
[1.098s] Level 1:colcon.colcon_core.package_identification:_identify(pkg_entrega2_v_quieta) by extensions ['colcon_meta']
[1.098s] Level 1:colcon.colcon_core.package_identification:_identify(pkg_entrega2_v_quieta) by extension 'colcon_meta'
[1.098s] Level 1:colcon.colcon_core.package_identification:_identify(pkg_entrega2_v_quieta) by extensions ['ros']
[1.098s] Level 1:colcon.colcon_core.package_identification:_identify(pkg_entrega2_v_quieta) by extension 'ros'
[1.102s] DEBUG:colcon.colcon_core.package_identification:Package 'pkg_entrega2_v_quieta' with type 'ros.ament_python' and name 'pkg_entrega2_v_quieta'
[1.102s] Level 1:colcon.colcon_core.package_discovery:discover_packages(recursive) using defaults
[1.103s] Level 1:colcon.colcon_core.package_discovery:discover_packages(ignore) discover
[1.103s] Level 1:colcon.colcon_core.package_discovery:discover_packages(ignore) using defaults
[1.103s] Level 1:colcon.colcon_core.package_discovery:discover_packages(path) discover
[1.103s] Level 1:colcon.colcon_core.package_discovery:discover_packages(path) using defaults
[1.194s] Level 1:colcon.colcon_core.package_discovery:discover_packages(prefix_path) check parameters
[1.195s] Level 1:colcon.colcon_core.package_discovery:discover_packages(prefix_path) discover
[1.219s] DEBUG:colcon.colcon_installed_package_information.package_discovery:Found 15 installed packages in /home/jaime/turtlebot3_ws/install
[1.223s] DEBUG:colcon.colcon_installed_package_information.package_discovery:Found 4 installed packages in /home/jaime/ros2_ws/install
[1.227s] DEBUG:colcon.colcon_installed_package_information.package_discovery:Found 323 installed packages in /opt/ros/foxy
[1.231s] Level 1:colcon.colcon_core.package_discovery:discover_packages(prefix_path) using defaults
[1.535s] Level 5:colcon.colcon_core.verb:set package 'pkg_entrega1' build argument 'cmake_args' from command line to 'None'
[1.559s] Level 5:colcon.colcon_core.verb:set package 'pkg_entrega1' build argument 'cmake_target' from command line to 'None'
[1.560s] Level 5:colcon.colcon_core.verb:set package 'pkg_entrega1' build argument 'cmake_target_skip_unavailable' from command line to 'False'
[1.560s] Level 5:colcon.colcon_core.verb:set package 'pkg_entrega1' build argument 'cmake_clean_cache' from command line to 'False'
[1.560s] Level 5:colcon.colcon_core.verb:set package 'pkg_entrega1' build argument 'cmake_clean_first' from command line to 'False'
[1.561s] Level 5:colcon.colcon_core.verb:set package 'pkg_entrega1' build argument 'cmake_force_configure' from command line to 'False'
[1.561s] Level 5:colcon.colcon_core.verb:set package 'pkg_entrega1' build argument 'ament_cmake_args' from command line to 'None'
[1.561s] Level 5:colcon.colcon_core.verb:set package 'pkg_entrega1' build argument 'catkin_cmake_args' from command line to 'None'
[1.562s] Level 5:colcon.colcon_core.verb:set package 'pkg_entrega1' build argument 'catkin_skip_building_tests' from command line to 'False'
[1.562s] DEBUG:colcon.colcon_core.verb:Building package 'pkg_entrega1' with the following arguments: {'ament_cmake_args': None, 'build_base': '/home/jaime/ros2_ws/src/build/pkg_entrega1', 'catkin_cmake_args': None, 'catkin_skip_building_tests': False, 'cmake_args': None, 'cmake_clean_cache': False, 'cmake_clean_first': False, 'cmake_force_configure': False, 'cmake_target': None, 'cmake_target_skip_unavailable': False, 'install_base': '/home/jaime/ros2_ws/src/install/pkg_entrega1', 'merge_install': False, 'path': '/home/jaime/ros2_ws/src/pkg_entrega1', 'symlink_install': True, 'test_result_base': None}
[1.564s] Level 5:colcon.colcon_core.verb:set package 'pkg_entrega1_v2' build argument 'cmake_args' from command line to 'None'
[1.564s] Level 5:colcon.colcon_core.verb:set package 'pkg_entrega1_v2' build argument 'cmake_target' from command line to 'None'
[1.564s] Level 5:colcon.colcon_core.verb:set package 'pkg_entrega1_v2' build argument 'cmake_target_skip_unavailable' from command line to 'False'
[1.565s] Level 5:colcon.colcon_core.verb:set package 'pkg_entrega1_v2' build argument 'cmake_clean_cache' from command line to 'False'
[1.565s] Level 5:colcon.colcon_core.verb:set package 'pkg_entrega1_v2' build argument 'cmake_clean_first' from command line to 'False'
[1.565s] Level 5:colcon.colcon_core.verb:set package 'pkg_entrega1_v2' build argument 'cmake_force_configure' from command line to 'False'
[1.565s] Level 5:colcon.colcon_core.verb:set package 'pkg_entrega1_v2' build argument 'ament_cmake_args' from command line to 'None'
[1.565s] Level 5:colcon.colcon_core.verb:set package 'pkg_entrega1_v2' build argument 'catkin_cmake_args' from command line to 'None'
[1.566s] Level 5:colcon.colcon_core.verb:set package 'pkg_entrega1_v2' build argument 'catkin_skip_building_tests' from command line to 'False'
[1.566s] DEBUG:colcon.colcon_core.verb:Building package 'pkg_entrega1_v2' with the following arguments: {'ament_cmake_args': None, 'build_base': '/home/jaime/ros2_ws/src/build/pkg_entrega1_v2', 'catkin_cmake_args': None, 'catkin_skip_building_tests': False, 'cmake_args': None, 'cmake_clean_cache': False, 'cmake_clean_first': False, 'cmake_force_configure': False, 'cmake_target': None, 'cmake_target_skip_unavailable': False, 'install_base': '/home/jaime/ros2_ws/src/install/pkg_entrega1_v2', 'merge_install': False, 'path': '/home/jaime/ros2_ws/src/pkg_entrega1_v2', 'symlink_install': True, 'test_result_base': None}
[1.568s] Level 5:colcon.colcon_core.verb:set package 'pkg_entrega2' build argument 'cmake_args' from command line to 'None'
[1.568s] Level 5:colcon.colcon_core.verb:set package 'pkg_entrega2' build argument 'cmake_target' from command line to 'None'
[1.569s] Level 5:colcon.colcon_core.verb:set package 'pkg_entrega2' build argument 'cmake_target_skip_unavailable' from command line to 'False'
[1.569s] Level 5:colcon.colcon_core.verb:set package 'pkg_entrega2' build argument 'cmake_clean_cache' from command line to 'False'
[1.569s] Level 5:colcon.colcon_core.verb:set package 'pkg_entrega2' build argument 'cmake_clean_first' from command line to 'False'
[1.569s] Level 5:colcon.colcon_core.verb:set package 'pkg_entrega2' build argument 'cmake_force_configure' from command line to 'False'
[1.569s] Level 5:colcon.colcon_core.verb:set package 'pkg_entrega2' build argument 'ament_cmake_args' from command line to 'None'
[1.570s] Level 5:colcon.colcon_core.verb:set package 'pkg_entrega2' build argument 'catkin_cmake_args' from command line to 'None'
[1.570s] Level 5:colcon.colcon_core.verb:set package 'pkg_entrega2' build argument 'catkin_skip_building_tests' from command line to 'False'
[1.570s] DEBUG:colcon.colcon_core.verb:Building package 'pkg_entrega2' with the following arguments: {'ament_cmake_args': None, 'build_base': '/home/jaime/ros2_ws/src/build/pkg_entrega2', 'catkin_cmake_args': None, 'catkin_skip_building_tests': False, 'cmake_args': None, 'cmake_clean_cache': False, 'cmake_clean_first': False, 'cmake_force_configure': False, 'cmake_target': None, 'cmake_target_skip_unavailable': False, 'install_base': '/home/jaime/ros2_ws/src/install/pkg_entrega2', 'merge_install': False, 'path': '/home/jaime/ros2_ws/src/pkg_entrega2', 'symlink_install': True, 'test_result_base': None}
[1.572s] Level 5:colcon.colcon_core.verb:set package 'pkg_entrega2_v_quieta' build argument 'cmake_args' from command line to 'None'
[1.572s] Level 5:colcon.colcon_core.verb:set package 'pkg_entrega2_v_quieta' build argument 'cmake_target' from command line to 'None'
[1.572s] Level 5:colcon.colcon_core.verb:set package 'pkg_entrega2_v_quieta' build argument 'cmake_target_skip_unavailable' from command line to 'False'
[1.573s] Level 5:colcon.colcon_core.verb:set package 'pkg_entrega2_v_quieta' build argument 'cmake_clean_cache' from command line to 'False'
[1.573s] Level 5:colcon.colcon_core.verb:set package 'pkg_entrega2_v_quieta' build argument 'cmake_clean_first' from command line to 'False'
[1.573s] Level 5:colcon.colcon_core.verb:set package 'pkg_entrega2_v_quieta' build argument 'cmake_force_configure' from command line to 'False'
[1.573s] Level 5:colcon.colcon_core.verb:set package 'pkg_entrega2_v_quieta' build argument 'ament_cmake_args' from command line to 'None'
[1.573s] Level 5:colcon.colcon_core.verb:set package 'pkg_entrega2_v_quieta' build argument 'catkin_cmake_args' from command line to 'None'
[1.574s] Level 5:colcon.colcon_core.verb:set package 'pkg_entrega2_v_quieta' build argument 'catkin_skip_building_tests' from command line to 'False'
[1.574s] DEBUG:colcon.colcon_core.verb:Building package 'pkg_entrega2_v_quieta' with the following arguments: {'ament_cmake_args': None, 'build_base': '/home/jaime/ros2_ws/src/build/pkg_entrega2_v_quieta', 'catkin_cmake_args': None, 'catkin_skip_building_tests': False, 'cmake_args': None, 'cmake_clean_cache': False, 'cmake_clean_first': False, 'cmake_force_configure': False, 'cmake_target': None, 'cmake_target_skip_unavailable': False, 'install_base': '/home/jaime/ros2_ws/src/install/pkg_entrega2_v_quieta', 'merge_install': False, 'path': '/home/jaime/ros2_ws/src/pkg_entrega2_v_quieta', 'symlink_install': True, 'test_result_base': None}
[1.575s] INFO:colcon.colcon_core.executor:Executing jobs using 'parallel' executor
[1.581s] DEBUG:colcon.colcon_parallel_executor.executor.parallel:run_until_complete
[1.582s] INFO:colcon.colcon_ros.task.ament_python.build:Building ROS package in '/home/jaime/ros2_ws/src/pkg_entrega1' with build type 'ament_python'
[1.582s] Level 1:colcon.colcon_core.shell:create_environment_hook('pkg_entrega1', 'ament_prefix_path')
[1.607s] INFO:colcon.colcon_core.plugin_system:Skipping extension 'colcon_core.shell.bat': Not used on non-Windows systems
[1.607s] INFO:colcon.colcon_core.shell:Creating environment hook '/home/jaime/ros2_ws/src/install/pkg_entrega1/share/pkg_entrega1/hook/ament_prefix_path.ps1'
[1.609s] INFO:colcon.colcon_core.shell:Creating environment descriptor '/home/jaime/ros2_ws/src/install/pkg_entrega1/share/pkg_entrega1/hook/ament_prefix_path.dsv'
[1.610s] INFO:colcon.colcon_core.shell:Creating environment hook '/home/jaime/ros2_ws/src/install/pkg_entrega1/share/pkg_entrega1/hook/ament_prefix_path.sh'
[1.615s] INFO:colcon.colcon_core.shell:Skip shell extension 'powershell' for command environment: Not usable outside of PowerShell
[1.615s] DEBUG:colcon.colcon_core.shell:Skip shell extension 'dsv' for command environment
[1.640s] INFO:colcon.colcon_ros.task.ament_python.build:Building ROS package in '/home/jaime/ros2_ws/src/pkg_entrega1_v2' with build type 'ament_python'
[1.641s] Level 1:colcon.colcon_core.shell:create_environment_hook('pkg_entrega1_v2', 'ament_prefix_path')
[1.644s] INFO:colcon.colcon_core.shell:Creating environment hook '/home/jaime/ros2_ws/src/install/pkg_entrega1_v2/share/pkg_entrega1_v2/hook/ament_prefix_path.ps1'
[1.649s] INFO:colcon.colcon_core.shell:Creating environment descriptor '/home/jaime/ros2_ws/src/install/pkg_entrega1_v2/share/pkg_entrega1_v2/hook/ament_prefix_path.dsv'
[1.654s] INFO:colcon.colcon_core.shell:Creating environment hook '/home/jaime/ros2_ws/src/install/pkg_entrega1_v2/share/pkg_entrega1_v2/hook/ament_prefix_path.sh'
[1.658s] INFO:colcon.colcon_core.shell:Skip shell extension 'powershell' for command environment: Not usable outside of PowerShell
[1.659s] DEBUG:colcon.colcon_core.shell:Skip shell extension 'dsv' for command environment
[1.675s] INFO:colcon.colcon_ros.task.ament_python.build:Building ROS package in '/home/jaime/ros2_ws/src/pkg_entrega2' with build type 'ament_python'
[1.676s] Level 1:colcon.colcon_core.shell:create_environment_hook('pkg_entrega2', 'ament_prefix_path')
[1.679s] INFO:colcon.colcon_core.shell:Creating environment hook '/home/jaime/ros2_ws/src/install/pkg_entrega2/share/pkg_entrega2/hook/ament_prefix_path.ps1'
[1.681s] INFO:colcon.colcon_core.shell:Creating environment descriptor '/home/jaime/ros2_ws/src/install/pkg_entrega2/share/pkg_entrega2/hook/ament_prefix_path.dsv'
[1.684s] INFO:colcon.colcon_core.shell:Creating environment hook '/home/jaime/ros2_ws/src/install/pkg_entrega2/share/pkg_entrega2/hook/ament_prefix_path.sh'
[1.691s] INFO:colcon.colcon_core.shell:Skip shell extension 'powershell' for command environment: Not usable outside of PowerShell
[1.692s] DEBUG:colcon.colcon_core.shell:Skip shell extension 'dsv' for command environment
[1.713s] INFO:colcon.colcon_ros.task.ament_python.build:Building ROS package in '/home/jaime/ros2_ws/src/pkg_entrega2_v_quieta' with build type 'ament_python'
[1.715s] Level 1:colcon.colcon_core.shell:create_environment_hook('pkg_entrega2_v_quieta', 'ament_prefix_path')
[1.717s] INFO:colcon.colcon_core.shell:Creating environment hook '/home/jaime/ros2_ws/src/install/pkg_entrega2_v_quieta/share/pkg_entrega2_v_quieta/hook/ament_prefix_path.ps1'
[1.718s] INFO:colcon.colcon_core.shell:Creating environment descriptor '/home/jaime/ros2_ws/src/install/pkg_entrega2_v_quieta/share/pkg_entrega2_v_quieta/hook/ament_prefix_path.dsv'
[1.719s] INFO:colcon.colcon_core.shell:Creating environment hook '/home/jaime/ros2_ws/src/install/pkg_entrega2_v_quieta/share/pkg_entrega2_v_quieta/hook/ament_prefix_path.sh'
[1.722s] INFO:colcon.colcon_core.shell:Skip shell extension 'powershell' for command environment: Not usable outside of PowerShell
[1.722s] DEBUG:colcon.colcon_core.shell:Skip shell extension 'dsv' for command environment
[2.185s] INFO:colcon.colcon_core.task.python.build:Building Python package in '/home/jaime/ros2_ws/src/pkg_entrega1'
[2.188s] INFO:colcon.colcon_core.shell:Skip shell extension 'powershell' for command environment: Not usable outside of PowerShell
[2.188s] DEBUG:colcon.colcon_core.shell:Skip shell extension 'dsv' for command environment
[2.679s] INFO:colcon.colcon_core.task.python.build:Building Python package in '/home/jaime/ros2_ws/src/pkg_entrega1_v2'
[2.682s] INFO:colcon.colcon_core.shell:Skip shell extension 'powershell' for command environment: Not usable outside of PowerShell
[2.683s] DEBUG:colcon.colcon_core.shell:Skip shell extension 'dsv' for command environment
[3.200s] INFO:colcon.colcon_core.task.python.build:Building Python package in '/home/jaime/ros2_ws/src/pkg_entrega2'
[3.206s] INFO:colcon.colcon_core.shell:Skip shell extension 'powershell' for command environment: Not usable outside of PowerShell
[3.207s] DEBUG:colcon.colcon_core.shell:Skip shell extension 'dsv' for command environment
[3.668s] INFO:colcon.colcon_core.task.python.build:Building Python package in '/home/jaime/ros2_ws/src/pkg_entrega2_v_quieta'
[3.671s] INFO:colcon.colcon_core.shell:Skip shell extension 'powershell' for command environment: Not usable outside of PowerShell
[3.671s] DEBUG:colcon.colcon_core.shell:Skip shell extension 'dsv' for command environment
[5.028s] DEBUG:colcon.colcon_core.event_handler.log_command:Invoking command in '/home/jaime/ros2_ws/src/build/pkg_entrega1_v2': PYTHONPATH=/home/jaime/ros2_ws/src/build/pkg_entrega1_v2/prefix_override:/home/jaime/ros2_ws/src/install/pkg_entrega1_v2/lib/python3.8/site-packages:${PYTHONPATH} /usr/bin/python3 setup.py develop --editable --build-directory /home/jaime/ros2_ws/src/build/pkg_entrega1_v2/build --no-deps install_data
[5.087s] DEBUG:colcon.colcon_core.event_handler.log_command:Invoking command in '/home/jaime/ros2_ws/src/build/pkg_entrega2_v_quieta': PYTHONPATH=/home/jaime/ros2_ws/src/build/pkg_entrega2_v_quieta/prefix_override:/home/jaime/ros2_ws/src/install/pkg_entrega2_v_quieta/lib/python3.8/site-packages:${PYTHONPATH} /usr/bin/python3 setup.py develop --editable --build-directory /home/jaime/ros2_ws/src/build/pkg_entrega2_v_quieta/build --no-deps install_data
[5.228s] DEBUG:colcon.colcon_core.event_handler.log_command:Invoking command in '/home/jaime/ros2_ws/src/build/pkg_entrega1': PYTHONPATH=/home/jaime/ros2_ws/src/build/pkg_entrega1/prefix_override:/home/jaime/ros2_ws/src/install/pkg_entrega1/lib/python3.8/site-packages:${PYTHONPATH} /usr/bin/python3 setup.py develop --editable --build-directory /home/jaime/ros2_ws/src/build/pkg_entrega1/build --no-deps install_data
[5.315s] DEBUG:colcon.colcon_core.event_handler.log_command:Invoking command in '/home/jaime/ros2_ws/src/build/pkg_entrega2': PYTHONPATH=/home/jaime/ros2_ws/src/build/pkg_entrega2/prefix_override:/home/jaime/ros2_ws/src/install/pkg_entrega2/lib/python3.8/site-packages:${PYTHONPATH} /usr/bin/python3 setup.py develop --editable --build-directory /home/jaime/ros2_ws/src/build/pkg_entrega2/build --no-deps install_data
[6.456s] Level 1:colcon.colcon_core.shell:create_environment_hook('pkg_entrega2_v_quieta', 'pythonpath_develop')
[6.461s] INFO:colcon.colcon_core.shell:Creating environment hook '/home/jaime/ros2_ws/src/build/pkg_entrega2_v_quieta/share/pkg_entrega2_v_quieta/hook/pythonpath_develop.ps1'
[6.463s] DEBUG:colcon.colcon_core.event_handler.log_command:Invoked command in '/home/jaime/ros2_ws/src/build/pkg_entrega2_v_quieta' returned '0': PYTHONPATH=/home/jaime/ros2_ws/src/build/pkg_entrega2_v_quieta/prefix_override:/home/jaime/ros2_ws/src/install/pkg_entrega2_v_quieta/lib/python3.8/site-packages:${PYTHONPATH} /usr/bin/python3 setup.py develop --editable --build-directory /home/jaime/ros2_ws/src/build/pkg_entrega2_v_quieta/build --no-deps install_data
[6.465s] INFO:colcon.colcon_core.shell:Creating environment descriptor '/home/jaime/ros2_ws/src/build/pkg_entrega2_v_quieta/share/pkg_entrega2_v_quieta/hook/pythonpath_develop.dsv'
[6.471s] INFO:colcon.colcon_core.shell:Creating environment hook '/home/jaime/ros2_ws/src/build/pkg_entrega2_v_quieta/share/pkg_entrega2_v_quieta/hook/pythonpath_develop.sh'
[6.539s] Level 1:colcon.colcon_core.environment:checking '/home/jaime/ros2_ws/src/install/pkg_entrega2_v_quieta' for CMake module files
[6.540s] Level 1:colcon.colcon_core.environment:checking '/home/jaime/ros2_ws/src/install/pkg_entrega2_v_quieta' for CMake config files
[6.542s] Level 1:colcon.colcon_core.environment:checking '/home/jaime/ros2_ws/src/install/pkg_entrega2_v_quieta/lib'
[6.545s] Level 1:colcon.colcon_core.environment:checking '/home/jaime/ros2_ws/src/install/pkg_entrega2_v_quieta/bin'
[6.546s] Level 1:colcon.colcon_core.environment:checking '/home/jaime/ros2_ws/src/install/pkg_entrega2_v_quieta/lib/pkgconfig/pkg_entrega2_v_quieta.pc'
[6.547s] Level 1:colcon.colcon_core.environment:checking '/home/jaime/ros2_ws/src/install/pkg_entrega2_v_quieta/lib/python3.8/site-packages'
[6.547s] Level 1:colcon.colcon_core.shell:create_environment_hook('pkg_entrega2_v_quieta', 'pythonpath')
[6.550s] INFO:colcon.colcon_core.shell:Creating environment hook '/home/jaime/ros2_ws/src/install/pkg_entrega2_v_quieta/share/pkg_entrega2_v_quieta/hook/pythonpath.ps1'
[6.553s] INFO:colcon.colcon_core.shell:Creating environment descriptor '/home/jaime/ros2_ws/src/install/pkg_entrega2_v_quieta/share/pkg_entrega2_v_quieta/hook/pythonpath.dsv'
[6.555s] INFO:colcon.colcon_core.shell:Creating environment hook '/home/jaime/ros2_ws/src/install/pkg_entrega2_v_quieta/share/pkg_entrega2_v_quieta/hook/pythonpath.sh'
[6.561s] Level 1:colcon.colcon_core.environment:checking '/home/jaime/ros2_ws/src/install/pkg_entrega2_v_quieta/bin'
[6.562s] Level 1:colcon.colcon_core.environment:create_environment_scripts_only(pkg_entrega2_v_quieta)
[6.566s] INFO:colcon.colcon_core.shell:Creating package script '/home/jaime/ros2_ws/src/install/pkg_entrega2_v_quieta/share/pkg_entrega2_v_quieta/package.ps1'
[6.574s] INFO:colcon.colcon_core.shell:Creating package descriptor '/home/jaime/ros2_ws/src/install/pkg_entrega2_v_quieta/share/pkg_entrega2_v_quieta/package.dsv'
[6.578s] INFO:colcon.colcon_core.shell:Creating package script '/home/jaime/ros2_ws/src/install/pkg_entrega2_v_quieta/share/pkg_entrega2_v_quieta/package.sh'
[6.582s] INFO:colcon.colcon_core.shell:Creating package script '/home/jaime/ros2_ws/src/install/pkg_entrega2_v_quieta/share/pkg_entrega2_v_quieta/package.bash'
[6.586s] INFO:colcon.colcon_core.shell:Creating package script '/home/jaime/ros2_ws/src/install/pkg_entrega2_v_quieta/share/pkg_entrega2_v_quieta/package.zsh'
[6.595s] Level 1:colcon.colcon_core.environment:create_file_with_runtime_dependencies(/home/jaime/ros2_ws/src/install/pkg_entrega2_v_quieta/share/colcon-core/packages/pkg_entrega2_v_quieta)
[6.603s] Level 1:colcon.colcon_core.shell:create_environment_hook('pkg_entrega2', 'pythonpath_develop')
[6.607s] INFO:colcon.colcon_core.shell:Creating environment hook '/home/jaime/ros2_ws/src/build/pkg_entrega2/share/pkg_entrega2/hook/pythonpath_develop.ps1'
[6.613s] DEBUG:colcon.colcon_core.event_handler.log_command:Invoked command in '/home/jaime/ros2_ws/src/build/pkg_entrega2' returned '0': PYTHONPATH=/home/jaime/ros2_ws/src/build/pkg_entrega2/prefix_override:/home/jaime/ros2_ws/src/install/pkg_entrega2/lib/python3.8/site-packages:${PYTHONPATH} /usr/bin/python3 setup.py develop --editable --build-directory /home/jaime/ros2_ws/src/build/pkg_entrega2/build --no-deps install_data
[6.615s] INFO:colcon.colcon_core.shell:Creating environment descriptor '/home/jaime/ros2_ws/src/build/pkg_entrega2/share/pkg_entrega2/hook/pythonpath_develop.dsv'
[6.616s] INFO:colcon.colcon_core.shell:Creating environment hook '/home/jaime/ros2_ws/src/build/pkg_entrega2/share/pkg_entrega2/hook/pythonpath_develop.sh'
[6.621s] Level 1:colcon.colcon_core.environment:checking '/home/jaime/ros2_ws/src/install/pkg_entrega2' for CMake module files
[6.623s] Level 1:colcon.colcon_core.environment:checking '/home/jaime/ros2_ws/src/install/pkg_entrega2' for CMake config files
[6.624s] Level 1:colcon.colcon_core.environment:checking '/home/jaime/ros2_ws/src/install/pkg_entrega2/lib'
[6.624s] Level 1:colcon.colcon_core.environment:checking '/home/jaime/ros2_ws/src/install/pkg_entrega2/bin'
[6.624s] Level 1:colcon.colcon_core.environment:checking '/home/jaime/ros2_ws/src/install/pkg_entrega2/lib/pkgconfig/pkg_entrega2.pc'
[6.625s] Level 1:colcon.colcon_core.environment:checking '/home/jaime/ros2_ws/src/install/pkg_entrega2/lib/python3.8/site-packages'
[6.626s] Level 1:colcon.colcon_core.shell:create_environment_hook('pkg_entrega2', 'pythonpath')
[6.628s] INFO:colcon.colcon_core.shell:Creating environment hook '/home/jaime/ros2_ws/src/install/pkg_entrega2/share/pkg_entrega2/hook/pythonpath.ps1'
[6.630s] INFO:colcon.colcon_core.shell:Creating environment descriptor '/home/jaime/ros2_ws/src/install/pkg_entrega2/share/pkg_entrega2/hook/pythonpath.dsv'
[6.632s] INFO:colcon.colcon_core.shell:Creating environment hook '/home/jaime/ros2_ws/src/install/pkg_entrega2/share/pkg_entrega2/hook/pythonpath.sh'
[6.634s] Level 1:colcon.colcon_core.environment:checking '/home/jaime/ros2_ws/src/install/pkg_entrega2/bin'
[6.635s] Level 1:colcon.colcon_core.environment:create_environment_scripts_only(pkg_entrega2)
[6.638s] INFO:colcon.colcon_core.shell:Creating package script '/home/jaime/ros2_ws/src/install/pkg_entrega2/share/pkg_entrega2/package.ps1'
[6.640s] INFO:colcon.colcon_core.shell:Creating package descriptor '/home/jaime/ros2_ws/src/install/pkg_entrega2/share/pkg_entrega2/package.dsv'
[6.643s] INFO:colcon.colcon_core.shell:Creating package script '/home/jaime/ros2_ws/src/install/pkg_entrega2/share/pkg_entrega2/package.sh'
[6.644s] INFO:colcon.colcon_core.shell:Creating package script '/home/jaime/ros2_ws/src/install/pkg_entrega2/share/pkg_entrega2/package.bash'
[6.646s] INFO:colcon.colcon_core.shell:Creating package script '/home/jaime/ros2_ws/src/install/pkg_entrega2/share/pkg_entrega2/package.zsh'
[6.647s] Level 1:colcon.colcon_core.environment:create_file_with_runtime_dependencies(/home/jaime/ros2_ws/src/install/pkg_entrega2/share/colcon-core/packages/pkg_entrega2)
[6.649s] Level 1:colcon.colcon_core.shell:create_environment_hook('pkg_entrega1_v2', 'pythonpath_develop')
[6.652s] DEBUG:colcon.colcon_core.event_handler.log_command:Invoked command in '/home/jaime/ros2_ws/src/build/pkg_entrega1_v2' returned '0': PYTHONPATH=/home/jaime/ros2_ws/src/build/pkg_entrega1_v2/prefix_override:/home/jaime/ros2_ws/src/install/pkg_entrega1_v2/lib/python3.8/site-packages:${PYTHONPATH} /usr/bin/python3 setup.py develop --editable --build-directory /home/jaime/ros2_ws/src/build/pkg_entrega1_v2/build --no-deps install_data
[6.658s] INFO:colcon.colcon_core.shell:Creating environment hook '/home/jaime/ros2_ws/src/build/pkg_entrega1_v2/share/pkg_entrega1_v2/hook/pythonpath_develop.ps1'
[6.661s] INFO:colcon.colcon_core.shell:Creating environment descriptor '/home/jaime/ros2_ws/src/build/pkg_entrega1_v2/share/pkg_entrega1_v2/hook/pythonpath_develop.dsv'
[6.662s] INFO:colcon.colcon_core.shell:Creating environment hook '/home/jaime/ros2_ws/src/build/pkg_entrega1_v2/share/pkg_entrega1_v2/hook/pythonpath_develop.sh'
[6.667s] Level 1:colcon.colcon_core.environment:checking '/home/jaime/ros2_ws/src/install/pkg_entrega1_v2' for CMake module files
[6.668s] Level 1:colcon.colcon_core.environment:checking '/home/jaime/ros2_ws/src/install/pkg_entrega1_v2' for CMake config files
[6.669s] Level 1:colcon.colcon_core.environment:checking '/home/jaime/ros2_ws/src/install/pkg_entrega1_v2/lib'
[6.669s] Level 1:colcon.colcon_core.environment:checking '/home/jaime/ros2_ws/src/install/pkg_entrega1_v2/bin'
[6.670s] Level 1:colcon.colcon_core.environment:checking '/home/jaime/ros2_ws/src/install/pkg_entrega1_v2/lib/pkgconfig/pkg_entrega1_v2.pc'
[6.670s] Level 1:colcon.colcon_core.environment:checking '/home/jaime/ros2_ws/src/install/pkg_entrega1_v2/lib/python3.8/site-packages'
[6.670s] Level 1:colcon.colcon_core.shell:create_environment_hook('pkg_entrega1_v2', 'pythonpath')
[6.673s] INFO:colcon.colcon_core.shell:Creating environment hook '/home/jaime/ros2_ws/src/install/pkg_entrega1_v2/share/pkg_entrega1_v2/hook/pythonpath.ps1'
[6.675s] INFO:colcon.colcon_core.shell:Creating environment descriptor '/home/jaime/ros2_ws/src/install/pkg_entrega1_v2/share/pkg_entrega1_v2/hook/pythonpath.dsv'
[6.677s] INFO:colcon.colcon_core.shell:Creating environment hook '/home/jaime/ros2_ws/src/install/pkg_entrega1_v2/share/pkg_entrega1_v2/hook/pythonpath.sh'
[6.679s] Level 1:colcon.colcon_core.environment:checking '/home/jaime/ros2_ws/src/install/pkg_entrega1_v2/bin'
[6.679s] Level 1:colcon.colcon_core.environment:create_environment_scripts_only(pkg_entrega1_v2)
[6.683s] INFO:colcon.colcon_core.shell:Creating package script '/home/jaime/ros2_ws/src/install/pkg_entrega1_v2/share/pkg_entrega1_v2/package.ps1'
[6.685s] INFO:colcon.colcon_core.shell:Creating package descriptor '/home/jaime/ros2_ws/src/install/pkg_entrega1_v2/share/pkg_entrega1_v2/package.dsv'
[6.688s] INFO:colcon.colcon_core.shell:Creating package script '/home/jaime/ros2_ws/src/install/pkg_entrega1_v2/share/pkg_entrega1_v2/package.sh'
[6.689s] INFO:colcon.colcon_core.shell:Creating package script '/home/jaime/ros2_ws/src/install/pkg_entrega1_v2/share/pkg_entrega1_v2/package.bash'
[6.690s] INFO:colcon.colcon_core.shell:Creating package script '/home/jaime/ros2_ws/src/install/pkg_entrega1_v2/share/pkg_entrega1_v2/package.zsh'
[6.692s] Level 1:colcon.colcon_core.environment:create_file_with_runtime_dependencies(/home/jaime/ros2_ws/src/install/pkg_entrega1_v2/share/colcon-core/packages/pkg_entrega1_v2)
[6.693s] Level 1:colcon.colcon_core.shell:create_environment_hook('pkg_entrega1', 'pythonpath_develop')
[6.696s] INFO:colcon.colcon_core.shell:Creating environment hook '/home/jaime/ros2_ws/src/build/pkg_entrega1/share/pkg_entrega1/hook/pythonpath_develop.ps1'
[6.698s] INFO:colcon.colcon_core.shell:Creating environment descriptor '/home/jaime/ros2_ws/src/build/pkg_entrega1/share/pkg_entrega1/hook/pythonpath_develop.dsv'
[6.699s] INFO:colcon.colcon_core.shell:Creating environment hook '/home/jaime/ros2_ws/src/build/pkg_entrega1/share/pkg_entrega1/hook/pythonpath_develop.sh'
[6.703s] Level 1:colcon.colcon_core.environment:checking '/home/jaime/ros2_ws/src/install/pkg_entrega1' for CMake module files
[6.707s] DEBUG:colcon.colcon_core.event_handler.log_command:Invoked command in '/home/jaime/ros2_ws/src/build/pkg_entrega1' returned '0': PYTHONPATH=/home/jaime/ros2_ws/src/build/pkg_entrega1/prefix_override:/home/jaime/ros2_ws/src/install/pkg_entrega1/lib/python3.8/site-packages:${PYTHONPATH} /usr/bin/python3 setup.py develop --editable --build-directory /home/jaime/ros2_ws/src/build/pkg_entrega1/build --no-deps install_data
[6.708s] Level 1:colcon.colcon_core.environment:checking '/home/jaime/ros2_ws/src/install/pkg_entrega1' for CMake config files
[6.709s] Level 1:colcon.colcon_core.environment:checking '/home/jaime/ros2_ws/src/install/pkg_entrega1/lib'
[6.709s] Level 1:colcon.colcon_core.environment:checking '/home/jaime/ros2_ws/src/install/pkg_entrega1/bin'
[6.709s] Level 1:colcon.colcon_core.environment:checking '/home/jaime/ros2_ws/src/install/pkg_entrega1/lib/pkgconfig/pkg_entrega1.pc'
[6.709s] Level 1:colcon.colcon_core.environment:checking '/home/jaime/ros2_ws/src/install/pkg_entrega1/lib/python3.8/site-packages'
[6.709s] Level 1:colcon.colcon_core.shell:create_environment_hook('pkg_entrega1', 'pythonpath')
[6.712s] INFO:colcon.colcon_core.shell:Creating environment hook '/home/jaime/ros2_ws/src/install/pkg_entrega1/share/pkg_entrega1/hook/pythonpath.ps1'
[6.713s] INFO:colcon.colcon_core.shell:Creating environment descriptor '/home/jaime/ros2_ws/src/install/pkg_entrega1/share/pkg_entrega1/hook/pythonpath.dsv'
[6.714s] INFO:colcon.colcon_core.shell:Creating environment hook '/home/jaime/ros2_ws/src/install/pkg_entrega1/share/pkg_entrega1/hook/pythonpath.sh'
[6.715s] Level 1:colcon.colcon_core.environment:checking '/home/jaime/ros2_ws/src/install/pkg_entrega1/bin'
[6.716s] Level 1:colcon.colcon_core.environment:create_environment_scripts_only(pkg_entrega1)
[6.719s] INFO:colcon.colcon_core.shell:Creating package script '/home/jaime/ros2_ws/src/install/pkg_entrega1/share/pkg_entrega1/package.ps1'
[6.721s] INFO:colcon.colcon_core.shell:Creating package descriptor '/home/jaime/ros2_ws/src/install/pkg_entrega1/share/pkg_entrega1/package.dsv'
[6.723s] INFO:colcon.colcon_core.shell:Creating package script '/home/jaime/ros2_ws/src/install/pkg_entrega1/share/pkg_entrega1/package.sh'
[6.724s] INFO:colcon.colcon_core.shell:Creating package script '/home/jaime/ros2_ws/src/install/pkg_entrega1/share/pkg_entrega1/package.bash'
[6.726s] INFO:colcon.colcon_core.shell:Creating package script '/home/jaime/ros2_ws/src/install/pkg_entrega1/share/pkg_entrega1/package.zsh'
[6.728s] Level 1:colcon.colcon_core.environment:create_file_with_runtime_dependencies(/home/jaime/ros2_ws/src/install/pkg_entrega1/share/colcon-core/packages/pkg_entrega1)
[6.730s] DEBUG:colcon.colcon_parallel_executor.executor.parallel:closing loop
[6.731s] DEBUG:colcon.colcon_parallel_executor.executor.parallel:loop closed
[6.735s] DEBUG:colcon.colcon_parallel_executor.executor.parallel:run_until_complete finished with '0'
[6.736s] DEBUG:colcon.colcon_core.event_reactor:joining thread
[6.764s] INFO:colcon.colcon_core.plugin_system:Skipping extension 'colcon_notification.desktop_notification.terminal_notifier': Not used on non-Darwin systems
[6.765s] INFO:colcon.colcon_core.plugin_system:Skipping extension 'colcon_notification.desktop_notification.win32': Not used on non-Windows systems
[6.765s] INFO:colcon.colcon_notification.desktop_notification:Sending desktop notification using 'notify2'
[6.849s] DEBUG:colcon.colcon_core.event_reactor:joined thread
[6.852s] INFO:colcon.colcon_core.shell:Creating prefix script '/home/jaime/ros2_ws/src/install/local_setup.ps1'
[6.855s] INFO:colcon.colcon_core.shell:Creating prefix util module '/home/jaime/ros2_ws/src/install/_local_setup_util_ps1.py'
[6.859s] INFO:colcon.colcon_core.shell:Creating prefix chain script '/home/jaime/ros2_ws/src/install/setup.ps1'
[6.880s] INFO:colcon.colcon_core.shell:Creating prefix script '/home/jaime/ros2_ws/src/install/local_setup.sh'
[6.884s] INFO:colcon.colcon_core.shell:Creating prefix util module '/home/jaime/ros2_ws/src/install/_local_setup_util_sh.py'
[6.890s] INFO:colcon.colcon_core.shell:Creating prefix chain script '/home/jaime/ros2_ws/src/install/setup.sh'
[6.898s] INFO:colcon.colcon_core.shell:Creating prefix script '/home/jaime/ros2_ws/src/install/local_setup.bash'
[6.902s] INFO:colcon.colcon_core.shell:Creating prefix chain script '/home/jaime/ros2_ws/src/install/setup.bash'
[6.909s] INFO:colcon.colcon_core.shell:Creating prefix script '/home/jaime/ros2_ws/src/install/local_setup.zsh'
[6.913s] INFO:colcon.colcon_core.shell:Creating prefix chain script '/home/jaime/ros2_ws/src/install/setup.zsh'
