[0.512s] DEBUG:colcon:Command line arguments: ['/usr/bin/colcon', 'build', '--symlink-install']
[0.512s] DEBUG:colcon:Parsed command line arguments: Namespace(allow_overriding=[], ament_cmake_args=None, base_paths=['.'], build_base='build', catkin_cmake_args=None, catkin_skip_building_tests=False, cmake_args=None, cmake_clean_cache=False, cmake_clean_first=False, cmake_force_configure=False, cmake_target=None, cmake_target_skip_unavailable=False, continue_on_error=False, event_handlers=None, executor='parallel', ignore_user_meta=False, install_base='install', log_base=None, log_level=None, main=<bound method BuildVerb.main of <colcon_core.verb.build.BuildVerb object at 0x7f1858595a60>>, merge_install=False, metas=['./colcon.meta'], packages_above=None, packages_above_and_dependencies=None, packages_above_depth=None, packages_end=None, packages_ignore=None, packages_ignore_regex=None, packages_select=None, packages_select_build_failed=False, packages_select_by_dep=None, packages_select_regex=None, packages_select_test_failures=False, packages_skip=None, packages_skip_build_finished=False, packages_skip_by_dep=None, packages_skip_regex=None, packages_skip_test_passed=False, packages_skip_up_to=None, packages_start=None, packages_up_to=None, packages_up_to_regex=None, parallel_workers=5, paths=None, symlink_install=True, test_result_base=None, verb_extension=<colcon_core.verb.build.BuildVerb object at 0x7f1858595a60>, verb_name='build', verb_parser=<colcon_defaults.argument_parser.defaults.DefaultArgumentsDecorator object at 0x7f18585a0040>)
[0.555s] Level 1:colcon.colcon_core.package_discovery:discover_packages(colcon_meta) check parameters
[0.556s] Level 1:colcon.colcon_core.package_discovery:discover_packages(recursive) check parameters
[0.556s] Level 1:colcon.colcon_core.package_discovery:discover_packages(ignore) check parameters
[0.556s] Level 1:colcon.colcon_core.package_discovery:discover_packages(path) check parameters
[0.556s] Level 1:colcon.colcon_core.package_discovery:discover_packages(colcon_meta) discover
[0.556s] Level 1:colcon.colcon_core.package_discovery:discover_packages(recursive) discover
[0.556s] INFO:colcon.colcon_core.package_discovery:Crawling recursively for packages in '/home/jaime/ros2_ws/src'
[0.556s] Level 1:colcon.colcon_core.package_identification:_identify(.) by extensions ['ignore', 'ignore_ament_install']
[0.556s] Level 1:colcon.colcon_core.package_identification:_identify(.) by extension 'ignore'
[0.557s] Level 1:colcon.colcon_core.package_identification:_identify(.) by extension 'ignore_ament_install'
[0.557s] Level 1:colcon.colcon_core.package_identification:_identify(.) by extensions ['colcon_pkg']
[0.557s] Level 1:colcon.colcon_core.package_identification:_identify(.) by extension 'colcon_pkg'
[0.557s] Level 1:colcon.colcon_core.package_identification:_identify(.) by extensions ['colcon_meta']
[0.557s] Level 1:colcon.colcon_core.package_identification:_identify(.) by extension 'colcon_meta'
[0.557s] Level 1:colcon.colcon_core.package_identification:_identify(.) by extensions ['ros']
[0.557s] Level 1:colcon.colcon_core.package_identification:_identify(.) by extension 'ros'
[0.623s] Level 1:colcon.colcon_core.package_identification:_identify(.) by extensions ['cmake', 'python']
[0.624s] Level 1:colcon.colcon_core.package_identification:_identify(.) by extension 'cmake'
[0.624s] Level 1:colcon.colcon_core.package_identification:_identify(.) by extension 'python'
[0.624s] Level 1:colcon.colcon_core.package_identification:_identify(.) by extensions ['python_setup_py']
[0.624s] Level 1:colcon.colcon_core.package_identification:_identify(.) by extension 'python_setup_py'
[0.624s] Level 1:colcon.colcon_core.package_identification:_identify(build) by extensions ['ignore', 'ignore_ament_install']
[0.624s] Level 1:colcon.colcon_core.package_identification:_identify(build) by extension 'ignore'
[0.624s] Level 1:colcon.colcon_core.package_identification:_identify(build) ignored
[0.625s] Level 1:colcon.colcon_core.package_identification:_identify(install) by extensions ['ignore', 'ignore_ament_install']
[0.625s] Level 1:colcon.colcon_core.package_identification:_identify(install) by extension 'ignore'
[0.625s] Level 1:colcon.colcon_core.package_identification:_identify(install) ignored
[0.625s] Level 1:colcon.colcon_core.package_identification:_identify(log) by extensions ['ignore', 'ignore_ament_install']
[0.625s] Level 1:colcon.colcon_core.package_identification:_identify(log) by extension 'ignore'
[0.625s] Level 1:colcon.colcon_core.package_identification:_identify(log) ignored
[0.625s] Level 1:colcon.colcon_core.package_identification:_identify(pkg_entrega1) by extensions ['ignore', 'ignore_ament_install']
[0.625s] Level 1:colcon.colcon_core.package_identification:_identify(pkg_entrega1) by extension 'ignore'
[0.625s] Level 1:colcon.colcon_core.package_identification:_identify(pkg_entrega1) by extension 'ignore_ament_install'
[0.626s] Level 1:colcon.colcon_core.package_identification:_identify(pkg_entrega1) by extensions ['colcon_pkg']
[0.626s] Level 1:colcon.colcon_core.package_identification:_identify(pkg_entrega1) by extension 'colcon_pkg'
[0.626s] Level 1:colcon.colcon_core.package_identification:_identify(pkg_entrega1) by extensions ['colcon_meta']
[0.626s] Level 1:colcon.colcon_core.package_identification:_identify(pkg_entrega1) by extension 'colcon_meta'
[0.626s] Level 1:colcon.colcon_core.package_identification:_identify(pkg_entrega1) by extensions ['ros']
[0.626s] Level 1:colcon.colcon_core.package_identification:_identify(pkg_entrega1) by extension 'ros'
[0.635s] DEBUG:colcon.colcon_core.package_identification:Package 'pkg_entrega1' with type 'ros.ament_python' and name 'pkg_entrega1'
[0.636s] Level 1:colcon.colcon_core.package_identification:_identify(pkg_entrega1_v2) by extensions ['ignore', 'ignore_ament_install']
[0.636s] Level 1:colcon.colcon_core.package_identification:_identify(pkg_entrega1_v2) by extension 'ignore'
[0.637s] Level 1:colcon.colcon_core.package_identification:_identify(pkg_entrega1_v2) by extension 'ignore_ament_install'
[0.637s] Level 1:colcon.colcon_core.package_identification:_identify(pkg_entrega1_v2) by extensions ['colcon_pkg']
[0.637s] Level 1:colcon.colcon_core.package_identification:_identify(pkg_entrega1_v2) by extension 'colcon_pkg'
[0.637s] Level 1:colcon.colcon_core.package_identification:_identify(pkg_entrega1_v2) by extensions ['colcon_meta']
[0.637s] Level 1:colcon.colcon_core.package_identification:_identify(pkg_entrega1_v2) by extension 'colcon_meta'
[0.637s] Level 1:colcon.colcon_core.package_identification:_identify(pkg_entrega1_v2) by extensions ['ros']
[0.637s] Level 1:colcon.colcon_core.package_identification:_identify(pkg_entrega1_v2) by extension 'ros'
[0.640s] DEBUG:colcon.colcon_core.package_identification:Package 'pkg_entrega1_v2' with type 'ros.ament_python' and name 'pkg_entrega1_v2'
[0.640s] Level 1:colcon.colcon_core.package_identification:_identify(pkg_entrega2) by extensions ['ignore', 'ignore_ament_install']
[0.640s] Level 1:colcon.colcon_core.package_identification:_identify(pkg_entrega2) by extension 'ignore'
[0.641s] Level 1:colcon.colcon_core.package_identification:_identify(pkg_entrega2) by extension 'ignore_ament_install'
[0.641s] Level 1:colcon.colcon_core.package_identification:_identify(pkg_entrega2) by extensions ['colcon_pkg']
[0.641s] Level 1:colcon.colcon_core.package_identification:_identify(pkg_entrega2) by extension 'colcon_pkg'
[0.641s] Level 1:colcon.colcon_core.package_identification:_identify(pkg_entrega2) by extensions ['colcon_meta']
[0.642s] Level 1:colcon.colcon_core.package_identification:_identify(pkg_entrega2) by extension 'colcon_meta'
[0.642s] Level 1:colcon.colcon_core.package_identification:_identify(pkg_entrega2) by extensions ['ros']
[0.642s] Level 1:colcon.colcon_core.package_identification:_identify(pkg_entrega2) by extension 'ros'
[0.645s] DEBUG:colcon.colcon_core.package_identification:Package 'pkg_entrega2' with type 'ros.ament_python' and name 'pkg_entrega2'
[0.645s] Level 1:colcon.colcon_core.package_identification:_identify(pkg_entrega2_v_quieta) by extensions ['ignore', 'ignore_ament_install']
[0.646s] Level 1:colcon.colcon_core.package_identification:_identify(pkg_entrega2_v_quieta) by extension 'ignore'
[0.646s] Level 1:colcon.colcon_core.package_identification:_identify(pkg_entrega2_v_quieta) by extension 'ignore_ament_install'
[0.646s] Level 1:colcon.colcon_core.package_identification:_identify(pkg_entrega2_v_quieta) by extensions ['colcon_pkg']
[0.646s] Level 1:colcon.colcon_core.package_identification:_identify(pkg_entrega2_v_quieta) by extension 'colcon_pkg'
[0.647s] Level 1:colcon.colcon_core.package_identification:_identify(pkg_entrega2_v_quieta) by extensions ['colcon_meta']
[0.647s] Level 1:colcon.colcon_core.package_identification:_identify(pkg_entrega2_v_quieta) by extension 'colcon_meta'
[0.647s] Level 1:colcon.colcon_core.package_identification:_identify(pkg_entrega2_v_quieta) by extensions ['ros']
[0.647s] Level 1:colcon.colcon_core.package_identification:_identify(pkg_entrega2_v_quieta) by extension 'ros'
[0.650s] DEBUG:colcon.colcon_core.package_identification:Package 'pkg_entrega2_v_quieta' with type 'ros.ament_python' and name 'pkg_entrega2_v_quieta'
[0.650s] Level 1:colcon.colcon_core.package_discovery:discover_packages(recursive) using defaults
[0.651s] Level 1:colcon.colcon_core.package_discovery:discover_packages(ignore) discover
[0.651s] Level 1:colcon.colcon_core.package_discovery:discover_packages(ignore) using defaults
[0.651s] Level 1:colcon.colcon_core.package_discovery:discover_packages(path) discover
[0.651s] Level 1:colcon.colcon_core.package_discovery:discover_packages(path) using defaults
[0.709s] Level 1:colcon.colcon_core.package_discovery:discover_packages(prefix_path) check parameters
[0.709s] Level 1:colcon.colcon_core.package_discovery:discover_packages(prefix_path) discover
[0.720s] DEBUG:colcon.colcon_installed_package_information.package_discovery:Found 15 installed packages in /home/jaime/turtlebot3_ws/install
[0.724s] DEBUG:colcon.colcon_installed_package_information.package_discovery:Found 4 installed packages in /home/jaime/ros2_ws/install
[0.729s] DEBUG:colcon.colcon_installed_package_information.package_discovery:Found 323 installed packages in /opt/ros/foxy
[0.733s] Level 1:colcon.colcon_core.package_discovery:discover_packages(prefix_path) using defaults
[0.901s] Level 5:colcon.colcon_core.verb:set package 'pkg_entrega1' build argument 'cmake_args' from command line to 'None'
[0.902s] Level 5:colcon.colcon_core.verb:set package 'pkg_entrega1' build argument 'cmake_target' from command line to 'None'
[0.902s] Level 5:colcon.colcon_core.verb:set package 'pkg_entrega1' build argument 'cmake_target_skip_unavailable' from command line to 'False'
[0.902s] Level 5:colcon.colcon_core.verb:set package 'pkg_entrega1' build argument 'cmake_clean_cache' from command line to 'False'
[0.902s] Level 5:colcon.colcon_core.verb:set package 'pkg_entrega1' build argument 'cmake_clean_first' from command line to 'False'
[0.902s] Level 5:colcon.colcon_core.verb:set package 'pkg_entrega1' build argument 'cmake_force_configure' from command line to 'False'
[0.902s] Level 5:colcon.colcon_core.verb:set package 'pkg_entrega1' build argument 'ament_cmake_args' from command line to 'None'
[0.902s] Level 5:colcon.colcon_core.verb:set package 'pkg_entrega1' build argument 'catkin_cmake_args' from command line to 'None'
[0.902s] Level 5:colcon.colcon_core.verb:set package 'pkg_entrega1' build argument 'catkin_skip_building_tests' from command line to 'False'
[0.902s] DEBUG:colcon.colcon_core.verb:Building package 'pkg_entrega1' with the following arguments: {'ament_cmake_args': None, 'build_base': '/home/jaime/ros2_ws/src/build/pkg_entrega1', 'catkin_cmake_args': None, 'catkin_skip_building_tests': False, 'cmake_args': None, 'cmake_clean_cache': False, 'cmake_clean_first': False, 'cmake_force_configure': False, 'cmake_target': None, 'cmake_target_skip_unavailable': False, 'install_base': '/home/jaime/ros2_ws/src/install/pkg_entrega1', 'merge_install': False, 'path': '/home/jaime/ros2_ws/src/pkg_entrega1', 'symlink_install': True, 'test_result_base': None}
[0.905s] Level 5:colcon.colcon_core.verb:set package 'pkg_entrega1_v2' build argument 'cmake_args' from command line to 'None'
[0.905s] Level 5:colcon.colcon_core.verb:set package 'pkg_entrega1_v2' build argument 'cmake_target' from command line to 'None'
[0.905s] Level 5:colcon.colcon_core.verb:set package 'pkg_entrega1_v2' build argument 'cmake_target_skip_unavailable' from command line to 'False'
[0.905s] Level 5:colcon.colcon_core.verb:set package 'pkg_entrega1_v2' build argument 'cmake_clean_cache' from command line to 'False'
[0.905s] Level 5:colcon.colcon_core.verb:set package 'pkg_entrega1_v2' build argument 'cmake_clean_first' from command line to 'False'
[0.905s] Level 5:colcon.colcon_core.verb:set package 'pkg_entrega1_v2' build argument 'cmake_force_configure' from command line to 'False'
[0.905s] Level 5:colcon.colcon_core.verb:set package 'pkg_entrega1_v2' build argument 'ament_cmake_args' from command line to 'None'
[0.905s] Level 5:colcon.colcon_core.verb:set package 'pkg_entrega1_v2' build argument 'catkin_cmake_args' from command line to 'None'
[0.905s] Level 5:colcon.colcon_core.verb:set package 'pkg_entrega1_v2' build argument 'catkin_skip_building_tests' from command line to 'False'
[0.906s] DEBUG:colcon.colcon_core.verb:Building package 'pkg_entrega1_v2' with the following arguments: {'ament_cmake_args': None, 'build_base': '/home/jaime/ros2_ws/src/build/pkg_entrega1_v2', 'catkin_cmake_args': None, 'catkin_skip_building_tests': False, 'cmake_args': None, 'cmake_clean_cache': False, 'cmake_clean_first': False, 'cmake_force_configure': False, 'cmake_target': None, 'cmake_target_skip_unavailable': False, 'install_base': '/home/jaime/ros2_ws/src/install/pkg_entrega1_v2', 'merge_install': False, 'path': '/home/jaime/ros2_ws/src/pkg_entrega1_v2', 'symlink_install': True, 'test_result_base': None}
[0.908s] Level 5:colcon.colcon_core.verb:set package 'pkg_entrega2' build argument 'cmake_args' from command line to 'None'
[0.908s] Level 5:colcon.colcon_core.verb:set package 'pkg_entrega2' build argument 'cmake_target' from command line to 'None'
[0.908s] Level 5:colcon.colcon_core.verb:set package 'pkg_entrega2' build argument 'cmake_target_skip_unavailable' from command line to 'False'
[0.909s] Level 5:colcon.colcon_core.verb:set package 'pkg_entrega2' build argument 'cmake_clean_cache' from command line to 'False'
[0.909s] Level 5:colcon.colcon_core.verb:set package 'pkg_entrega2' build argument 'cmake_clean_first' from command line to 'False'
[0.909s] Level 5:colcon.colcon_core.verb:set package 'pkg_entrega2' build argument 'cmake_force_configure' from command line to 'False'
[0.909s] Level 5:colcon.colcon_core.verb:set package 'pkg_entrega2' build argument 'ament_cmake_args' from command line to 'None'
[0.909s] Level 5:colcon.colcon_core.verb:set package 'pkg_entrega2' build argument 'catkin_cmake_args' from command line to 'None'
[0.910s] Level 5:colcon.colcon_core.verb:set package 'pkg_entrega2' build argument 'catkin_skip_building_tests' from command line to 'False'
[0.910s] DEBUG:colcon.colcon_core.verb:Building package 'pkg_entrega2' with the following arguments: {'ament_cmake_args': None, 'build_base': '/home/jaime/ros2_ws/src/build/pkg_entrega2', 'catkin_cmake_args': None, 'catkin_skip_building_tests': False, 'cmake_args': None, 'cmake_clean_cache': False, 'cmake_clean_first': False, 'cmake_force_configure': False, 'cmake_target': None, 'cmake_target_skip_unavailable': False, 'install_base': '/home/jaime/ros2_ws/src/install/pkg_entrega2', 'merge_install': False, 'path': '/home/jaime/ros2_ws/src/pkg_entrega2', 'symlink_install': True, 'test_result_base': None}
[0.914s] Level 5:colcon.colcon_core.verb:set package 'pkg_entrega2_v_quieta' build argument 'cmake_args' from command line to 'None'
[0.914s] Level 5:colcon.colcon_core.verb:set package 'pkg_entrega2_v_quieta' build argument 'cmake_target' from command line to 'None'
[0.914s] Level 5:colcon.colcon_core.verb:set package 'pkg_entrega2_v_quieta' build argument 'cmake_target_skip_unavailable' from command line to 'False'
[0.914s] Level 5:colcon.colcon_core.verb:set package 'pkg_entrega2_v_quieta' build argument 'cmake_clean_cache' from command line to 'False'
[0.914s] Level 5:colcon.colcon_core.verb:set package 'pkg_entrega2_v_quieta' build argument 'cmake_clean_first' from command line to 'False'
[0.914s] Level 5:colcon.colcon_core.verb:set package 'pkg_entrega2_v_quieta' build argument 'cmake_force_configure' from command line to 'False'
[0.914s] Level 5:colcon.colcon_core.verb:set package 'pkg_entrega2_v_quieta' build argument 'ament_cmake_args' from command line to 'None'
[0.914s] Level 5:colcon.colcon_core.verb:set package 'pkg_entrega2_v_quieta' build argument 'catkin_cmake_args' from command line to 'None'
[0.914s] Level 5:colcon.colcon_core.verb:set package 'pkg_entrega2_v_quieta' build argument 'catkin_skip_building_tests' from command line to 'False'
[0.914s] DEBUG:colcon.colcon_core.verb:Building package 'pkg_entrega2_v_quieta' with the following arguments: {'ament_cmake_args': None, 'build_base': '/home/jaime/ros2_ws/src/build/pkg_entrega2_v_quieta', 'catkin_cmake_args': None, 'catkin_skip_building_tests': False, 'cmake_args': None, 'cmake_clean_cache': False, 'cmake_clean_first': False, 'cmake_force_configure': False, 'cmake_target': None, 'cmake_target_skip_unavailable': False, 'install_base': '/home/jaime/ros2_ws/src/install/pkg_entrega2_v_quieta', 'merge_install': False, 'path': '/home/jaime/ros2_ws/src/pkg_entrega2_v_quieta', 'symlink_install': True, 'test_result_base': None}
[0.916s] INFO:colcon.colcon_core.executor:Executing jobs using 'parallel' executor
[0.924s] DEBUG:colcon.colcon_parallel_executor.executor.parallel:run_until_complete
[0.925s] INFO:colcon.colcon_ros.task.ament_python.build:Building ROS package in '/home/jaime/ros2_ws/src/pkg_entrega1' with build type 'ament_python'
[0.925s] Level 1:colcon.colcon_core.shell:create_environment_hook('pkg_entrega1', 'ament_prefix_path')
[0.937s] INFO:colcon.colcon_core.plugin_system:Skipping extension 'colcon_core.shell.bat': Not used on non-Windows systems
[0.938s] INFO:colcon.colcon_core.shell:Creating environment hook '/home/jaime/ros2_ws/src/install/pkg_entrega1/share/pkg_entrega1/hook/ament_prefix_path.ps1'
[0.941s] INFO:colcon.colcon_core.shell:Creating environment descriptor '/home/jaime/ros2_ws/src/install/pkg_entrega1/share/pkg_entrega1/hook/ament_prefix_path.dsv'
[0.943s] INFO:colcon.colcon_core.shell:Creating environment hook '/home/jaime/ros2_ws/src/install/pkg_entrega1/share/pkg_entrega1/hook/ament_prefix_path.sh'
[0.950s] INFO:colcon.colcon_core.shell:Skip shell extension 'powershell' for command environment: Not usable outside of PowerShell
[0.950s] DEBUG:colcon.colcon_core.shell:Skip shell extension 'dsv' for command environment
[0.973s] INFO:colcon.colcon_ros.task.ament_python.build:Building ROS package in '/home/jaime/ros2_ws/src/pkg_entrega1_v2' with build type 'ament_python'
[0.974s] Level 1:colcon.colcon_core.shell:create_environment_hook('pkg_entrega1_v2', 'ament_prefix_path')
[0.979s] INFO:colcon.colcon_core.shell:Creating environment hook '/home/jaime/ros2_ws/src/install/pkg_entrega1_v2/share/pkg_entrega1_v2/hook/ament_prefix_path.ps1'
[0.981s] INFO:colcon.colcon_core.shell:Creating environment descriptor '/home/jaime/ros2_ws/src/install/pkg_entrega1_v2/share/pkg_entrega1_v2/hook/ament_prefix_path.dsv'
[0.984s] INFO:colcon.colcon_core.shell:Creating environment hook '/home/jaime/ros2_ws/src/install/pkg_entrega1_v2/share/pkg_entrega1_v2/hook/ament_prefix_path.sh'
[0.995s] INFO:colcon.colcon_core.shell:Skip shell extension 'powershell' for command environment: Not usable outside of PowerShell
[0.995s] DEBUG:colcon.colcon_core.shell:Skip shell extension 'dsv' for command environment
[1.035s] INFO:colcon.colcon_ros.task.ament_python.build:Building ROS package in '/home/jaime/ros2_ws/src/pkg_entrega2' with build type 'ament_python'
[1.037s] Level 1:colcon.colcon_core.shell:create_environment_hook('pkg_entrega2', 'ament_prefix_path')
[1.040s] INFO:colcon.colcon_core.shell:Creating environment hook '/home/jaime/ros2_ws/src/install/pkg_entrega2/share/pkg_entrega2/hook/ament_prefix_path.ps1'
[1.042s] INFO:colcon.colcon_core.shell:Creating environment descriptor '/home/jaime/ros2_ws/src/install/pkg_entrega2/share/pkg_entrega2/hook/ament_prefix_path.dsv'
[1.050s] INFO:colcon.colcon_core.shell:Creating environment hook '/home/jaime/ros2_ws/src/install/pkg_entrega2/share/pkg_entrega2/hook/ament_prefix_path.sh'
[1.056s] INFO:colcon.colcon_core.shell:Skip shell extension 'powershell' for command environment: Not usable outside of PowerShell
[1.056s] DEBUG:colcon.colcon_core.shell:Skip shell extension 'dsv' for command environment
[1.083s] INFO:colcon.colcon_ros.task.ament_python.build:Building ROS package in '/home/jaime/ros2_ws/src/pkg_entrega2_v_quieta' with build type 'ament_python'
[1.085s] Level 1:colcon.colcon_core.shell:create_environment_hook('pkg_entrega2_v_quieta', 'ament_prefix_path')
[1.089s] INFO:colcon.colcon_core.shell:Creating environment hook '/home/jaime/ros2_ws/src/install/pkg_entrega2_v_quieta/share/pkg_entrega2_v_quieta/hook/ament_prefix_path.ps1'
[1.090s] INFO:colcon.colcon_core.shell:Creating environment descriptor '/home/jaime/ros2_ws/src/install/pkg_entrega2_v_quieta/share/pkg_entrega2_v_quieta/hook/ament_prefix_path.dsv'
[1.107s] INFO:colcon.colcon_core.shell:Creating environment hook '/home/jaime/ros2_ws/src/install/pkg_entrega2_v_quieta/share/pkg_entrega2_v_quieta/hook/ament_prefix_path.sh'
[1.114s] INFO:colcon.colcon_core.shell:Skip shell extension 'powershell' for command environment: Not usable outside of PowerShell
[1.115s] DEBUG:colcon.colcon_core.shell:Skip shell extension 'dsv' for command environment
[1.657s] INFO:colcon.colcon_core.task.python.build:Building Python package in '/home/jaime/ros2_ws/src/pkg_entrega1'
[1.662s] INFO:colcon.colcon_core.shell:Skip shell extension 'powershell' for command environment: Not usable outside of PowerShell
[1.662s] DEBUG:colcon.colcon_core.shell:Skip shell extension 'dsv' for command environment
[2.165s] INFO:colcon.colcon_core.task.python.build:Building Python package in '/home/jaime/ros2_ws/src/pkg_entrega1_v2'
[2.169s] INFO:colcon.colcon_core.shell:Skip shell extension 'powershell' for command environment: Not usable outside of PowerShell
[2.170s] DEBUG:colcon.colcon_core.shell:Skip shell extension 'dsv' for command environment
[2.687s] INFO:colcon.colcon_core.task.python.build:Building Python package in '/home/jaime/ros2_ws/src/pkg_entrega2'
[2.690s] INFO:colcon.colcon_core.shell:Skip shell extension 'powershell' for command environment: Not usable outside of PowerShell
[2.691s] DEBUG:colcon.colcon_core.shell:Skip shell extension 'dsv' for command environment
[3.161s] INFO:colcon.colcon_core.task.python.build:Building Python package in '/home/jaime/ros2_ws/src/pkg_entrega2_v_quieta'
[3.164s] INFO:colcon.colcon_core.shell:Skip shell extension 'powershell' for command environment: Not usable outside of PowerShell
[3.165s] DEBUG:colcon.colcon_core.shell:Skip shell extension 'dsv' for command environment
[4.172s] DEBUG:colcon.colcon_core.event_handler.log_command:Invoking command in '/home/jaime/ros2_ws/src/build/pkg_entrega1_v2': PYTHONPATH=/home/jaime/ros2_ws/src/build/pkg_entrega1_v2/prefix_override:/home/jaime/ros2_ws/src/install/pkg_entrega1_v2/lib/python3.8/site-packages:${PYTHONPATH} /usr/bin/python3 setup.py develop --editable --build-directory /home/jaime/ros2_ws/src/build/pkg_entrega1_v2/build --no-deps install_data
[4.417s] DEBUG:colcon.colcon_core.event_handler.log_command:Invoking command in '/home/jaime/ros2_ws/src/build/pkg_entrega2': PYTHONPATH=/home/jaime/ros2_ws/src/build/pkg_entrega2/prefix_override:/home/jaime/ros2_ws/src/install/pkg_entrega2/lib/python3.8/site-packages:${PYTHONPATH} /usr/bin/python3 setup.py develop --editable --build-directory /home/jaime/ros2_ws/src/build/pkg_entrega2/build --no-deps install_data
[4.543s] DEBUG:colcon.colcon_core.event_handler.log_command:Invoking command in '/home/jaime/ros2_ws/src/build/pkg_entrega2_v_quieta': PYTHONPATH=/home/jaime/ros2_ws/src/build/pkg_entrega2_v_quieta/prefix_override:/home/jaime/ros2_ws/src/install/pkg_entrega2_v_quieta/lib/python3.8/site-packages:${PYTHONPATH} /usr/bin/python3 setup.py develop --editable --build-directory /home/jaime/ros2_ws/src/build/pkg_entrega2_v_quieta/build --no-deps install_data
[4.610s] DEBUG:colcon.colcon_core.event_handler.log_command:Invoking command in '/home/jaime/ros2_ws/src/build/pkg_entrega1': PYTHONPATH=/home/jaime/ros2_ws/src/build/pkg_entrega1/prefix_override:/home/jaime/ros2_ws/src/install/pkg_entrega1/lib/python3.8/site-packages:${PYTHONPATH} /usr/bin/python3 setup.py develop --editable --build-directory /home/jaime/ros2_ws/src/build/pkg_entrega1/build --no-deps install_data
[5.260s] Level 1:colcon.colcon_core.shell:create_environment_hook('pkg_entrega1_v2', 'pythonpath_develop')
[5.263s] INFO:colcon.colcon_core.shell:Creating environment hook '/home/jaime/ros2_ws/src/build/pkg_entrega1_v2/share/pkg_entrega1_v2/hook/pythonpath_develop.ps1'
[5.266s] INFO:colcon.colcon_core.shell:Creating environment descriptor '/home/jaime/ros2_ws/src/build/pkg_entrega1_v2/share/pkg_entrega1_v2/hook/pythonpath_develop.dsv'
[5.267s] DEBUG:colcon.colcon_core.event_handler.log_command:Invoked command in '/home/jaime/ros2_ws/src/build/pkg_entrega1_v2' returned '0': PYTHONPATH=/home/jaime/ros2_ws/src/build/pkg_entrega1_v2/prefix_override:/home/jaime/ros2_ws/src/install/pkg_entrega1_v2/lib/python3.8/site-packages:${PYTHONPATH} /usr/bin/python3 setup.py develop --editable --build-directory /home/jaime/ros2_ws/src/build/pkg_entrega1_v2/build --no-deps install_data
[5.268s] INFO:colcon.colcon_core.shell:Creating environment hook '/home/jaime/ros2_ws/src/build/pkg_entrega1_v2/share/pkg_entrega1_v2/hook/pythonpath_develop.sh'
[5.276s] Level 1:colcon.colcon_core.environment:checking '/home/jaime/ros2_ws/src/install/pkg_entrega1_v2' for CMake module files
[5.277s] Level 1:colcon.colcon_core.environment:checking '/home/jaime/ros2_ws/src/install/pkg_entrega1_v2' for CMake config files
[5.278s] Level 1:colcon.colcon_core.environment:checking '/home/jaime/ros2_ws/src/install/pkg_entrega1_v2/lib'
[5.278s] Level 1:colcon.colcon_core.environment:checking '/home/jaime/ros2_ws/src/install/pkg_entrega1_v2/bin'
[5.278s] Level 1:colcon.colcon_core.environment:checking '/home/jaime/ros2_ws/src/install/pkg_entrega1_v2/lib/pkgconfig/pkg_entrega1_v2.pc'
[5.279s] Level 1:colcon.colcon_core.environment:checking '/home/jaime/ros2_ws/src/install/pkg_entrega1_v2/lib/python3.8/site-packages'
[5.279s] Level 1:colcon.colcon_core.shell:create_environment_hook('pkg_entrega1_v2', 'pythonpath')
[5.281s] INFO:colcon.colcon_core.shell:Creating environment hook '/home/jaime/ros2_ws/src/install/pkg_entrega1_v2/share/pkg_entrega1_v2/hook/pythonpath.ps1'
[5.282s] INFO:colcon.colcon_core.shell:Creating environment descriptor '/home/jaime/ros2_ws/src/install/pkg_entrega1_v2/share/pkg_entrega1_v2/hook/pythonpath.dsv'
[5.283s] INFO:colcon.colcon_core.shell:Creating environment hook '/home/jaime/ros2_ws/src/install/pkg_entrega1_v2/share/pkg_entrega1_v2/hook/pythonpath.sh'
[5.284s] Level 1:colcon.colcon_core.environment:checking '/home/jaime/ros2_ws/src/install/pkg_entrega1_v2/bin'
[5.284s] Level 1:colcon.colcon_core.environment:create_environment_scripts_only(pkg_entrega1_v2)
[5.286s] INFO:colcon.colcon_core.shell:Creating package script '/home/jaime/ros2_ws/src/install/pkg_entrega1_v2/share/pkg_entrega1_v2/package.ps1'
[5.311s] INFO:colcon.colcon_core.shell:Creating package descriptor '/home/jaime/ros2_ws/src/install/pkg_entrega1_v2/share/pkg_entrega1_v2/package.dsv'
[5.313s] INFO:colcon.colcon_core.shell:Creating package script '/home/jaime/ros2_ws/src/install/pkg_entrega1_v2/share/pkg_entrega1_v2/package.sh'
[5.314s] INFO:colcon.colcon_core.shell:Creating package script '/home/jaime/ros2_ws/src/install/pkg_entrega1_v2/share/pkg_entrega1_v2/package.bash'
[5.342s] INFO:colcon.colcon_core.shell:Creating package script '/home/jaime/ros2_ws/src/install/pkg_entrega1_v2/share/pkg_entrega1_v2/package.zsh'
[5.344s] Level 1:colcon.colcon_core.environment:create_file_with_runtime_dependencies(/home/jaime/ros2_ws/src/install/pkg_entrega1_v2/share/colcon-core/packages/pkg_entrega1_v2)
[5.627s] Level 1:colcon.colcon_core.shell:create_environment_hook('pkg_entrega2', 'pythonpath_develop')
[5.631s] INFO:colcon.colcon_core.shell:Creating environment hook '/home/jaime/ros2_ws/src/build/pkg_entrega2/share/pkg_entrega2/hook/pythonpath_develop.ps1'
[5.642s] DEBUG:colcon.colcon_core.event_handler.log_command:Invoked command in '/home/jaime/ros2_ws/src/build/pkg_entrega2' returned '0': PYTHONPATH=/home/jaime/ros2_ws/src/build/pkg_entrega2/prefix_override:/home/jaime/ros2_ws/src/install/pkg_entrega2/lib/python3.8/site-packages:${PYTHONPATH} /usr/bin/python3 setup.py develop --editable --build-directory /home/jaime/ros2_ws/src/build/pkg_entrega2/build --no-deps install_data
[5.648s] INFO:colcon.colcon_core.shell:Creating environment descriptor '/home/jaime/ros2_ws/src/build/pkg_entrega2/share/pkg_entrega2/hook/pythonpath_develop.dsv'
[5.650s] INFO:colcon.colcon_core.shell:Creating environment hook '/home/jaime/ros2_ws/src/build/pkg_entrega2/share/pkg_entrega2/hook/pythonpath_develop.sh'
[5.657s] Level 1:colcon.colcon_core.environment:checking '/home/jaime/ros2_ws/src/install/pkg_entrega2' for CMake module files
[5.659s] Level 1:colcon.colcon_core.environment:checking '/home/jaime/ros2_ws/src/install/pkg_entrega2' for CMake config files
[5.660s] Level 1:colcon.colcon_core.environment:checking '/home/jaime/ros2_ws/src/install/pkg_entrega2/lib'
[5.660s] Level 1:colcon.colcon_core.environment:checking '/home/jaime/ros2_ws/src/install/pkg_entrega2/bin'
[5.661s] Level 1:colcon.colcon_core.environment:checking '/home/jaime/ros2_ws/src/install/pkg_entrega2/lib/pkgconfig/pkg_entrega2.pc'
[5.662s] Level 1:colcon.colcon_core.environment:checking '/home/jaime/ros2_ws/src/install/pkg_entrega2/lib/python3.8/site-packages'
[5.662s] Level 1:colcon.colcon_core.shell:create_environment_hook('pkg_entrega2', 'pythonpath')
[5.666s] INFO:colcon.colcon_core.shell:Creating environment hook '/home/jaime/ros2_ws/src/install/pkg_entrega2/share/pkg_entrega2/hook/pythonpath.ps1'
[5.669s] INFO:colcon.colcon_core.shell:Creating environment descriptor '/home/jaime/ros2_ws/src/install/pkg_entrega2/share/pkg_entrega2/hook/pythonpath.dsv'
[5.670s] INFO:colcon.colcon_core.shell:Creating environment hook '/home/jaime/ros2_ws/src/install/pkg_entrega2/share/pkg_entrega2/hook/pythonpath.sh'
[5.675s] Level 1:colcon.colcon_core.environment:checking '/home/jaime/ros2_ws/src/install/pkg_entrega2/bin'
[5.676s] Level 1:colcon.colcon_core.environment:create_environment_scripts_only(pkg_entrega2)
[5.680s] INFO:colcon.colcon_core.shell:Creating package script '/home/jaime/ros2_ws/src/install/pkg_entrega2/share/pkg_entrega2/package.ps1'
[5.683s] INFO:colcon.colcon_core.shell:Creating package descriptor '/home/jaime/ros2_ws/src/install/pkg_entrega2/share/pkg_entrega2/package.dsv'
[5.685s] INFO:colcon.colcon_core.shell:Creating package script '/home/jaime/ros2_ws/src/install/pkg_entrega2/share/pkg_entrega2/package.sh'
[5.686s] INFO:colcon.colcon_core.shell:Creating package script '/home/jaime/ros2_ws/src/install/pkg_entrega2/share/pkg_entrega2/package.bash'
[5.689s] INFO:colcon.colcon_core.shell:Creating package script '/home/jaime/ros2_ws/src/install/pkg_entrega2/share/pkg_entrega2/package.zsh'
[5.691s] Level 1:colcon.colcon_core.environment:create_file_with_runtime_dependencies(/home/jaime/ros2_ws/src/install/pkg_entrega2/share/colcon-core/packages/pkg_entrega2)
[5.800s] Level 1:colcon.colcon_core.shell:create_environment_hook('pkg_entrega2_v_quieta', 'pythonpath_develop')
[5.805s] INFO:colcon.colcon_core.shell:Creating environment hook '/home/jaime/ros2_ws/src/build/pkg_entrega2_v_quieta/share/pkg_entrega2_v_quieta/hook/pythonpath_develop.ps1'
[5.803s] DEBUG:colcon.colcon_core.event_handler.log_command:Invoked command in '/home/jaime/ros2_ws/src/build/pkg_entrega2_v_quieta' returned '0': PYTHONPATH=/home/jaime/ros2_ws/src/build/pkg_entrega2_v_quieta/prefix_override:/home/jaime/ros2_ws/src/install/pkg_entrega2_v_quieta/lib/python3.8/site-packages:${PYTHONPATH} /usr/bin/python3 setup.py develop --editable --build-directory /home/jaime/ros2_ws/src/build/pkg_entrega2_v_quieta/build --no-deps install_data
[5.807s] INFO:colcon.colcon_core.shell:Creating environment descriptor '/home/jaime/ros2_ws/src/build/pkg_entrega2_v_quieta/share/pkg_entrega2_v_quieta/hook/pythonpath_develop.dsv'
[5.813s] INFO:colcon.colcon_core.shell:Creating environment hook '/home/jaime/ros2_ws/src/build/pkg_entrega2_v_quieta/share/pkg_entrega2_v_quieta/hook/pythonpath_develop.sh'
[5.819s] Level 1:colcon.colcon_core.environment:checking '/home/jaime/ros2_ws/src/install/pkg_entrega2_v_quieta' for CMake module files
[5.825s] Level 1:colcon.colcon_core.environment:checking '/home/jaime/ros2_ws/src/install/pkg_entrega2_v_quieta' for CMake config files
[5.826s] Level 1:colcon.colcon_core.environment:checking '/home/jaime/ros2_ws/src/install/pkg_entrega2_v_quieta/lib'
[5.826s] Level 1:colcon.colcon_core.environment:checking '/home/jaime/ros2_ws/src/install/pkg_entrega2_v_quieta/bin'
[5.827s] Level 1:colcon.colcon_core.environment:checking '/home/jaime/ros2_ws/src/install/pkg_entrega2_v_quieta/lib/pkgconfig/pkg_entrega2_v_quieta.pc'
[5.827s] Level 1:colcon.colcon_core.environment:checking '/home/jaime/ros2_ws/src/install/pkg_entrega2_v_quieta/lib/python3.8/site-packages'
[5.828s] Level 1:colcon.colcon_core.shell:create_environment_hook('pkg_entrega2_v_quieta', 'pythonpath')
[5.830s] INFO:colcon.colcon_core.shell:Creating environment hook '/home/jaime/ros2_ws/src/install/pkg_entrega2_v_quieta/share/pkg_entrega2_v_quieta/hook/pythonpath.ps1'
[5.834s] INFO:colcon.colcon_core.shell:Creating environment descriptor '/home/jaime/ros2_ws/src/install/pkg_entrega2_v_quieta/share/pkg_entrega2_v_quieta/hook/pythonpath.dsv'
[5.836s] INFO:colcon.colcon_core.shell:Creating environment hook '/home/jaime/ros2_ws/src/install/pkg_entrega2_v_quieta/share/pkg_entrega2_v_quieta/hook/pythonpath.sh'
[5.838s] Level 1:colcon.colcon_core.environment:checking '/home/jaime/ros2_ws/src/install/pkg_entrega2_v_quieta/bin'
[5.839s] Level 1:colcon.colcon_core.environment:create_environment_scripts_only(pkg_entrega2_v_quieta)
[5.843s] INFO:colcon.colcon_core.shell:Creating package script '/home/jaime/ros2_ws/src/install/pkg_entrega2_v_quieta/share/pkg_entrega2_v_quieta/package.ps1'
[5.846s] INFO:colcon.colcon_core.shell:Creating package descriptor '/home/jaime/ros2_ws/src/install/pkg_entrega2_v_quieta/share/pkg_entrega2_v_quieta/package.dsv'
[5.849s] INFO:colcon.colcon_core.shell:Creating package script '/home/jaime/ros2_ws/src/install/pkg_entrega2_v_quieta/share/pkg_entrega2_v_quieta/package.sh'
[5.851s] INFO:colcon.colcon_core.shell:Creating package script '/home/jaime/ros2_ws/src/install/pkg_entrega2_v_quieta/share/pkg_entrega2_v_quieta/package.bash'
[5.855s] INFO:colcon.colcon_core.shell:Creating package script '/home/jaime/ros2_ws/src/install/pkg_entrega2_v_quieta/share/pkg_entrega2_v_quieta/package.zsh'
[5.860s] Level 1:colcon.colcon_core.environment:create_file_with_runtime_dependencies(/home/jaime/ros2_ws/src/install/pkg_entrega2_v_quieta/share/colcon-core/packages/pkg_entrega2_v_quieta)
[5.868s] Level 1:colcon.colcon_core.shell:create_environment_hook('pkg_entrega1', 'pythonpath_develop')
[5.870s] DEBUG:colcon.colcon_core.event_handler.log_command:Invoked command in '/home/jaime/ros2_ws/src/build/pkg_entrega1' returned '0': PYTHONPATH=/home/jaime/ros2_ws/src/build/pkg_entrega1/prefix_override:/home/jaime/ros2_ws/src/install/pkg_entrega1/lib/python3.8/site-packages:${PYTHONPATH} /usr/bin/python3 setup.py develop --editable --build-directory /home/jaime/ros2_ws/src/build/pkg_entrega1/build --no-deps install_data
[5.873s] INFO:colcon.colcon_core.shell:Creating environment hook '/home/jaime/ros2_ws/src/build/pkg_entrega1/share/pkg_entrega1/hook/pythonpath_develop.ps1'
[5.878s] INFO:colcon.colcon_core.shell:Creating environment descriptor '/home/jaime/ros2_ws/src/build/pkg_entrega1/share/pkg_entrega1/hook/pythonpath_develop.dsv'
[5.880s] INFO:colcon.colcon_core.shell:Creating environment hook '/home/jaime/ros2_ws/src/build/pkg_entrega1/share/pkg_entrega1/hook/pythonpath_develop.sh'
[5.887s] Level 1:colcon.colcon_core.environment:checking '/home/jaime/ros2_ws/src/install/pkg_entrega1' for CMake module files
[5.888s] Level 1:colcon.colcon_core.environment:checking '/home/jaime/ros2_ws/src/install/pkg_entrega1' for CMake config files
[5.890s] Level 1:colcon.colcon_core.environment:checking '/home/jaime/ros2_ws/src/install/pkg_entrega1/lib'
[5.891s] Level 1:colcon.colcon_core.environment:checking '/home/jaime/ros2_ws/src/install/pkg_entrega1/bin'
[5.891s] Level 1:colcon.colcon_core.environment:checking '/home/jaime/ros2_ws/src/install/pkg_entrega1/lib/pkgconfig/pkg_entrega1.pc'
[5.892s] Level 1:colcon.colcon_core.environment:checking '/home/jaime/ros2_ws/src/install/pkg_entrega1/lib/python3.8/site-packages'
[5.893s] Level 1:colcon.colcon_core.shell:create_environment_hook('pkg_entrega1', 'pythonpath')
[5.896s] INFO:colcon.colcon_core.shell:Creating environment hook '/home/jaime/ros2_ws/src/install/pkg_entrega1/share/pkg_entrega1/hook/pythonpath.ps1'
[5.898s] INFO:colcon.colcon_core.shell:Creating environment descriptor '/home/jaime/ros2_ws/src/install/pkg_entrega1/share/pkg_entrega1/hook/pythonpath.dsv'
[5.900s] INFO:colcon.colcon_core.shell:Creating environment hook '/home/jaime/ros2_ws/src/install/pkg_entrega1/share/pkg_entrega1/hook/pythonpath.sh'
[5.903s] Level 1:colcon.colcon_core.environment:checking '/home/jaime/ros2_ws/src/install/pkg_entrega1/bin'
[5.905s] Level 1:colcon.colcon_core.environment:create_environment_scripts_only(pkg_entrega1)
[5.908s] INFO:colcon.colcon_core.shell:Creating package script '/home/jaime/ros2_ws/src/install/pkg_entrega1/share/pkg_entrega1/package.ps1'
[5.912s] INFO:colcon.colcon_core.shell:Creating package descriptor '/home/jaime/ros2_ws/src/install/pkg_entrega1/share/pkg_entrega1/package.dsv'
[5.916s] INFO:colcon.colcon_core.shell:Creating package script '/home/jaime/ros2_ws/src/install/pkg_entrega1/share/pkg_entrega1/package.sh'
[5.920s] INFO:colcon.colcon_core.shell:Creating package script '/home/jaime/ros2_ws/src/install/pkg_entrega1/share/pkg_entrega1/package.bash'
[5.922s] INFO:colcon.colcon_core.shell:Creating package script '/home/jaime/ros2_ws/src/install/pkg_entrega1/share/pkg_entrega1/package.zsh'
[5.925s] Level 1:colcon.colcon_core.environment:create_file_with_runtime_dependencies(/home/jaime/ros2_ws/src/install/pkg_entrega1/share/colcon-core/packages/pkg_entrega1)
[5.931s] DEBUG:colcon.colcon_parallel_executor.executor.parallel:closing loop
[5.932s] DEBUG:colcon.colcon_parallel_executor.executor.parallel:loop closed
[5.933s] DEBUG:colcon.colcon_parallel_executor.executor.parallel:run_until_complete finished with '0'
[5.933s] DEBUG:colcon.colcon_core.event_reactor:joining thread
[5.978s] INFO:colcon.colcon_core.plugin_system:Skipping extension 'colcon_notification.desktop_notification.terminal_notifier': Not used on non-Darwin systems
[5.979s] INFO:colcon.colcon_core.plugin_system:Skipping extension 'colcon_notification.desktop_notification.win32': Not used on non-Windows systems
[5.979s] INFO:colcon.colcon_notification.desktop_notification:Sending desktop notification using 'notify2'
[6.054s] DEBUG:colcon.colcon_core.event_reactor:joined thread
[6.057s] INFO:colcon.colcon_core.shell:Creating prefix script '/home/jaime/ros2_ws/src/install/local_setup.ps1'
[6.059s] INFO:colcon.colcon_core.shell:Creating prefix util module '/home/jaime/ros2_ws/src/install/_local_setup_util_ps1.py'
[6.067s] INFO:colcon.colcon_core.shell:Creating prefix chain script '/home/jaime/ros2_ws/src/install/setup.ps1'
[6.071s] INFO:colcon.colcon_core.shell:Creating prefix script '/home/jaime/ros2_ws/src/install/local_setup.sh'
[6.076s] INFO:colcon.colcon_core.shell:Creating prefix util module '/home/jaime/ros2_ws/src/install/_local_setup_util_sh.py'
[6.078s] INFO:colcon.colcon_core.shell:Creating prefix chain script '/home/jaime/ros2_ws/src/install/setup.sh'
[6.082s] INFO:colcon.colcon_core.shell:Creating prefix script '/home/jaime/ros2_ws/src/install/local_setup.bash'
[6.084s] INFO:colcon.colcon_core.shell:Creating prefix chain script '/home/jaime/ros2_ws/src/install/setup.bash'
[6.115s] INFO:colcon.colcon_core.shell:Creating prefix script '/home/jaime/ros2_ws/src/install/local_setup.zsh'
[6.117s] INFO:colcon.colcon_core.shell:Creating prefix chain script '/home/jaime/ros2_ws/src/install/setup.zsh'
