[0.094s] Invoking command in '/home/jaime/ros2_ws/src/build/turtlebot3_navigation2': CMAKE_PREFIX_PATH=${CMAKE_PREFIX_PATH}:/home/jaime/ros2_ws/install/pkg_entrega2_v_quieta:/home/jaime/ros2_ws/install/pkg_entrega2:/home/jaime/ros2_ws/install/pkg_entrega1_v2:/home/jaime/ros2_ws/install/pkg_entrega1:/home/jaime/ros2_ws/install/control_turtlebot:/home/jaime/ros2_ws/install/control_difuso:/home/jaime/turtlebot3_ws/install/turtlebot3_teleop:/home/jaime/turtlebot3_ws/install/turtlebot3_example:/opt/ros/foxy /usr/bin/cmake --build /home/jaime/ros2_ws/src/build/turtlebot3_navigation2 -- -j5 -l5
[0.243s] Invoked command in '/home/jaime/ros2_ws/src/build/turtlebot3_navigation2' returned '0': CMAKE_PREFIX_PATH=${CMAKE_PREFIX_PATH}:/home/jaime/ros2_ws/install/pkg_entrega2_v_quieta:/home/jaime/ros2_ws/install/pkg_entrega2:/home/jaime/ros2_ws/install/pkg_entrega1_v2:/home/jaime/ros2_ws/install/pkg_entrega1:/home/jaime/ros2_ws/install/control_turtlebot:/home/jaime/ros2_ws/install/control_difuso:/home/jaime/turtlebot3_ws/install/turtlebot3_teleop:/home/jaime/turtlebot3_ws/install/turtlebot3_example:/opt/ros/foxy /usr/bin/cmake --build /home/jaime/ros2_ws/src/build/turtlebot3_navigation2 -- -j5 -l5
[0.410s] Invoking command in '/home/jaime/ros2_ws/src/build/turtlebot3_navigation2': CMAKE_PREFIX_PATH=${CMAKE_PREFIX_PATH}:/home/jaime/ros2_ws/install/pkg_entrega2_v_quieta:/home/jaime/ros2_ws/install/pkg_entrega2:/home/jaime/ros2_ws/install/pkg_entrega1_v2:/home/jaime/ros2_ws/install/pkg_entrega1:/home/jaime/ros2_ws/install/control_turtlebot:/home/jaime/ros2_ws/install/control_difuso:/home/jaime/turtlebot3_ws/install/turtlebot3_teleop:/home/jaime/turtlebot3_ws/install/turtlebot3_example:/opt/ros/foxy /usr/bin/cmake --install /home/jaime/ros2_ws/src/build/turtlebot3_navigation2
[0.450s] -- Install configuration: ""
[0.452s] -- Execute custom install script
[0.456s] -- Up-to-date symlink: /home/jaime/ros2_ws/src/install/turtlebot3_navigation2/share/turtlebot3_navigation2/launch/navigation2.launch.py
[0.457s] -- Up-to-date symlink: /home/jaime/ros2_ws/src/install/turtlebot3_navigation2/share/turtlebot3_navigation2/map/turtlebot3_world.pgm
[0.461s] -- Up-to-date symlink: /home/jaime/ros2_ws/src/install/turtlebot3_navigation2/share/turtlebot3_navigation2/map/turtlebot3_world.yaml
[0.463s] -- Up-to-date symlink: /home/jaime/ros2_ws/src/install/turtlebot3_navigation2/share/turtlebot3_navigation2/param/burger.yaml
[0.466s] -- Up-to-date symlink: /home/jaime/ros2_ws/src/install/turtlebot3_navigation2/share/turtlebot3_navigation2/param/waffle.yaml
[0.473s] -- Up-to-date symlink: /home/jaime/ros2_ws/src/install/turtlebot3_navigation2/share/turtlebot3_navigation2/param/waffle_pi.yaml
[0.474s] -- Up-to-date symlink: /home/jaime/ros2_ws/src/install/turtlebot3_navigation2/share/turtlebot3_navigation2/rviz/tb3_navigation2.rviz
[0.474s] -- Up-to-date symlink: /home/jaime/ros2_ws/src/install/turtlebot3_navigation2/share/ament_index/resource_index/package_run_dependencies/turtlebot3_navigation2
[0.474s] -- Up-to-date symlink: /home/jaime/ros2_ws/src/install/turtlebot3_navigation2/share/ament_index/resource_index/parent_prefix_path/turtlebot3_navigation2
[0.474s] -- Up-to-date symlink: /home/jaime/ros2_ws/src/install/turtlebot3_navigation2/share/turtlebot3_navigation2/environment/ament_prefix_path.sh
[0.474s] -- Up-to-date symlink: /home/jaime/ros2_ws/src/install/turtlebot3_navigation2/share/turtlebot3_navigation2/environment/ament_prefix_path.dsv
[0.474s] -- Up-to-date symlink: /home/jaime/ros2_ws/src/install/turtlebot3_navigation2/share/turtlebot3_navigation2/environment/path.sh
[0.474s] -- Up-to-date symlink: /home/jaime/ros2_ws/src/install/turtlebot3_navigation2/share/turtlebot3_navigation2/environment/path.dsv
[0.474s] -- Up-to-date symlink: /home/jaime/ros2_ws/src/install/turtlebot3_navigation2/share/turtlebot3_navigation2/local_setup.bash
[0.475s] -- Up-to-date symlink: /home/jaime/ros2_ws/src/install/turtlebot3_navigation2/share/turtlebot3_navigation2/local_setup.sh
[0.475s] -- Up-to-date symlink: /home/jaime/ros2_ws/src/install/turtlebot3_navigation2/share/turtlebot3_navigation2/local_setup.zsh
[0.475s] -- Up-to-date symlink: /home/jaime/ros2_ws/src/install/turtlebot3_navigation2/share/turtlebot3_navigation2/local_setup.dsv
[0.475s] -- Symlinking: /home/jaime/ros2_ws/src/install/turtlebot3_navigation2/share/turtlebot3_navigation2/package.dsv
[0.569s] -- Up-to-date symlink: /home/jaime/ros2_ws/src/install/turtlebot3_navigation2/share/ament_index/resource_index/packages/turtlebot3_navigation2
[0.569s] -- Up-to-date symlink: /home/jaime/ros2_ws/src/install/turtlebot3_navigation2/share/turtlebot3_navigation2/cmake/turtlebot3_navigation2Config.cmake
[0.570s] -- Up-to-date symlink: /home/jaime/ros2_ws/src/install/turtlebot3_navigation2/share/turtlebot3_navigation2/cmake/turtlebot3_navigation2Config-version.cmake
[0.570s] -- Up-to-date symlink: /home/jaime/ros2_ws/src/install/turtlebot3_navigation2/share/turtlebot3_navigation2/package.xml
[0.570s] Invoked command in '/home/jaime/ros2_ws/src/build/turtlebot3_navigation2' returned '0': CMAKE_PREFIX_PATH=${CMAKE_PREFIX_PATH}:/home/jaime/ros2_ws/install/pkg_entrega2_v_quieta:/home/jaime/ros2_ws/install/pkg_entrega2:/home/jaime/ros2_ws/install/pkg_entrega1_v2:/home/jaime/ros2_ws/install/pkg_entrega1:/home/jaime/ros2_ws/install/control_turtlebot:/home/jaime/ros2_ws/install/control_difuso:/home/jaime/turtlebot3_ws/install/turtlebot3_teleop:/home/jaime/turtlebot3_ws/install/turtlebot3_example:/opt/ros/foxy /usr/bin/cmake --install /home/jaime/ros2_ws/src/build/turtlebot3_navigation2
