[5.603s] Invoking command in '/home/jaime/ros2_ws/src/build/control_turtlebot': PYTHONPATH=/home/jaime/ros2_ws/src/build/control_turtlebot/prefix_override:/home/jaime/ros2_ws/src/install/control_turtlebot/lib/python3.8/site-packages:${PYTHONPATH} /usr/bin/python3 setup.py develop --editable --build-directory /home/jaime/ros2_ws/src/build/control_turtlebot/build --no-deps install_data
[6.875s] running develop
[7.390s] running egg_info
[7.392s] writing control_turtlebot.egg-info/PKG-INFO
[7.403s] writing dependency_links to control_turtlebot.egg-info/dependency_links.txt
[7.404s] writing entry points to control_turtlebot.egg-info/entry_points.txt
[7.406s] writing requirements to control_turtlebot.egg-info/requires.txt
[7.416s] writing top-level names to control_turtlebot.egg-info/top_level.txt
[7.501s] reading manifest file 'control_turtlebot.egg-info/SOURCES.txt'
[7.516s] writing manifest file 'control_turtlebot.egg-info/SOURCES.txt'
[7.672s] running build_ext
[7.673s] Creating /home/jaime/ros2_ws/src/install/control_turtlebot/lib/python3.8/site-packages/control-turtlebot.egg-link (link to .)
[7.677s] Installing nodo_publicador script to /home/jaime/ros2_ws/src/install/control_turtlebot/lib/control_turtlebot
[7.691s] Installing nodo_publicador_difuso script to /home/jaime/ros2_ws/src/install/control_turtlebot/lib/control_turtlebot
[7.691s] Installing nodo_publicador_domingo script to /home/jaime/ros2_ws/src/install/control_turtlebot/lib/control_turtlebot
[7.691s] Installing nodo_publicador_profe_no_tocar script to /home/jaime/ros2_ws/src/install/control_turtlebot/lib/control_turtlebot
[7.691s] Installing nodo_publicador_viernes script to /home/jaime/ros2_ws/src/install/control_turtlebot/lib/control_turtlebot
[7.691s] 
[7.691s] Installed /home/jaime/ros2_ws/src/build/control_turtlebot
[7.692s] running install_data
[8.420s] Invoked command in '/home/jaime/ros2_ws/src/build/control_turtlebot' returned '0': PYTHONPATH=/home/jaime/ros2_ws/src/build/control_turtlebot/prefix_override:/home/jaime/ros2_ws/src/install/control_turtlebot/lib/python3.8/site-packages:${PYTHONPATH} /usr/bin/python3 setup.py develop --editable --build-directory /home/jaime/ros2_ws/src/build/control_turtlebot/build --no-deps install_data
